<?xml version="1.0" encoding="utf-8" standalone="no"?>
<test-results xmlns:xsi="http://www.w3.org/2001/XMLSchema-instance" xsi:noNamespaceSchemaLocation="nunit_schema_2.5.xsd" name="Pester" total="41" errors="0" failures="12" not-run="0" inconclusive="0" ignored="0" skipped="0" invalid="0" date="2022-02-08" time="20:18:46">
  <environment os-version="10.0.19044" user-domain="JLA-LoftHTPC" clr-version="Unknown" platform="Microsoft Windows 10 Pro|C:\WINDOWS|\Device\Harddisk0\Partition2" machine-name="JLA-LOFTHTPC" nunit-version="2.5.8.0" user="Owner" cwd="E:\Owner\Documents\Google Drive\Programs\Scripts\PowerShell\PsAdsi\tests" />
  <culture-info current-culture="en-US" current-uiculture="en-US" />
  <test-suite type="TestFixture" name="Pester" executed="True" result="Failure" success="False" time="1.9805" asserts="0" description="Pester">
    <results>
      <test-suite type="TestFixture" name="E:\Owner\Documents\Google Drive\Programs\Scripts\PowerShell\PsAdsi\tests\Manifest.tests.ps1" executed="True" result="Failure" success="False" time="0.5523" asserts="0" description="E:\Owner\Documents\Google Drive\Programs\Scripts\PowerShell\PsAdsi\tests\Manifest.tests.ps1">
        <results>
          <test-suite type="TestFixture" name="module manifest" executed="True" result="Failure" success="False" time="0" asserts="0" description="module manifest">
            <results>
              <test-suite type="TestFixture" name="module manifest.- Validation" executed="True" result="Failure" success="False" time="0" asserts="0" description="module manifest.- Validation">
                <results>
                  <test-case description="is a valid manifest" name="module manifest.- Validation.is a valid manifest" time="0" asserts="0" success="False" result="Failure" executed="True">
                    <failure>
                      <message>This test should run but it did not. Most likely a setup in some parent block failed.</message>
                      <stack-trace />
                    </failure>
                  </test-case>
                  <test-case description="has a valid name in the manifest" name="module manifest.- Validation.has a valid name in the manifest" time="0" asserts="0" success="False" result="Failure" executed="True">
                    <failure>
                      <message>This test should run but it did not. Most likely a setup in some parent block failed.</message>
                      <stack-trace />
                    </failure>
                  </test-case>
                  <test-case description="has a valid root module" name="module manifest.- Validation.has a valid root module" time="0" asserts="0" success="False" result="Failure" executed="True">
                    <failure>
                      <message>This test should run but it did not. Most likely a setup in some parent block failed.</message>
                      <stack-trace />
                    </failure>
                  </test-case>
                  <test-case description="has a valid version" name="module manifest.- Validation.has a valid version" time="0" asserts="0" success="False" result="Failure" executed="True">
                    <failure>
                      <message>This test should run but it did not. Most likely a setup in some parent block failed.</message>
                      <stack-trace />
                    </failure>
                  </test-case>
                  <test-case description="has a valid description" name="module manifest.- Validation.has a valid description" time="0" asserts="0" success="False" result="Failure" executed="True">
                    <failure>
                      <message>This test should run but it did not. Most likely a setup in some parent block failed.</message>
                      <stack-trace />
                    </failure>
                  </test-case>
                  <test-case description="has a valid author" name="module manifest.- Validation.has a valid author" time="0" asserts="0" success="False" result="Failure" executed="True">
                    <failure>
                      <message>This test should run but it did not. Most likely a setup in some parent block failed.</message>
                      <stack-trace />
                    </failure>
                  </test-case>
                  <test-case description="has a valid guid" name="module manifest.- Validation.has a valid guid" time="0" asserts="0" success="False" result="Failure" executed="True">
                    <failure>
                      <message>This test should run but it did not. Most likely a setup in some parent block failed.</message>
                      <stack-trace />
                    </failure>
                  </test-case>
                  <test-case description="has a valid copyright" name="module manifest.- Validation.has a valid copyright" time="0" asserts="0" success="False" result="Failure" executed="True">
                    <failure>
                      <message>This test should run but it did not. Most likely a setup in some parent block failed.</message>
                      <stack-trace />
                    </failure>
                  </test-case>
                </results>
              </test-suite>
            </results>
          </test-suite>
          <test-suite type="TestFixture" name="Git tagging" executed="True" result="Failure" success="False" time="0" asserts="0" description="Git tagging">
            <results>
              <test-case description="Is tagged with a valid version" name="Git tagging.Is tagged with a valid version" time="0" asserts="0" success="False" result="Failure" executed="True">
                <failure>
                  <message>This test should run but it did not. Most likely a setup in some parent block failed.</message>
                  <stack-trace />
                </failure>
              </test-case>
              <test-case description="Matches manifest version" name="Git tagging.Matches manifest version" time="0" asserts="0" success="False" result="Failure" executed="True">
                <failure>
                  <message>This test should run but it did not. Most likely a setup in some parent block failed.</message>
                  <stack-trace />
                </failure>
              </test-case>
            </results>
          </test-suite>
        </results>
      </test-suite>
      <test-suite type="TestFixture" name="E:\Owner\Documents\Google Drive\Programs\Scripts\PowerShell\PsAdsi\tests\Meta.tests.ps1" executed="True" result="Success" success="True" time="0.5812" asserts="0" description="E:\Owner\Documents\Google Drive\Programs\Scripts\PowerShell\PsAdsi\tests\Meta.tests.ps1">
        <results>
          <test-suite type="TestFixture" name="Text files formatting" executed="True" result="Success" success="True" time="0.2429" asserts="0" description="Text files formatting">
            <results>
              <test-suite type="TestFixture" name="Text files formatting.File encoding" executed="True" result="Success" success="True" time="0.2037" asserts="0" description="Text files formatting.File encoding">
                <results>
                  <test-case description="No text file uses Unicode/UTF-16 encoding" name="Text files formatting.File encoding.No text file uses Unicode/UTF-16 encoding" time="0.1759" asserts="0" success="True" result="Success" executed="True" />
                </results>
              </test-suite>
              <test-suite type="TestFixture" name="Text files formatting.Indentations" executed="True" result="Success" success="True" time="0.2254" asserts="0" description="Text files formatting.Indentations">
                <results>
                  <test-case description="No text file use tabs for indentations" name="Text files formatting.Indentations.No text file use tabs for indentations" time="0.0166" asserts="0" success="True" result="Success" executed="True" />
                </results>
              </test-suite>
            </results>
          </test-suite>
        </results>
      </test-suite>
      <test-suite type="TestFixture" name="E:\Owner\Documents\Google Drive\Programs\Scripts\PowerShell\PsAdsi\tests\Module.tests.ps1" executed="True" result="Success" success="True" time="0.5" asserts="0" description="E:\Owner\Documents\Google Drive\Programs\Scripts\PowerShell\PsAdsi\tests\Module.tests.ps1">
        <results>
          <test-suite type="TestFixture" name="'PsAdsi' Function Tests" executed="True" result="Success" success="True" time="0.3437" asserts="0" description="'PsAdsi' Function Tests">
            <results>
              <test-suite type="ParameterizedTest" name="'PsAdsi' Function Tests.Script '&lt;Script&gt;' is valid PowerShell" executed="True" result="Success" success="True" time="0.3349" asserts="0" description="Script '&lt;Script&gt;' is valid PowerShell">
                <results>
                  <test-case description="Script 'E:\Owner\Documents\Google Drive\Programs\Scripts\PowerShell\PsAdsi\dist\1.0.63\PsAdsi\functions\public\Add-DomainFqdnToLdapPath.ps1' is valid PowerShell" name="'PsAdsi' Function Tests.Script 'E:\Owner\Documents\Google Drive\Programs\Scripts\PowerShell\PsAdsi\dist\1.0.63\PsAdsi\functions\public\Add-DomainFqdnToLdapPath.ps1' is valid PowerShell" time="0.0473" asserts="0" success="True" result="Success" executed="True" />
                  <test-case description="Script 'E:\Owner\Documents\Google Drive\Programs\Scripts\PowerShell\PsAdsi\dist\1.0.63\PsAdsi\functions\public\Add-SidInfo.ps1' is valid PowerShell" name="'PsAdsi' Function Tests.Script 'E:\Owner\Documents\Google Drive\Programs\Scripts\PowerShell\PsAdsi\dist\1.0.63\PsAdsi\functions\public\Add-SidInfo.ps1' is valid PowerShell" time="0.0079" asserts="0" success="True" result="Success" executed="True" />
                  <test-case description="Script 'E:\Owner\Documents\Google Drive\Programs\Scripts\PowerShell\PsAdsi\dist\1.0.63\PsAdsi\functions\public\ConvertTo-DistinguishedName.ps1' is valid PowerShell" name="'PsAdsi' Function Tests.Script 'E:\Owner\Documents\Google Drive\Programs\Scripts\PowerShell\PsAdsi\dist\1.0.63\PsAdsi\functions\public\ConvertTo-DistinguishedName.ps1' is valid PowerShell" time="0.0159" asserts="0" success="True" result="Success" executed="True" />
                  <test-case description="Script 'E:\Owner\Documents\Google Drive\Programs\Scripts\PowerShell\PsAdsi\dist\1.0.63\PsAdsi\functions\public\ConvertTo-Fqdn.ps1' is valid PowerShell" name="'PsAdsi' Function Tests.Script 'E:\Owner\Documents\Google Drive\Programs\Scripts\PowerShell\PsAdsi\dist\1.0.63\PsAdsi\functions\public\ConvertTo-Fqdn.ps1' is valid PowerShell" time="0.0097" asserts="0" success="True" result="Success" executed="True" />
                  <test-case description="Script 'E:\Owner\Documents\Google Drive\Programs\Scripts\PowerShell\PsAdsi\dist\1.0.63\PsAdsi\functions\public\ConvertTo-HexStringRepresentation.ps1' is valid PowerShell" name="'PsAdsi' Function Tests.Script 'E:\Owner\Documents\Google Drive\Programs\Scripts\PowerShell\PsAdsi\dist\1.0.63\PsAdsi\functions\public\ConvertTo-HexStringRepresentation.ps1' is valid PowerShell" time="0.0083" asserts="0" success="True" result="Success" executed="True" />
                  <test-case description="Script 'E:\Owner\Documents\Google Drive\Programs\Scripts\PowerShell\PsAdsi\dist\1.0.63\PsAdsi\functions\public\ConvertTo-HexStringRepresentationForLDAPFilterString.ps1' is valid PowerShell" name="'PsAdsi' Function Tests.Script 'E:\Owner\Documents\Google Drive\Programs\Scripts\PowerShell\PsAdsi\dist\1.0.63\PsAdsi\functions\public\ConvertTo-HexStringRepresentationForLDAPFilterString.ps1' is valid PowerShell" time="0.0184" asserts="0" success="True" result="Success" executed="True" />
                  <test-case description="Script 'E:\Owner\Documents\Google Drive\Programs\Scripts\PowerShell\PsAdsi\dist\1.0.63\PsAdsi\functions\public\ConvertTo-SidByteArray.ps1' is valid PowerShell" name="'PsAdsi' Function Tests.Script 'E:\Owner\Documents\Google Drive\Programs\Scripts\PowerShell\PsAdsi\dist\1.0.63\PsAdsi\functions\public\ConvertTo-SidByteArray.ps1' is valid PowerShell" time="0.0278" asserts="0" success="True" result="Success" executed="True" />
                  <test-case description="Script 'E:\Owner\Documents\Google Drive\Programs\Scripts\PowerShell\PsAdsi\dist\1.0.63\PsAdsi\functions\public\Expand-AdsiGroupMember.ps1' is valid PowerShell" name="'PsAdsi' Function Tests.Script 'E:\Owner\Documents\Google Drive\Programs\Scripts\PowerShell\PsAdsi\dist\1.0.63\PsAdsi\functions\public\Expand-AdsiGroupMember.ps1' is valid PowerShell" time="0.0165" asserts="0" success="True" result="Success" executed="True" />
                  <test-case description="Script 'E:\Owner\Documents\Google Drive\Programs\Scripts\PowerShell\PsAdsi\dist\1.0.63\PsAdsi\functions\public\Expand-IdentityReference.ps1' is valid PowerShell" name="'PsAdsi' Function Tests.Script 'E:\Owner\Documents\Google Drive\Programs\Scripts\PowerShell\PsAdsi\dist\1.0.63\PsAdsi\functions\public\Expand-IdentityReference.ps1' is valid PowerShell" time="0.0168" asserts="0" success="True" result="Success" executed="True" />
                  <test-case description="Script 'E:\Owner\Documents\Google Drive\Programs\Scripts\PowerShell\PsAdsi\dist\1.0.63\PsAdsi\functions\public\Expand-WinNTGroupMember.ps1' is valid PowerShell" name="'PsAdsi' Function Tests.Script 'E:\Owner\Documents\Google Drive\Programs\Scripts\PowerShell\PsAdsi\dist\1.0.63\PsAdsi\functions\public\Expand-WinNTGroupMember.ps1' is valid PowerShell" time="0.0153" asserts="0" success="True" result="Success" executed="True" />
                  <test-case description="Script 'E:\Owner\Documents\Google Drive\Programs\Scripts\PowerShell\PsAdsi\dist\1.0.63\PsAdsi\functions\public\Find-AdsiProvider.ps1' is valid PowerShell" name="'PsAdsi' Function Tests.Script 'E:\Owner\Documents\Google Drive\Programs\Scripts\PowerShell\PsAdsi\dist\1.0.63\PsAdsi\functions\public\Find-AdsiProvider.ps1' is valid PowerShell" time="0.0073" asserts="0" success="True" result="Success" executed="True" />
                  <test-case description="Script 'E:\Owner\Documents\Google Drive\Programs\Scripts\PowerShell\PsAdsi\dist\1.0.63\PsAdsi\functions\public\Get-ADSIGroup.ps1' is valid PowerShell" name="'PsAdsi' Function Tests.Script 'E:\Owner\Documents\Google Drive\Programs\Scripts\PowerShell\PsAdsi\dist\1.0.63\PsAdsi\functions\public\Get-ADSIGroup.ps1' is valid PowerShell" time="0.0074" asserts="0" success="True" result="Success" executed="True" />
                  <test-case description="Script 'E:\Owner\Documents\Google Drive\Programs\Scripts\PowerShell\PsAdsi\dist\1.0.63\PsAdsi\functions\public\Get-ADSIGroupMember.ps1' is valid PowerShell" name="'PsAdsi' Function Tests.Script 'E:\Owner\Documents\Google Drive\Programs\Scripts\PowerShell\PsAdsi\dist\1.0.63\PsAdsi\functions\public\Get-ADSIGroupMember.ps1' is valid PowerShell" time="0.0061" asserts="0" success="True" result="Success" executed="True" />
                  <test-case description="Script 'E:\Owner\Documents\Google Drive\Programs\Scripts\PowerShell\PsAdsi\dist\1.0.63\PsAdsi\functions\public\Get-CurrentDomain.ps1' is valid PowerShell" name="'PsAdsi' Function Tests.Script 'E:\Owner\Documents\Google Drive\Programs\Scripts\PowerShell\PsAdsi\dist\1.0.63\PsAdsi\functions\public\Get-CurrentDomain.ps1' is valid PowerShell" time="0.0131" asserts="0" success="True" result="Success" executed="True" />
                  <test-case description="Script 'E:\Owner\Documents\Google Drive\Programs\Scripts\PowerShell\PsAdsi\dist\1.0.63\PsAdsi\functions\public\Get-DirectoryEntry.ps1' is valid PowerShell" name="'PsAdsi' Function Tests.Script 'E:\Owner\Documents\Google Drive\Programs\Scripts\PowerShell\PsAdsi\dist\1.0.63\PsAdsi\functions\public\Get-DirectoryEntry.ps1' is valid PowerShell" time="0.0085" asserts="0" success="True" result="Success" executed="True" />
                  <test-case description="Script 'E:\Owner\Documents\Google Drive\Programs\Scripts\PowerShell\PsAdsi\dist\1.0.63\PsAdsi\functions\public\Get-TrustedDomainSidNameMap.ps1' is valid PowerShell" name="'PsAdsi' Function Tests.Script 'E:\Owner\Documents\Google Drive\Programs\Scripts\PowerShell\PsAdsi\dist\1.0.63\PsAdsi\functions\public\Get-TrustedDomainSidNameMap.ps1' is valid PowerShell" time="0.0109" asserts="0" success="True" result="Success" executed="True" />
                  <test-case description="Script 'E:\Owner\Documents\Google Drive\Programs\Scripts\PowerShell\PsAdsi\dist\1.0.63\PsAdsi\functions\public\Get-WinNTGroupMember.ps1' is valid PowerShell" name="'PsAdsi' Function Tests.Script 'E:\Owner\Documents\Google Drive\Programs\Scripts\PowerShell\PsAdsi\dist\1.0.63\PsAdsi\functions\public\Get-WinNTGroupMember.ps1' is valid PowerShell" time="0.0397" asserts="0" success="True" result="Success" executed="True" />
                  <test-case description="Script 'E:\Owner\Documents\Google Drive\Programs\Scripts\PowerShell\PsAdsi\dist\1.0.63\PsAdsi\functions\public\Invoke-ComObject.ps1' is valid PowerShell" name="'PsAdsi' Function Tests.Script 'E:\Owner\Documents\Google Drive\Programs\Scripts\PowerShell\PsAdsi\dist\1.0.63\PsAdsi\functions\public\Invoke-ComObject.ps1' is valid PowerShell" time="0.0059" asserts="0" success="True" result="Success" executed="True" />
                  <test-case description="Script 'E:\Owner\Documents\Google Drive\Programs\Scripts\PowerShell\PsAdsi\dist\1.0.63\PsAdsi\functions\public\New-FakeDirectoryEntry.ps1' is valid PowerShell" name="'PsAdsi' Function Tests.Script 'E:\Owner\Documents\Google Drive\Programs\Scripts\PowerShell\PsAdsi\dist\1.0.63\PsAdsi\functions\public\New-FakeDirectoryEntry.ps1' is valid PowerShell" time="0.0108" asserts="0" success="True" result="Success" executed="True" />
                  <test-case description="Script 'E:\Owner\Documents\Google Drive\Programs\Scripts\PowerShell\PsAdsi\dist\1.0.63\PsAdsi\functions\public\Resolve-IdentityReference.ps1' is valid PowerShell" name="'PsAdsi' Function Tests.Script 'E:\Owner\Documents\Google Drive\Programs\Scripts\PowerShell\PsAdsi\dist\1.0.63\PsAdsi\functions\public\Resolve-IdentityReference.ps1' is valid PowerShell" time="0.0077" asserts="0" success="True" result="Success" executed="True" />
                  <test-case description="Script 'E:\Owner\Documents\Google Drive\Programs\Scripts\PowerShell\PsAdsi\dist\1.0.63\PsAdsi\functions\public\Search-Directory.ps1' is valid PowerShell" name="'PsAdsi' Function Tests.Script 'E:\Owner\Documents\Google Drive\Programs\Scripts\PowerShell\PsAdsi\dist\1.0.63\PsAdsi\functions\public\Search-Directory.ps1' is valid PowerShell" time="0.0092" asserts="0" success="True" result="Success" executed="True" />
                  <test-case description="Script 'E:\Owner\Documents\Google Drive\Programs\Scripts\PowerShell\PsAdsi\dist\1.0.63\PsAdsi\functions\public\Test-PublicFunction_511f9c72-4f82-4b90-be93-ad7576481d5b.ps1' is valid PowerShell" name="'PsAdsi' Function Tests.Script 'E:\Owner\Documents\Google Drive\Programs\Scripts\PowerShell\PsAdsi\dist\1.0.63\PsAdsi\functions\public\Test-PublicFunction_511f9c72-4f82-4b90-be93-ad7576481d5b.ps1' is valid PowerShell" time="0.0079" asserts="0" success="True" result="Success" executed="True" />
                  <test-case description="Script 'E:\Owner\Documents\Google Drive\Programs\Scripts\PowerShell\PsAdsi\dist\1.0.63\PsAdsi\PsAdsi.psd1' is valid PowerShell" name="'PsAdsi' Function Tests.Script 'E:\Owner\Documents\Google Drive\Programs\Scripts\PowerShell\PsAdsi\dist\1.0.63\PsAdsi\PsAdsi.psd1' is valid PowerShell" time="0.0066" asserts="0" success="True" result="Success" executed="True" />
                  <test-case description="Script 'E:\Owner\Documents\Google Drive\Programs\Scripts\PowerShell\PsAdsi\dist\1.0.63\PsAdsi\PsAdsi.psm1' is valid PowerShell" name="'PsAdsi' Function Tests.Script 'E:\Owner\Documents\Google Drive\Programs\Scripts\PowerShell\PsAdsi\dist\1.0.63\PsAdsi\PsAdsi.psm1' is valid PowerShell" time="0.01" asserts="0" success="True" result="Success" executed="True" />
                </results>
              </test-suite>
            </results>
          </test-suite>
          <test-suite type="TestFixture" name="module" executed="True" result="Success" success="True" time="0.392" asserts="0" description="module">
            <results>
              <test-suite type="ParameterizedTest" name="module.can be imported without any errors" executed="True" result="Success" success="True" time="0.0445" asserts="0" description="can be imported without any errors">
                <results>
                  <test-case description="can be imported without any errors" name="module.can be imported without any errors(&quot;E:\Owner\Documents\Google Drive\Programs\Scripts\PowerShell\PsAdsi\dist\1.0.63\PsAdsi\PsAdsi.psm1&quot;)" time="0.0445" asserts="0" success="True" result="Success" executed="True" />
                </results>
              </test-suite>
            </results>
          </test-suite>
        </results>
      </test-suite>
      <test-suite type="TestFixture" name="E:\Owner\Documents\Google Drive\Programs\Scripts\PowerShell\PsAdsi\tests\Project.tests.ps1" executed="True" result="Failure" success="False" time="0.087" asserts="0" description="E:\Owner\Documents\Google Drive\Programs\Scripts\PowerShell\PsAdsi\tests\Project.tests.ps1">
        <results>
          <test-suite type="TestFixture" name="change log" executed="True" result="Failure" success="False" time="0" asserts="0" description="change log">
            <results>
              <test-suite type="TestFixture" name="change log.- Version" executed="True" result="Failure" success="False" time="0" asserts="0" description="change log.- Version">
                <results>
                  <test-case description="has a valid version" name="change log.- Version.has a valid version" time="0" asserts="0" success="False" result="Failure" executed="True">
                    <failure>
                      <message>This test should run but it did not. Most likely a setup in some parent block failed.</message>
                      <stack-trace />
                    </failure>
                  </test-case>
                  <test-case description="has the same version as the manifest" name="change log.- Version.has the same version as the manifest" time="0" asserts="0" success="False" result="Failure" executed="True">
                    <failure>
                      <message>This test should run but it did not. Most likely a setup in some parent block failed.</message>
                      <stack-trace />
                    </failure>
                  </test-case>
                </results>
              </test-suite>
            </results>
          </test-suite>
        </results>
      </test-suite>
      <test-suite type="TestFixture" name="E:\Owner\Documents\Google Drive\Programs\Scripts\PowerShell\PsAdsi\tests\functions\public\Test-PublicFunction_511f9c72-4f82-4b90-be93-ad7576481d5b.tests.ps1" executed="True" result="Success" success="True" time="0.1491" asserts="0" description="E:\Owner\Documents\Google Drive\Programs\Scripts\PowerShell\PsAdsi\tests\functions\public\Test-PublicFunction_511f9c72-4f82-4b90-be93-ad7576481d5b.tests.ps1">
        <results>
          <test-suite type="TestFixture" name="'Test-PublicFunction_511f9c72-4f82-4b90-be93-ad7576481d5b.ps1' Function Tests" executed="True" result="Success" success="True" time="0.056" asserts="0" description="'Test-PublicFunction_511f9c72-4f82-4b90-be93-ad7576481d5b.ps1' Function Tests">
            <results>
              <test-suite type="ParameterizedTest" name="'Test-PublicFunction_511f9c72-4f82-4b90-be93-ad7576481d5b.ps1' Function Tests.Script file 'Test-PublicFunction_511f9c72-4f82-4b90-be93-ad7576481d5b.ps1' can be run without any errors" executed="True" result="Success" success="True" time="0.0317" asserts="0" description="Script file 'Test-PublicFunction_511f9c72-4f82-4b90-be93-ad7576481d5b.ps1' can be run without any errors">
                <results>
                  <test-case description="Script file 'Test-PublicFunction_511f9c72-4f82-4b90-be93-ad7576481d5b.ps1' can be run without any errors" name="'Test-PublicFunction_511f9c72-4f82-4b90-be93-ad7576481d5b.ps1' Function Tests.Script file 'Test-PublicFunction_511f9c72-4f82-4b90-be93-ad7576481d5b.ps1' can be run without any errors(&quot;E:\Owner\Documents\Google Drive\Programs\Scripts\PowerShell\PsAdsi\src\functions\public\Test-PublicFunction_511f9c72-4f82-4b90-be93-ad7576481d5b.ps1&quot;)" time="0.0317" asserts="0" success="True" result="Success" executed="True" />
                </results>
              </test-suite>
              <test-suite type="ParameterizedTest" name="'Test-PublicFunction_511f9c72-4f82-4b90-be93-ad7576481d5b.ps1' Function Tests.Script '&lt;Script&gt;' is valid PowerShell" executed="True" result="Success" success="True" time="0.0194" asserts="0" description="Script '&lt;Script&gt;' is valid PowerShell">
                <results>
                  <test-case description="Script 'E:\Owner\Documents\Google Drive\Programs\Scripts\PowerShell\PsAdsi\src\functions\public\Test-PublicFunction_511f9c72-4f82-4b90-be93-ad7576481d5b.ps1' is valid PowerShell" name="'Test-PublicFunction_511f9c72-4f82-4b90-be93-ad7576481d5b.ps1' Function Tests.Script 'E:\Owner\Documents\Google Drive\Programs\Scripts\PowerShell\PsAdsi\src\functions\public\Test-PublicFunction_511f9c72-4f82-4b90-be93-ad7576481d5b.ps1' is valid PowerShell" time="0.0194" asserts="0" success="True" result="Success" executed="True" />
                </results>
              </test-suite>
            </results>
          </test-suite>
        </results>
      </test-suite>
    </results>
  </test-suite>
</test-results>