<?xml version="1.0" encoding="utf-8" standalone="no"?>
<test-results xmlns:xsi="http://www.w3.org/2001/XMLSchema-instance" xsi:noNamespaceSchemaLocation="nunit_schema_2.5.xsd" name="Pester" total="1121" errors="0" failures="126" not-run="0" inconclusive="0" ignored="0" skipped="2" invalid="0" date="2024-10-14" time="00:09:04">
  <environment machine-name="JLA-LOFTHTPC" user-domain="JLA-LoftHTPC" platform="Microsoft Windows 10 Pro|C:\WINDOWS|\Device\Harddisk0\Partition2" cwd="E:\Owner\Documents\Google Drive\Programs\Scripts\PowerShell\Adsi\tests" nunit-version="2.5.8.0" clr-version="8.0.4" user="Owner" os-version="10.0.19044" />
  <culture-info current-culture="en-US" current-uiculture="en-US" />
  <test-suite type="TestFixture" name="Pester" executed="True" result="Failure" success="False" time="16.6601" asserts="0" description="Pester">
    <results>
      <test-suite type="TestFixture" name="E:\Owner\Documents\Google Drive\Programs\Scripts\PowerShell\Adsi\tests\Function.tests.ps1" executed="True" result="Success" success="True" time="1.6622" asserts="0" description="E:\Owner\Documents\Google Drive\Programs\Scripts\PowerShell\Adsi\tests\Function.tests.ps1">
        <results>
          <test-suite type="TestFixture" name="function 'ConvertFrom-AppCapabilitySID.ps1'" executed="True" result="Success" success="True" time="0.0301" asserts="0" description="function 'ConvertFrom-AppCapabilitySID.ps1'">
            <results>
              <test-suite type="ParameterizedTest" name="function 'ConvertFrom-AppCapabilitySID.ps1'.can be tokenized by the PowerShell parser without any errors" executed="True" result="Success" success="True" time="0.0149" asserts="0" description="can be tokenized by the PowerShell parser without any errors">
                <results>
                  <test-case description="can be tokenized by the PowerShell parser without any errors" name="function 'ConvertFrom-AppCapabilitySID.ps1'.can be tokenized by the PowerShell parser without any errors(&quot;E:\Owner\Documents\Google Drive\Programs\Scripts\PowerShell\Adsi\src\functions\private\ConvertFrom-AppCapabilitySID.ps1&quot;)" time="0.0149" asserts="0" success="True" result="Success" executed="True" />
                </results>
              </test-suite>
              <test-suite type="ParameterizedTest" name="function 'ConvertFrom-AppCapabilitySID.ps1'.runs without throwing errors" executed="True" result="Success" success="True" time="0.0082" asserts="0" description="runs without throwing errors">
                <results>
                  <test-case description="runs without throwing errors" name="function 'ConvertFrom-AppCapabilitySID.ps1'.runs without throwing errors(&quot;E:\Owner\Documents\Google Drive\Programs\Scripts\PowerShell\Adsi\src\functions\private\ConvertFrom-AppCapabilitySID.ps1&quot;)" time="0.0082" asserts="0" success="True" result="Success" executed="True" />
                </results>
              </test-suite>
            </results>
          </test-suite>
          <test-suite type="TestFixture" name="function 'ConvertFrom-ScShowSidResult.ps1'" executed="True" result="Success" success="True" time="0.0534" asserts="0" description="function 'ConvertFrom-ScShowSidResult.ps1'">
            <results>
              <test-suite type="ParameterizedTest" name="function 'ConvertFrom-ScShowSidResult.ps1'.can be tokenized by the PowerShell parser without any errors" executed="True" result="Success" success="True" time="0.0078" asserts="0" description="can be tokenized by the PowerShell parser without any errors">
                <results>
                  <test-case description="can be tokenized by the PowerShell parser without any errors" name="function 'ConvertFrom-ScShowSidResult.ps1'.can be tokenized by the PowerShell parser without any errors(&quot;E:\Owner\Documents\Google Drive\Programs\Scripts\PowerShell\Adsi\src\functions\private\ConvertFrom-ScShowSidResult.ps1&quot;)" time="0.0078" asserts="0" success="True" result="Success" executed="True" />
                </results>
              </test-suite>
              <test-suite type="ParameterizedTest" name="function 'ConvertFrom-ScShowSidResult.ps1'.runs without throwing errors" executed="True" result="Success" success="True" time="0.0094" asserts="0" description="runs without throwing errors">
                <results>
                  <test-case description="runs without throwing errors" name="function 'ConvertFrom-ScShowSidResult.ps1'.runs without throwing errors(&quot;E:\Owner\Documents\Google Drive\Programs\Scripts\PowerShell\Adsi\src\functions\private\ConvertFrom-ScShowSidResult.ps1&quot;)" time="0.0094" asserts="0" success="True" result="Success" executed="True" />
                </results>
              </test-suite>
            </results>
          </test-suite>
          <test-suite type="TestFixture" name="function 'ConvertTo-AccountCache.ps1'" executed="True" result="Success" success="True" time="0.0808" asserts="0" description="function 'ConvertTo-AccountCache.ps1'">
            <results>
              <test-suite type="ParameterizedTest" name="function 'ConvertTo-AccountCache.ps1'.can be tokenized by the PowerShell parser without any errors" executed="True" result="Success" success="True" time="0.0081" asserts="0" description="can be tokenized by the PowerShell parser without any errors">
                <results>
                  <test-case description="can be tokenized by the PowerShell parser without any errors" name="function 'ConvertTo-AccountCache.ps1'.can be tokenized by the PowerShell parser without any errors(&quot;E:\Owner\Documents\Google Drive\Programs\Scripts\PowerShell\Adsi\src\functions\private\ConvertTo-AccountCache.ps1&quot;)" time="0.0081" asserts="0" success="True" result="Success" executed="True" />
                </results>
              </test-suite>
              <test-suite type="ParameterizedTest" name="function 'ConvertTo-AccountCache.ps1'.runs without throwing errors" executed="True" result="Success" success="True" time="0.0073" asserts="0" description="runs without throwing errors">
                <results>
                  <test-case description="runs without throwing errors" name="function 'ConvertTo-AccountCache.ps1'.runs without throwing errors(&quot;E:\Owner\Documents\Google Drive\Programs\Scripts\PowerShell\Adsi\src\functions\private\ConvertTo-AccountCache.ps1&quot;)" time="0.0073" asserts="0" success="True" result="Success" executed="True" />
                </results>
              </test-suite>
            </results>
          </test-suite>
          <test-suite type="TestFixture" name="function 'ConvertTo-ServiceSID.ps1'" executed="True" result="Success" success="True" time="0.1062" asserts="0" description="function 'ConvertTo-ServiceSID.ps1'">
            <results>
              <test-suite type="ParameterizedTest" name="function 'ConvertTo-ServiceSID.ps1'.can be tokenized by the PowerShell parser without any errors" executed="True" result="Success" success="True" time="0.0086" asserts="0" description="can be tokenized by the PowerShell parser without any errors">
                <results>
                  <test-case description="can be tokenized by the PowerShell parser without any errors" name="function 'ConvertTo-ServiceSID.ps1'.can be tokenized by the PowerShell parser without any errors(&quot;E:\Owner\Documents\Google Drive\Programs\Scripts\PowerShell\Adsi\src\functions\private\ConvertTo-ServiceSID.ps1&quot;)" time="0.0086" asserts="0" success="True" result="Success" executed="True" />
                </results>
              </test-suite>
              <test-suite type="ParameterizedTest" name="function 'ConvertTo-ServiceSID.ps1'.runs without throwing errors" executed="True" result="Success" success="True" time="0.0091" asserts="0" description="runs without throwing errors">
                <results>
                  <test-case description="runs without throwing errors" name="function 'ConvertTo-ServiceSID.ps1'.runs without throwing errors(&quot;E:\Owner\Documents\Google Drive\Programs\Scripts\PowerShell\Adsi\src\functions\private\ConvertTo-ServiceSID.ps1&quot;)" time="0.0091" asserts="0" success="True" result="Success" executed="True" />
                </results>
              </test-suite>
            </results>
          </test-suite>
          <test-suite type="TestFixture" name="function 'ConvertTo-SidString.ps1'" executed="True" result="Success" success="True" time="0.1404" asserts="0" description="function 'ConvertTo-SidString.ps1'">
            <results>
              <test-suite type="ParameterizedTest" name="function 'ConvertTo-SidString.ps1'.can be tokenized by the PowerShell parser without any errors" executed="True" result="Success" success="True" time="0.0107" asserts="0" description="can be tokenized by the PowerShell parser without any errors">
                <results>
                  <test-case description="can be tokenized by the PowerShell parser without any errors" name="function 'ConvertTo-SidString.ps1'.can be tokenized by the PowerShell parser without any errors(&quot;E:\Owner\Documents\Google Drive\Programs\Scripts\PowerShell\Adsi\src\functions\private\ConvertTo-SidString.ps1&quot;)" time="0.0107" asserts="0" success="True" result="Success" executed="True" />
                </results>
              </test-suite>
              <test-suite type="ParameterizedTest" name="function 'ConvertTo-SidString.ps1'.runs without throwing errors" executed="True" result="Success" success="True" time="0.0163" asserts="0" description="runs without throwing errors">
                <results>
                  <test-case description="runs without throwing errors" name="function 'ConvertTo-SidString.ps1'.runs without throwing errors(&quot;E:\Owner\Documents\Google Drive\Programs\Scripts\PowerShell\Adsi\src\functions\private\ConvertTo-SidString.ps1&quot;)" time="0.0163" asserts="0" success="True" result="Success" executed="True" />
                </results>
              </test-suite>
            </results>
          </test-suite>
          <test-suite type="TestFixture" name="function 'Find-CachedWellKnownSid.ps1'" executed="True" result="Success" success="True" time="0.1653" asserts="0" description="function 'Find-CachedWellKnownSid.ps1'">
            <results>
              <test-suite type="ParameterizedTest" name="function 'Find-CachedWellKnownSid.ps1'.can be tokenized by the PowerShell parser without any errors" executed="True" result="Success" success="True" time="0.0094" asserts="0" description="can be tokenized by the PowerShell parser without any errors">
                <results>
                  <test-case description="can be tokenized by the PowerShell parser without any errors" name="function 'Find-CachedWellKnownSid.ps1'.can be tokenized by the PowerShell parser without any errors(&quot;E:\Owner\Documents\Google Drive\Programs\Scripts\PowerShell\Adsi\src\functions\private\Find-CachedWellKnownSid.ps1&quot;)" time="0.0094" asserts="0" success="True" result="Success" executed="True" />
                </results>
              </test-suite>
              <test-suite type="ParameterizedTest" name="function 'Find-CachedWellKnownSid.ps1'.runs without throwing errors" executed="True" result="Success" success="True" time="0.0078" asserts="0" description="runs without throwing errors">
                <results>
                  <test-case description="runs without throwing errors" name="function 'Find-CachedWellKnownSid.ps1'.runs without throwing errors(&quot;E:\Owner\Documents\Google Drive\Programs\Scripts\PowerShell\Adsi\src\functions\private\Find-CachedWellKnownSid.ps1&quot;)" time="0.0078" asserts="0" success="True" result="Success" executed="True" />
                </results>
              </test-suite>
            </results>
          </test-suite>
          <test-suite type="TestFixture" name="function 'Find-WinNTGroupMember.ps1'" executed="True" result="Success" success="True" time="0.1939" asserts="0" description="function 'Find-WinNTGroupMember.ps1'">
            <results>
              <test-suite type="ParameterizedTest" name="function 'Find-WinNTGroupMember.ps1'.can be tokenized by the PowerShell parser without any errors" executed="True" result="Success" success="True" time="0.0157" asserts="0" description="can be tokenized by the PowerShell parser without any errors">
                <results>
                  <test-case description="can be tokenized by the PowerShell parser without any errors" name="function 'Find-WinNTGroupMember.ps1'.can be tokenized by the PowerShell parser without any errors(&quot;E:\Owner\Documents\Google Drive\Programs\Scripts\PowerShell\Adsi\src\functions\private\Find-WinNTGroupMember.ps1&quot;)" time="0.0157" asserts="0" success="True" result="Success" executed="True" />
                </results>
              </test-suite>
              <test-suite type="ParameterizedTest" name="function 'Find-WinNTGroupMember.ps1'.runs without throwing errors" executed="True" result="Success" success="True" time="0.0058" asserts="0" description="runs without throwing errors">
                <results>
                  <test-case description="runs without throwing errors" name="function 'Find-WinNTGroupMember.ps1'.runs without throwing errors(&quot;E:\Owner\Documents\Google Drive\Programs\Scripts\PowerShell\Adsi\src\functions\private\Find-WinNTGroupMember.ps1&quot;)" time="0.0058" asserts="0" success="True" result="Success" executed="True" />
                </results>
              </test-suite>
            </results>
          </test-suite>
          <test-suite type="TestFixture" name="function 'Get-CachedDirectoryEntry.ps1'" executed="True" result="Success" success="True" time="0.2192" asserts="0" description="function 'Get-CachedDirectoryEntry.ps1'">
            <results>
              <test-suite type="ParameterizedTest" name="function 'Get-CachedDirectoryEntry.ps1'.can be tokenized by the PowerShell parser without any errors" executed="True" result="Success" success="True" time="0.0092" asserts="0" description="can be tokenized by the PowerShell parser without any errors">
                <results>
                  <test-case description="can be tokenized by the PowerShell parser without any errors" name="function 'Get-CachedDirectoryEntry.ps1'.can be tokenized by the PowerShell parser without any errors(&quot;E:\Owner\Documents\Google Drive\Programs\Scripts\PowerShell\Adsi\src\functions\private\Get-CachedDirectoryEntry.ps1&quot;)" time="0.0092" asserts="0" success="True" result="Success" executed="True" />
                </results>
              </test-suite>
              <test-suite type="ParameterizedTest" name="function 'Get-CachedDirectoryEntry.ps1'.runs without throwing errors" executed="True" result="Success" success="True" time="0.0091" asserts="0" description="runs without throwing errors">
                <results>
                  <test-case description="runs without throwing errors" name="function 'Get-CachedDirectoryEntry.ps1'.runs without throwing errors(&quot;E:\Owner\Documents\Google Drive\Programs\Scripts\PowerShell\Adsi\src\functions\private\Get-CachedDirectoryEntry.ps1&quot;)" time="0.0091" asserts="0" success="True" result="Success" executed="True" />
                </results>
              </test-suite>
            </results>
          </test-suite>
          <test-suite type="TestFixture" name="function 'Get-DirectoryEntryParentName.ps1'" executed="True" result="Success" success="True" time="0.2458" asserts="0" description="function 'Get-DirectoryEntryParentName.ps1'">
            <results>
              <test-suite type="ParameterizedTest" name="function 'Get-DirectoryEntryParentName.ps1'.can be tokenized by the PowerShell parser without any errors" executed="True" result="Success" success="True" time="0.0087" asserts="0" description="can be tokenized by the PowerShell parser without any errors">
                <results>
                  <test-case description="can be tokenized by the PowerShell parser without any errors" name="function 'Get-DirectoryEntryParentName.ps1'.can be tokenized by the PowerShell parser without any errors(&quot;E:\Owner\Documents\Google Drive\Programs\Scripts\PowerShell\Adsi\src\functions\private\Get-DirectoryEntryParentName.ps1&quot;)" time="0.0087" asserts="0" success="True" result="Success" executed="True" />
                </results>
              </test-suite>
              <test-suite type="ParameterizedTest" name="function 'Get-DirectoryEntryParentName.ps1'.runs without throwing errors" executed="True" result="Success" success="True" time="0.011" asserts="0" description="runs without throwing errors">
                <results>
                  <test-case description="runs without throwing errors" name="function 'Get-DirectoryEntryParentName.ps1'.runs without throwing errors(&quot;E:\Owner\Documents\Google Drive\Programs\Scripts\PowerShell\Adsi\src\functions\private\Get-DirectoryEntryParentName.ps1&quot;)" time="0.011" asserts="0" success="True" result="Success" executed="True" />
                </results>
              </test-suite>
            </results>
          </test-suite>
          <test-suite type="TestFixture" name="function 'Get-SidTypeMap.ps1'" executed="True" result="Success" success="True" time="0.2675" asserts="0" description="function 'Get-SidTypeMap.ps1'">
            <results>
              <test-suite type="ParameterizedTest" name="function 'Get-SidTypeMap.ps1'.can be tokenized by the PowerShell parser without any errors" executed="True" result="Success" success="True" time="0.0066" asserts="0" description="can be tokenized by the PowerShell parser without any errors">
                <results>
                  <test-case description="can be tokenized by the PowerShell parser without any errors" name="function 'Get-SidTypeMap.ps1'.can be tokenized by the PowerShell parser without any errors(&quot;E:\Owner\Documents\Google Drive\Programs\Scripts\PowerShell\Adsi\src\functions\private\Get-SidTypeMap.ps1&quot;)" time="0.0066" asserts="0" success="True" result="Success" executed="True" />
                </results>
              </test-suite>
              <test-suite type="ParameterizedTest" name="function 'Get-SidTypeMap.ps1'.runs without throwing errors" executed="True" result="Success" success="True" time="0.0063" asserts="0" description="runs without throwing errors">
                <results>
                  <test-case description="runs without throwing errors" name="function 'Get-SidTypeMap.ps1'.runs without throwing errors(&quot;E:\Owner\Documents\Google Drive\Programs\Scripts\PowerShell\Adsi\src\functions\private\Get-SidTypeMap.ps1&quot;)" time="0.0063" asserts="0" success="True" result="Success" executed="True" />
                </results>
              </test-suite>
            </results>
          </test-suite>
          <test-suite type="TestFixture" name="function 'Invoke-IADsGroupMembersMethod.ps1'" executed="True" result="Success" success="True" time="0.2965" asserts="0" description="function 'Invoke-IADsGroupMembersMethod.ps1'">
            <results>
              <test-suite type="ParameterizedTest" name="function 'Invoke-IADsGroupMembersMethod.ps1'.can be tokenized by the PowerShell parser without any errors" executed="True" result="Success" success="True" time="0.014" asserts="0" description="can be tokenized by the PowerShell parser without any errors">
                <results>
                  <test-case description="can be tokenized by the PowerShell parser without any errors" name="function 'Invoke-IADsGroupMembersMethod.ps1'.can be tokenized by the PowerShell parser without any errors(&quot;E:\Owner\Documents\Google Drive\Programs\Scripts\PowerShell\Adsi\src\functions\private\Invoke-IADsGroupMembersMethod.ps1&quot;)" time="0.014" asserts="0" success="True" result="Success" executed="True" />
                </results>
              </test-suite>
              <test-suite type="ParameterizedTest" name="function 'Invoke-IADsGroupMembersMethod.ps1'.runs without throwing errors" executed="True" result="Success" success="True" time="0.0066" asserts="0" description="runs without throwing errors">
                <results>
                  <test-case description="runs without throwing errors" name="function 'Invoke-IADsGroupMembersMethod.ps1'.runs without throwing errors(&quot;E:\Owner\Documents\Google Drive\Programs\Scripts\PowerShell\Adsi\src\functions\private\Invoke-IADsGroupMembersMethod.ps1&quot;)" time="0.0066" asserts="0" success="True" result="Success" executed="True" />
                </results>
              </test-suite>
            </results>
          </test-suite>
          <test-suite type="TestFixture" name="function 'Invoke-ScShowSid.ps1'" executed="True" result="Success" success="True" time="0.3176" asserts="0" description="function 'Invoke-ScShowSid.ps1'">
            <results>
              <test-suite type="ParameterizedTest" name="function 'Invoke-ScShowSid.ps1'.can be tokenized by the PowerShell parser without any errors" executed="True" result="Success" success="True" time="0.0073" asserts="0" description="can be tokenized by the PowerShell parser without any errors">
                <results>
                  <test-case description="can be tokenized by the PowerShell parser without any errors" name="function 'Invoke-ScShowSid.ps1'.can be tokenized by the PowerShell parser without any errors(&quot;E:\Owner\Documents\Google Drive\Programs\Scripts\PowerShell\Adsi\src\functions\private\Invoke-ScShowSid.ps1&quot;)" time="0.0073" asserts="0" success="True" result="Success" executed="True" />
                </results>
              </test-suite>
              <test-suite type="ParameterizedTest" name="function 'Invoke-ScShowSid.ps1'.runs without throwing errors" executed="True" result="Success" success="True" time="0.0074" asserts="0" description="runs without throwing errors">
                <results>
                  <test-case description="runs without throwing errors" name="function 'Invoke-ScShowSid.ps1'.runs without throwing errors(&quot;E:\Owner\Documents\Google Drive\Programs\Scripts\PowerShell\Adsi\src\functions\private\Invoke-ScShowSid.ps1&quot;)" time="0.0074" asserts="0" success="True" result="Success" executed="True" />
                </results>
              </test-suite>
            </results>
          </test-suite>
          <test-suite type="TestFixture" name="function 'Resolve-IdRefAppPkgAuth.ps1'" executed="True" result="Success" success="True" time="0.3672" asserts="0" description="function 'Resolve-IdRefAppPkgAuth.ps1'">
            <results>
              <test-suite type="ParameterizedTest" name="function 'Resolve-IdRefAppPkgAuth.ps1'.can be tokenized by the PowerShell parser without any errors" executed="True" result="Success" success="True" time="0.0133" asserts="0" description="can be tokenized by the PowerShell parser without any errors">
                <results>
                  <test-case description="can be tokenized by the PowerShell parser without any errors" name="function 'Resolve-IdRefAppPkgAuth.ps1'.can be tokenized by the PowerShell parser without any errors(&quot;E:\Owner\Documents\Google Drive\Programs\Scripts\PowerShell\Adsi\src\functions\private\Resolve-IdRefAppPkgAuth.ps1&quot;)" time="0.0133" asserts="0" success="True" result="Success" executed="True" />
                </results>
              </test-suite>
              <test-suite type="ParameterizedTest" name="function 'Resolve-IdRefAppPkgAuth.ps1'.runs without throwing errors" executed="True" result="Success" success="True" time="0.0285" asserts="0" description="runs without throwing errors">
                <results>
                  <test-case description="runs without throwing errors" name="function 'Resolve-IdRefAppPkgAuth.ps1'.runs without throwing errors(&quot;E:\Owner\Documents\Google Drive\Programs\Scripts\PowerShell\Adsi\src\functions\private\Resolve-IdRefAppPkgAuth.ps1&quot;)" time="0.0285" asserts="0" success="True" result="Success" executed="True" />
                </results>
              </test-suite>
            </results>
          </test-suite>
          <test-suite type="TestFixture" name="function 'Resolve-IdRefBuiltIn.ps1'" executed="True" result="Success" success="True" time="0.3882" asserts="0" description="function 'Resolve-IdRefBuiltIn.ps1'">
            <results>
              <test-suite type="ParameterizedTest" name="function 'Resolve-IdRefBuiltIn.ps1'.can be tokenized by the PowerShell parser without any errors" executed="True" result="Success" success="True" time="0.005" asserts="0" description="can be tokenized by the PowerShell parser without any errors">
                <results>
                  <test-case description="can be tokenized by the PowerShell parser without any errors" name="function 'Resolve-IdRefBuiltIn.ps1'.can be tokenized by the PowerShell parser without any errors(&quot;E:\Owner\Documents\Google Drive\Programs\Scripts\PowerShell\Adsi\src\functions\private\Resolve-IdRefBuiltIn.ps1&quot;)" time="0.005" asserts="0" success="True" result="Success" executed="True" />
                </results>
              </test-suite>
              <test-suite type="ParameterizedTest" name="function 'Resolve-IdRefBuiltIn.ps1'.runs without throwing errors" executed="True" result="Success" success="True" time="0.011" asserts="0" description="runs without throwing errors">
                <results>
                  <test-case description="runs without throwing errors" name="function 'Resolve-IdRefBuiltIn.ps1'.runs without throwing errors(&quot;E:\Owner\Documents\Google Drive\Programs\Scripts\PowerShell\Adsi\src\functions\private\Resolve-IdRefBuiltIn.ps1&quot;)" time="0.011" asserts="0" success="True" result="Success" executed="True" />
                </results>
              </test-suite>
            </results>
          </test-suite>
          <test-suite type="TestFixture" name="function 'Resolve-IdRefCached.ps1'" executed="True" result="Success" success="True" time="0.4064" asserts="0" description="function 'Resolve-IdRefCached.ps1'">
            <results>
              <test-suite type="ParameterizedTest" name="function 'Resolve-IdRefCached.ps1'.can be tokenized by the PowerShell parser without any errors" executed="True" result="Success" success="True" time="0.0077" asserts="0" description="can be tokenized by the PowerShell parser without any errors">
                <results>
                  <test-case description="can be tokenized by the PowerShell parser without any errors" name="function 'Resolve-IdRefCached.ps1'.can be tokenized by the PowerShell parser without any errors(&quot;E:\Owner\Documents\Google Drive\Programs\Scripts\PowerShell\Adsi\src\functions\private\Resolve-IdRefCached.ps1&quot;)" time="0.0077" asserts="0" success="True" result="Success" executed="True" />
                </results>
              </test-suite>
              <test-suite type="ParameterizedTest" name="function 'Resolve-IdRefCached.ps1'.runs without throwing errors" executed="True" result="Success" success="True" time="0.0055" asserts="0" description="runs without throwing errors">
                <results>
                  <test-case description="runs without throwing errors" name="function 'Resolve-IdRefCached.ps1'.runs without throwing errors(&quot;E:\Owner\Documents\Google Drive\Programs\Scripts\PowerShell\Adsi\src\functions\private\Resolve-IdRefCached.ps1&quot;)" time="0.0055" asserts="0" success="True" result="Success" executed="True" />
                </results>
              </test-suite>
            </results>
          </test-suite>
          <test-suite type="TestFixture" name="function 'Resolve-IdRefGetDirEntry.ps1'" executed="True" result="Success" success="True" time="0.4284" asserts="0" description="function 'Resolve-IdRefGetDirEntry.ps1'">
            <results>
              <test-suite type="ParameterizedTest" name="function 'Resolve-IdRefGetDirEntry.ps1'.can be tokenized by the PowerShell parser without any errors" executed="True" result="Success" success="True" time="0.0085" asserts="0" description="can be tokenized by the PowerShell parser without any errors">
                <results>
                  <test-case description="can be tokenized by the PowerShell parser without any errors" name="function 'Resolve-IdRefGetDirEntry.ps1'.can be tokenized by the PowerShell parser without any errors(&quot;E:\Owner\Documents\Google Drive\Programs\Scripts\PowerShell\Adsi\src\functions\private\Resolve-IdRefGetDirEntry.ps1&quot;)" time="0.0085" asserts="0" success="True" result="Success" executed="True" />
                </results>
              </test-suite>
              <test-suite type="ParameterizedTest" name="function 'Resolve-IdRefGetDirEntry.ps1'.runs without throwing errors" executed="True" result="Success" success="True" time="0.0074" asserts="0" description="runs without throwing errors">
                <results>
                  <test-case description="runs without throwing errors" name="function 'Resolve-IdRefGetDirEntry.ps1'.runs without throwing errors(&quot;E:\Owner\Documents\Google Drive\Programs\Scripts\PowerShell\Adsi\src\functions\private\Resolve-IdRefGetDirEntry.ps1&quot;)" time="0.0074" asserts="0" success="True" result="Success" executed="True" />
                </results>
              </test-suite>
            </results>
          </test-suite>
          <test-suite type="TestFixture" name="function 'Resolve-IdRefSearchDir.ps1'" executed="True" result="Success" success="True" time="0.4537" asserts="0" description="function 'Resolve-IdRefSearchDir.ps1'">
            <results>
              <test-suite type="ParameterizedTest" name="function 'Resolve-IdRefSearchDir.ps1'.can be tokenized by the PowerShell parser without any errors" executed="True" result="Success" success="True" time="0.0109" asserts="0" description="can be tokenized by the PowerShell parser without any errors">
                <results>
                  <test-case description="can be tokenized by the PowerShell parser without any errors" name="function 'Resolve-IdRefSearchDir.ps1'.can be tokenized by the PowerShell parser without any errors(&quot;E:\Owner\Documents\Google Drive\Programs\Scripts\PowerShell\Adsi\src\functions\private\Resolve-IdRefSearchDir.ps1&quot;)" time="0.0109" asserts="0" success="True" result="Success" executed="True" />
                </results>
              </test-suite>
              <test-suite type="ParameterizedTest" name="function 'Resolve-IdRefSearchDir.ps1'.runs without throwing errors" executed="True" result="Success" success="True" time="0.0087" asserts="0" description="runs without throwing errors">
                <results>
                  <test-case description="runs without throwing errors" name="function 'Resolve-IdRefSearchDir.ps1'.runs without throwing errors(&quot;E:\Owner\Documents\Google Drive\Programs\Scripts\PowerShell\Adsi\src\functions\private\Resolve-IdRefSearchDir.ps1&quot;)" time="0.0087" asserts="0" success="True" result="Success" executed="True" />
                </results>
              </test-suite>
            </results>
          </test-suite>
          <test-suite type="TestFixture" name="function 'Resolve-IdRefSID.ps1'" executed="True" result="Success" success="True" time="0.4813" asserts="0" description="function 'Resolve-IdRefSID.ps1'">
            <results>
              <test-suite type="ParameterizedTest" name="function 'Resolve-IdRefSID.ps1'.can be tokenized by the PowerShell parser without any errors" executed="True" result="Success" success="True" time="0.0124" asserts="0" description="can be tokenized by the PowerShell parser without any errors">
                <results>
                  <test-case description="can be tokenized by the PowerShell parser without any errors" name="function 'Resolve-IdRefSID.ps1'.can be tokenized by the PowerShell parser without any errors(&quot;E:\Owner\Documents\Google Drive\Programs\Scripts\PowerShell\Adsi\src\functions\private\Resolve-IdRefSID.ps1&quot;)" time="0.0124" asserts="0" success="True" result="Success" executed="True" />
                </results>
              </test-suite>
              <test-suite type="ParameterizedTest" name="function 'Resolve-IdRefSID.ps1'.runs without throwing errors" executed="True" result="Success" success="True" time="0.0093" asserts="0" description="runs without throwing errors">
                <results>
                  <test-case description="runs without throwing errors" name="function 'Resolve-IdRefSID.ps1'.runs without throwing errors(&quot;E:\Owner\Documents\Google Drive\Programs\Scripts\PowerShell\Adsi\src\functions\private\Resolve-IdRefSID.ps1&quot;)" time="0.0093" asserts="0" success="True" result="Success" executed="True" />
                </results>
              </test-suite>
            </results>
          </test-suite>
          <test-suite type="TestFixture" name="function 'Resolve-IdRefSvc.ps1'" executed="True" result="Success" success="True" time="0.5033" asserts="0" description="function 'Resolve-IdRefSvc.ps1'">
            <results>
              <test-suite type="ParameterizedTest" name="function 'Resolve-IdRefSvc.ps1'.can be tokenized by the PowerShell parser without any errors" executed="True" result="Success" success="True" time="0.0084" asserts="0" description="can be tokenized by the PowerShell parser without any errors">
                <results>
                  <test-case description="can be tokenized by the PowerShell parser without any errors" name="function 'Resolve-IdRefSvc.ps1'.can be tokenized by the PowerShell parser without any errors(&quot;E:\Owner\Documents\Google Drive\Programs\Scripts\PowerShell\Adsi\src\functions\private\Resolve-IdRefSvc.ps1&quot;)" time="0.0084" asserts="0" success="True" result="Success" executed="True" />
                </results>
              </test-suite>
              <test-suite type="ParameterizedTest" name="function 'Resolve-IdRefSvc.ps1'.runs without throwing errors" executed="True" result="Success" success="True" time="0.008" asserts="0" description="runs without throwing errors">
                <results>
                  <test-case description="runs without throwing errors" name="function 'Resolve-IdRefSvc.ps1'.runs without throwing errors(&quot;E:\Owner\Documents\Google Drive\Programs\Scripts\PowerShell\Adsi\src\functions\private\Resolve-IdRefSvc.ps1&quot;)" time="0.008" asserts="0" success="True" result="Success" executed="True" />
                </results>
              </test-suite>
            </results>
          </test-suite>
          <test-suite type="TestFixture" name="function 'Resolve-SidAuthority.ps1'" executed="True" result="Success" success="True" time="0.5327" asserts="0" description="function 'Resolve-SidAuthority.ps1'">
            <results>
              <test-suite type="ParameterizedTest" name="function 'Resolve-SidAuthority.ps1'.can be tokenized by the PowerShell parser without any errors" executed="True" result="Success" success="True" time="0.0158" asserts="0" description="can be tokenized by the PowerShell parser without any errors">
                <results>
                  <test-case description="can be tokenized by the PowerShell parser without any errors" name="function 'Resolve-SidAuthority.ps1'.can be tokenized by the PowerShell parser without any errors(&quot;E:\Owner\Documents\Google Drive\Programs\Scripts\PowerShell\Adsi\src\functions\private\Resolve-SidAuthority.ps1&quot;)" time="0.0158" asserts="0" success="True" result="Success" executed="True" />
                </results>
              </test-suite>
              <test-suite type="ParameterizedTest" name="function 'Resolve-SidAuthority.ps1'.runs without throwing errors" executed="True" result="Success" success="True" time="0.0073" asserts="0" description="runs without throwing errors">
                <results>
                  <test-case description="runs without throwing errors" name="function 'Resolve-SidAuthority.ps1'.runs without throwing errors(&quot;E:\Owner\Documents\Google Drive\Programs\Scripts\PowerShell\Adsi\src\functions\private\Resolve-SidAuthority.ps1&quot;)" time="0.0073" asserts="0" success="True" result="Success" executed="True" />
                </results>
              </test-suite>
            </results>
          </test-suite>
          <test-suite type="TestFixture" name="function 'Split-DirectoryPath.ps1'" executed="True" result="Success" success="True" time="0.5546" asserts="0" description="function 'Split-DirectoryPath.ps1'">
            <results>
              <test-suite type="ParameterizedTest" name="function 'Split-DirectoryPath.ps1'.can be tokenized by the PowerShell parser without any errors" executed="True" result="Success" success="True" time="0.0075" asserts="0" description="can be tokenized by the PowerShell parser without any errors">
                <results>
                  <test-case description="can be tokenized by the PowerShell parser without any errors" name="function 'Split-DirectoryPath.ps1'.can be tokenized by the PowerShell parser without any errors(&quot;E:\Owner\Documents\Google Drive\Programs\Scripts\PowerShell\Adsi\src\functions\private\Split-DirectoryPath.ps1&quot;)" time="0.0075" asserts="0" success="True" result="Success" executed="True" />
                </results>
              </test-suite>
              <test-suite type="ParameterizedTest" name="function 'Split-DirectoryPath.ps1'.runs without throwing errors" executed="True" result="Success" success="True" time="0.0089" asserts="0" description="runs without throwing errors">
                <results>
                  <test-case description="runs without throwing errors" name="function 'Split-DirectoryPath.ps1'.runs without throwing errors(&quot;E:\Owner\Documents\Google Drive\Programs\Scripts\PowerShell\Adsi\src\functions\private\Split-DirectoryPath.ps1&quot;)" time="0.0089" asserts="0" success="True" result="Success" executed="True" />
                </results>
              </test-suite>
            </results>
          </test-suite>
          <test-suite type="TestFixture" name="function 'Add-DomainFqdnToLdapPath.ps1'" executed="True" result="Success" success="True" time="0.5814" asserts="0" description="function 'Add-DomainFqdnToLdapPath.ps1'">
            <results>
              <test-suite type="ParameterizedTest" name="function 'Add-DomainFqdnToLdapPath.ps1'.can be tokenized by the PowerShell parser without any errors" executed="True" result="Success" success="True" time="0.0102" asserts="0" description="can be tokenized by the PowerShell parser without any errors">
                <results>
                  <test-case description="can be tokenized by the PowerShell parser without any errors" name="function 'Add-DomainFqdnToLdapPath.ps1'.can be tokenized by the PowerShell parser without any errors(&quot;E:\Owner\Documents\Google Drive\Programs\Scripts\PowerShell\Adsi\src\functions\public\Add-DomainFqdnToLdapPath.ps1&quot;)" time="0.0102" asserts="0" success="True" result="Success" executed="True" />
                </results>
              </test-suite>
              <test-suite type="ParameterizedTest" name="function 'Add-DomainFqdnToLdapPath.ps1'.runs without throwing errors" executed="True" result="Success" success="True" time="0.0065" asserts="0" description="runs without throwing errors">
                <results>
                  <test-case description="runs without throwing errors" name="function 'Add-DomainFqdnToLdapPath.ps1'.runs without throwing errors(&quot;E:\Owner\Documents\Google Drive\Programs\Scripts\PowerShell\Adsi\src\functions\public\Add-DomainFqdnToLdapPath.ps1&quot;)" time="0.0065" asserts="0" success="True" result="Success" executed="True" />
                </results>
              </test-suite>
            </results>
          </test-suite>
          <test-suite type="TestFixture" name="function 'Add-SidInfo.ps1'" executed="True" result="Success" success="True" time="0.6131" asserts="0" description="function 'Add-SidInfo.ps1'">
            <results>
              <test-suite type="ParameterizedTest" name="function 'Add-SidInfo.ps1'.can be tokenized by the PowerShell parser without any errors" executed="True" result="Success" success="True" time="0.0149" asserts="0" description="can be tokenized by the PowerShell parser without any errors">
                <results>
                  <test-case description="can be tokenized by the PowerShell parser without any errors" name="function 'Add-SidInfo.ps1'.can be tokenized by the PowerShell parser without any errors(&quot;E:\Owner\Documents\Google Drive\Programs\Scripts\PowerShell\Adsi\src\functions\public\Add-SidInfo.ps1&quot;)" time="0.0149" asserts="0" success="True" result="Success" executed="True" />
                </results>
              </test-suite>
              <test-suite type="ParameterizedTest" name="function 'Add-SidInfo.ps1'.runs without throwing errors" executed="True" result="Success" success="True" time="0.0094" asserts="0" description="runs without throwing errors">
                <results>
                  <test-case description="runs without throwing errors" name="function 'Add-SidInfo.ps1'.runs without throwing errors(&quot;E:\Owner\Documents\Google Drive\Programs\Scripts\PowerShell\Adsi\src\functions\public\Add-SidInfo.ps1&quot;)" time="0.0094" asserts="0" success="True" result="Success" executed="True" />
                </results>
              </test-suite>
            </results>
          </test-suite>
          <test-suite type="TestFixture" name="function 'ConvertFrom-DirectoryEntry.ps1'" executed="True" result="Success" success="True" time="0.6396" asserts="0" description="function 'ConvertFrom-DirectoryEntry.ps1'">
            <results>
              <test-suite type="ParameterizedTest" name="function 'ConvertFrom-DirectoryEntry.ps1'.can be tokenized by the PowerShell parser without any errors" executed="True" result="Success" success="True" time="0.0101" asserts="0" description="can be tokenized by the PowerShell parser without any errors">
                <results>
                  <test-case description="can be tokenized by the PowerShell parser without any errors" name="function 'ConvertFrom-DirectoryEntry.ps1'.can be tokenized by the PowerShell parser without any errors(&quot;E:\Owner\Documents\Google Drive\Programs\Scripts\PowerShell\Adsi\src\functions\public\ConvertFrom-DirectoryEntry.ps1&quot;)" time="0.0101" asserts="0" success="True" result="Success" executed="True" />
                </results>
              </test-suite>
              <test-suite type="ParameterizedTest" name="function 'ConvertFrom-DirectoryEntry.ps1'.runs without throwing errors" executed="True" result="Success" success="True" time="0.0098" asserts="0" description="runs without throwing errors">
                <results>
                  <test-case description="runs without throwing errors" name="function 'ConvertFrom-DirectoryEntry.ps1'.runs without throwing errors(&quot;E:\Owner\Documents\Google Drive\Programs\Scripts\PowerShell\Adsi\src\functions\public\ConvertFrom-DirectoryEntry.ps1&quot;)" time="0.0098" asserts="0" success="True" result="Success" executed="True" />
                </results>
              </test-suite>
            </results>
          </test-suite>
          <test-suite type="TestFixture" name="function 'ConvertFrom-IdentityReferenceResolved.ps1'" executed="True" result="Success" success="True" time="0.6701" asserts="0" description="function 'ConvertFrom-IdentityReferenceResolved.ps1'">
            <results>
              <test-suite type="ParameterizedTest" name="function 'ConvertFrom-IdentityReferenceResolved.ps1'.can be tokenized by the PowerShell parser without any errors" executed="True" result="Success" success="True" time="0.0162" asserts="0" description="can be tokenized by the PowerShell parser without any errors">
                <results>
                  <test-case description="can be tokenized by the PowerShell parser without any errors" name="function 'ConvertFrom-IdentityReferenceResolved.ps1'.can be tokenized by the PowerShell parser without any errors(&quot;E:\Owner\Documents\Google Drive\Programs\Scripts\PowerShell\Adsi\src\functions\public\ConvertFrom-IdentityReferenceResolved.ps1&quot;)" time="0.0162" asserts="0" success="True" result="Success" executed="True" />
                </results>
              </test-suite>
              <test-suite type="ParameterizedTest" name="function 'ConvertFrom-IdentityReferenceResolved.ps1'.runs without throwing errors" executed="True" result="Success" success="True" time="0.0086" asserts="0" description="runs without throwing errors">
                <results>
                  <test-case description="runs without throwing errors" name="function 'ConvertFrom-IdentityReferenceResolved.ps1'.runs without throwing errors(&quot;E:\Owner\Documents\Google Drive\Programs\Scripts\PowerShell\Adsi\src\functions\public\ConvertFrom-IdentityReferenceResolved.ps1&quot;)" time="0.0086" asserts="0" success="True" result="Success" executed="True" />
                </results>
              </test-suite>
            </results>
          </test-suite>
          <test-suite type="TestFixture" name="function 'ConvertFrom-PropertyValueCollectionToString.ps1'" executed="True" result="Success" success="True" time="0.696" asserts="0" description="function 'ConvertFrom-PropertyValueCollectionToString.ps1'">
            <results>
              <test-suite type="ParameterizedTest" name="function 'ConvertFrom-PropertyValueCollectionToString.ps1'.can be tokenized by the PowerShell parser without any errors" executed="True" result="Success" success="True" time="0.0119" asserts="0" description="can be tokenized by the PowerShell parser without any errors">
                <results>
                  <test-case description="can be tokenized by the PowerShell parser without any errors" name="function 'ConvertFrom-PropertyValueCollectionToString.ps1'.can be tokenized by the PowerShell parser without any errors(&quot;E:\Owner\Documents\Google Drive\Programs\Scripts\PowerShell\Adsi\src\functions\public\ConvertFrom-PropertyValueCollectionToString.ps1&quot;)" time="0.0119" asserts="0" success="True" result="Success" executed="True" />
                </results>
              </test-suite>
              <test-suite type="ParameterizedTest" name="function 'ConvertFrom-PropertyValueCollectionToString.ps1'.runs without throwing errors" executed="True" result="Success" success="True" time="0.0068" asserts="0" description="runs without throwing errors">
                <results>
                  <test-case description="runs without throwing errors" name="function 'ConvertFrom-PropertyValueCollectionToString.ps1'.runs without throwing errors(&quot;E:\Owner\Documents\Google Drive\Programs\Scripts\PowerShell\Adsi\src\functions\public\ConvertFrom-PropertyValueCollectionToString.ps1&quot;)" time="0.0068" asserts="0" success="True" result="Success" executed="True" />
                </results>
              </test-suite>
            </results>
          </test-suite>
          <test-suite type="TestFixture" name="function 'ConvertFrom-ResultPropertyValueCollectionToString.ps1'" executed="True" result="Success" success="True" time="0.7167" asserts="0" description="function 'ConvertFrom-ResultPropertyValueCollectionToString.ps1'">
            <results>
              <test-suite type="ParameterizedTest" name="function 'ConvertFrom-ResultPropertyValueCollectionToString.ps1'.can be tokenized by the PowerShell parser without any errors" executed="True" result="Success" success="True" time="0.0064" asserts="0" description="can be tokenized by the PowerShell parser without any errors">
                <results>
                  <test-case description="can be tokenized by the PowerShell parser without any errors" name="function 'ConvertFrom-ResultPropertyValueCollectionToString.ps1'.can be tokenized by the PowerShell parser without any errors(&quot;E:\Owner\Documents\Google Drive\Programs\Scripts\PowerShell\Adsi\src\functions\public\ConvertFrom-ResultPropertyValueCollectionToString.ps1&quot;)" time="0.0064" asserts="0" success="True" result="Success" executed="True" />
                </results>
              </test-suite>
              <test-suite type="ParameterizedTest" name="function 'ConvertFrom-ResultPropertyValueCollectionToString.ps1'.runs without throwing errors" executed="True" result="Success" success="True" time="0.0071" asserts="0" description="runs without throwing errors">
                <results>
                  <test-case description="runs without throwing errors" name="function 'ConvertFrom-ResultPropertyValueCollectionToString.ps1'.runs without throwing errors(&quot;E:\Owner\Documents\Google Drive\Programs\Scripts\PowerShell\Adsi\src\functions\public\ConvertFrom-ResultPropertyValueCollectionToString.ps1&quot;)" time="0.0071" asserts="0" success="True" result="Success" executed="True" />
                </results>
              </test-suite>
            </results>
          </test-suite>
          <test-suite type="TestFixture" name="function 'ConvertFrom-SearchResult.ps1'" executed="True" result="Success" success="True" time="0.7399" asserts="0" description="function 'ConvertFrom-SearchResult.ps1'">
            <results>
              <test-suite type="ParameterizedTest" name="function 'ConvertFrom-SearchResult.ps1'.can be tokenized by the PowerShell parser without any errors" executed="True" result="Success" success="True" time="0.0074" asserts="0" description="can be tokenized by the PowerShell parser without any errors">
                <results>
                  <test-case description="can be tokenized by the PowerShell parser without any errors" name="function 'ConvertFrom-SearchResult.ps1'.can be tokenized by the PowerShell parser without any errors(&quot;E:\Owner\Documents\Google Drive\Programs\Scripts\PowerShell\Adsi\src\functions\public\ConvertFrom-SearchResult.ps1&quot;)" time="0.0074" asserts="0" success="True" result="Success" executed="True" />
                </results>
              </test-suite>
              <test-suite type="ParameterizedTest" name="function 'ConvertFrom-SearchResult.ps1'.runs without throwing errors" executed="True" result="Success" success="True" time="0.0071" asserts="0" description="runs without throwing errors">
                <results>
                  <test-case description="runs without throwing errors" name="function 'ConvertFrom-SearchResult.ps1'.runs without throwing errors(&quot;E:\Owner\Documents\Google Drive\Programs\Scripts\PowerShell\Adsi\src\functions\public\ConvertFrom-SearchResult.ps1&quot;)" time="0.0071" asserts="0" success="True" result="Success" executed="True" />
                </results>
              </test-suite>
            </results>
          </test-suite>
          <test-suite type="TestFixture" name="function 'ConvertFrom-SidString.ps1'" executed="True" result="Success" success="True" time="0.7734" asserts="0" description="function 'ConvertFrom-SidString.ps1'">
            <results>
              <test-suite type="ParameterizedTest" name="function 'ConvertFrom-SidString.ps1'.can be tokenized by the PowerShell parser without any errors" executed="True" result="Success" success="True" time="0.008" asserts="0" description="can be tokenized by the PowerShell parser without any errors">
                <results>
                  <test-case description="can be tokenized by the PowerShell parser without any errors" name="function 'ConvertFrom-SidString.ps1'.can be tokenized by the PowerShell parser without any errors(&quot;E:\Owner\Documents\Google Drive\Programs\Scripts\PowerShell\Adsi\src\functions\public\ConvertFrom-SidString.ps1&quot;)" time="0.008" asserts="0" success="True" result="Success" executed="True" />
                </results>
              </test-suite>
              <test-suite type="ParameterizedTest" name="function 'ConvertFrom-SidString.ps1'.runs without throwing errors" executed="True" result="Success" success="True" time="0.0163" asserts="0" description="runs without throwing errors">
                <results>
                  <test-case description="runs without throwing errors" name="function 'ConvertFrom-SidString.ps1'.runs without throwing errors(&quot;E:\Owner\Documents\Google Drive\Programs\Scripts\PowerShell\Adsi\src\functions\public\ConvertFrom-SidString.ps1&quot;)" time="0.0163" asserts="0" success="True" result="Success" executed="True" />
                </results>
              </test-suite>
            </results>
          </test-suite>
          <test-suite type="TestFixture" name="function 'ConvertTo-DecStringRepresentation.ps1'" executed="True" result="Success" success="True" time="0.7999" asserts="0" description="function 'ConvertTo-DecStringRepresentation.ps1'">
            <results>
              <test-suite type="ParameterizedTest" name="function 'ConvertTo-DecStringRepresentation.ps1'.can be tokenized by the PowerShell parser without any errors" executed="True" result="Success" success="True" time="0.0086" asserts="0" description="can be tokenized by the PowerShell parser without any errors">
                <results>
                  <test-case description="can be tokenized by the PowerShell parser without any errors" name="function 'ConvertTo-DecStringRepresentation.ps1'.can be tokenized by the PowerShell parser without any errors(&quot;E:\Owner\Documents\Google Drive\Programs\Scripts\PowerShell\Adsi\src\functions\public\ConvertTo-DecStringRepresentation.ps1&quot;)" time="0.0086" asserts="0" success="True" result="Success" executed="True" />
                </results>
              </test-suite>
              <test-suite type="ParameterizedTest" name="function 'ConvertTo-DecStringRepresentation.ps1'.runs without throwing errors" executed="True" result="Success" success="True" time="0.0065" asserts="0" description="runs without throwing errors">
                <results>
                  <test-case description="runs without throwing errors" name="function 'ConvertTo-DecStringRepresentation.ps1'.runs without throwing errors(&quot;E:\Owner\Documents\Google Drive\Programs\Scripts\PowerShell\Adsi\src\functions\public\ConvertTo-DecStringRepresentation.ps1&quot;)" time="0.0065" asserts="0" success="True" result="Success" executed="True" />
                </results>
              </test-suite>
            </results>
          </test-suite>
          <test-suite type="TestFixture" name="function 'ConvertTo-DistinguishedName.ps1'" executed="True" result="Success" success="True" time="0.8264" asserts="0" description="function 'ConvertTo-DistinguishedName.ps1'">
            <results>
              <test-suite type="ParameterizedTest" name="function 'ConvertTo-DistinguishedName.ps1'.can be tokenized by the PowerShell parser without any errors" executed="True" result="Success" success="True" time="0.0137" asserts="0" description="can be tokenized by the PowerShell parser without any errors">
                <results>
                  <test-case description="can be tokenized by the PowerShell parser without any errors" name="function 'ConvertTo-DistinguishedName.ps1'.can be tokenized by the PowerShell parser without any errors(&quot;E:\Owner\Documents\Google Drive\Programs\Scripts\PowerShell\Adsi\src\functions\public\ConvertTo-DistinguishedName.ps1&quot;)" time="0.0137" asserts="0" success="True" result="Success" executed="True" />
                </results>
              </test-suite>
              <test-suite type="ParameterizedTest" name="function 'ConvertTo-DistinguishedName.ps1'.runs without throwing errors" executed="True" result="Success" success="True" time="0.0062" asserts="0" description="runs without throwing errors">
                <results>
                  <test-case description="runs without throwing errors" name="function 'ConvertTo-DistinguishedName.ps1'.runs without throwing errors(&quot;E:\Owner\Documents\Google Drive\Programs\Scripts\PowerShell\Adsi\src\functions\public\ConvertTo-DistinguishedName.ps1&quot;)" time="0.0062" asserts="0" success="True" result="Success" executed="True" />
                </results>
              </test-suite>
            </results>
          </test-suite>
          <test-suite type="TestFixture" name="function 'ConvertTo-DomainNetBIOS.ps1'" executed="True" result="Success" success="True" time="0.8459" asserts="0" description="function 'ConvertTo-DomainNetBIOS.ps1'">
            <results>
              <test-suite type="ParameterizedTest" name="function 'ConvertTo-DomainNetBIOS.ps1'.can be tokenized by the PowerShell parser without any errors" executed="True" result="Success" success="True" time="0.0064" asserts="0" description="can be tokenized by the PowerShell parser without any errors">
                <results>
                  <test-case description="can be tokenized by the PowerShell parser without any errors" name="function 'ConvertTo-DomainNetBIOS.ps1'.can be tokenized by the PowerShell parser without any errors(&quot;E:\Owner\Documents\Google Drive\Programs\Scripts\PowerShell\Adsi\src\functions\public\ConvertTo-DomainNetBIOS.ps1&quot;)" time="0.0064" asserts="0" success="True" result="Success" executed="True" />
                </results>
              </test-suite>
              <test-suite type="ParameterizedTest" name="function 'ConvertTo-DomainNetBIOS.ps1'.runs without throwing errors" executed="True" result="Success" success="True" time="0.0056" asserts="0" description="runs without throwing errors">
                <results>
                  <test-case description="runs without throwing errors" name="function 'ConvertTo-DomainNetBIOS.ps1'.runs without throwing errors(&quot;E:\Owner\Documents\Google Drive\Programs\Scripts\PowerShell\Adsi\src\functions\public\ConvertTo-DomainNetBIOS.ps1&quot;)" time="0.0056" asserts="0" success="True" result="Success" executed="True" />
                </results>
              </test-suite>
            </results>
          </test-suite>
          <test-suite type="TestFixture" name="function 'ConvertTo-DomainSidString.ps1'" executed="True" result="Success" success="True" time="0.8696" asserts="0" description="function 'ConvertTo-DomainSidString.ps1'">
            <results>
              <test-suite type="ParameterizedTest" name="function 'ConvertTo-DomainSidString.ps1'.can be tokenized by the PowerShell parser without any errors" executed="True" result="Success" success="True" time="0.0064" asserts="0" description="can be tokenized by the PowerShell parser without any errors">
                <results>
                  <test-case description="can be tokenized by the PowerShell parser without any errors" name="function 'ConvertTo-DomainSidString.ps1'.can be tokenized by the PowerShell parser without any errors(&quot;E:\Owner\Documents\Google Drive\Programs\Scripts\PowerShell\Adsi\src\functions\public\ConvertTo-DomainSidString.ps1&quot;)" time="0.0064" asserts="0" success="True" result="Success" executed="True" />
                </results>
              </test-suite>
              <test-suite type="ParameterizedTest" name="function 'ConvertTo-DomainSidString.ps1'.runs without throwing errors" executed="True" result="Success" success="True" time="0.0107" asserts="0" description="runs without throwing errors">
                <results>
                  <test-case description="runs without throwing errors" name="function 'ConvertTo-DomainSidString.ps1'.runs without throwing errors(&quot;E:\Owner\Documents\Google Drive\Programs\Scripts\PowerShell\Adsi\src\functions\public\ConvertTo-DomainSidString.ps1&quot;)" time="0.0107" asserts="0" success="True" result="Success" executed="True" />
                </results>
              </test-suite>
            </results>
          </test-suite>
          <test-suite type="TestFixture" name="function 'ConvertTo-Fqdn.ps1'" executed="True" result="Success" success="True" time="0.8879" asserts="0" description="function 'ConvertTo-Fqdn.ps1'">
            <results>
              <test-suite type="ParameterizedTest" name="function 'ConvertTo-Fqdn.ps1'.can be tokenized by the PowerShell parser without any errors" executed="True" result="Success" success="True" time="0.0067" asserts="0" description="can be tokenized by the PowerShell parser without any errors">
                <results>
                  <test-case description="can be tokenized by the PowerShell parser without any errors" name="function 'ConvertTo-Fqdn.ps1'.can be tokenized by the PowerShell parser without any errors(&quot;E:\Owner\Documents\Google Drive\Programs\Scripts\PowerShell\Adsi\src\functions\public\ConvertTo-Fqdn.ps1&quot;)" time="0.0067" asserts="0" success="True" result="Success" executed="True" />
                </results>
              </test-suite>
              <test-suite type="ParameterizedTest" name="function 'ConvertTo-Fqdn.ps1'.runs without throwing errors" executed="True" result="Success" success="True" time="0.0058" asserts="0" description="runs without throwing errors">
                <results>
                  <test-case description="runs without throwing errors" name="function 'ConvertTo-Fqdn.ps1'.runs without throwing errors(&quot;E:\Owner\Documents\Google Drive\Programs\Scripts\PowerShell\Adsi\src\functions\public\ConvertTo-Fqdn.ps1&quot;)" time="0.0058" asserts="0" success="True" result="Success" executed="True" />
                </results>
              </test-suite>
            </results>
          </test-suite>
          <test-suite type="TestFixture" name="function 'ConvertTo-HexStringRepresentation.ps1'" executed="True" result="Success" success="True" time="0.9105" asserts="0" description="function 'ConvertTo-HexStringRepresentation.ps1'">
            <results>
              <test-suite type="ParameterizedTest" name="function 'ConvertTo-HexStringRepresentation.ps1'.can be tokenized by the PowerShell parser without any errors" executed="True" result="Success" success="True" time="0.0112" asserts="0" description="can be tokenized by the PowerShell parser without any errors">
                <results>
                  <test-case description="can be tokenized by the PowerShell parser without any errors" name="function 'ConvertTo-HexStringRepresentation.ps1'.can be tokenized by the PowerShell parser without any errors(&quot;E:\Owner\Documents\Google Drive\Programs\Scripts\PowerShell\Adsi\src\functions\public\ConvertTo-HexStringRepresentation.ps1&quot;)" time="0.0112" asserts="0" success="True" result="Success" executed="True" />
                </results>
              </test-suite>
              <test-suite type="ParameterizedTest" name="function 'ConvertTo-HexStringRepresentation.ps1'.runs without throwing errors" executed="True" result="Success" success="True" time="0.0055" asserts="0" description="runs without throwing errors">
                <results>
                  <test-case description="runs without throwing errors" name="function 'ConvertTo-HexStringRepresentation.ps1'.runs without throwing errors(&quot;E:\Owner\Documents\Google Drive\Programs\Scripts\PowerShell\Adsi\src\functions\public\ConvertTo-HexStringRepresentation.ps1&quot;)" time="0.0055" asserts="0" success="True" result="Success" executed="True" />
                </results>
              </test-suite>
            </results>
          </test-suite>
          <test-suite type="TestFixture" name="function 'ConvertTo-HexStringRepresentationForLDAPFilterString.ps1'" executed="True" result="Success" success="True" time="0.9278" asserts="0" description="function 'ConvertTo-HexStringRepresentationForLDAPFilterString.ps1'">
            <results>
              <test-suite type="ParameterizedTest" name="function 'ConvertTo-HexStringRepresentationForLDAPFilterString.ps1'.can be tokenized by the PowerShell parser without any errors" executed="True" result="Success" success="True" time="0.0058" asserts="0" description="can be tokenized by the PowerShell parser without any errors">
                <results>
                  <test-case description="can be tokenized by the PowerShell parser without any errors" name="function 'ConvertTo-HexStringRepresentationForLDAPFilterString.ps1'.can be tokenized by the PowerShell parser without any errors(&quot;E:\Owner\Documents\Google Drive\Programs\Scripts\PowerShell\Adsi\src\functions\public\ConvertTo-HexStringRepresentationForLDAPFilterString.ps1&quot;)" time="0.0058" asserts="0" success="True" result="Success" executed="True" />
                </results>
              </test-suite>
              <test-suite type="ParameterizedTest" name="function 'ConvertTo-HexStringRepresentationForLDAPFilterString.ps1'.runs without throwing errors" executed="True" result="Success" success="True" time="0.005" asserts="0" description="runs without throwing errors">
                <results>
                  <test-case description="runs without throwing errors" name="function 'ConvertTo-HexStringRepresentationForLDAPFilterString.ps1'.runs without throwing errors(&quot;E:\Owner\Documents\Google Drive\Programs\Scripts\PowerShell\Adsi\src\functions\public\ConvertTo-HexStringRepresentationForLDAPFilterString.ps1&quot;)" time="0.005" asserts="0" success="True" result="Success" executed="True" />
                </results>
              </test-suite>
            </results>
          </test-suite>
          <test-suite type="TestFixture" name="function 'ConvertTo-SidByteArray.ps1'" executed="True" result="Success" success="True" time="0.9495" asserts="0" description="function 'ConvertTo-SidByteArray.ps1'">
            <results>
              <test-suite type="ParameterizedTest" name="function 'ConvertTo-SidByteArray.ps1'.can be tokenized by the PowerShell parser without any errors" executed="True" result="Success" success="True" time="0.0055" asserts="0" description="can be tokenized by the PowerShell parser without any errors">
                <results>
                  <test-case description="can be tokenized by the PowerShell parser without any errors" name="function 'ConvertTo-SidByteArray.ps1'.can be tokenized by the PowerShell parser without any errors(&quot;E:\Owner\Documents\Google Drive\Programs\Scripts\PowerShell\Adsi\src\functions\public\ConvertTo-SidByteArray.ps1&quot;)" time="0.0055" asserts="0" success="True" result="Success" executed="True" />
                </results>
              </test-suite>
              <test-suite type="ParameterizedTest" name="function 'ConvertTo-SidByteArray.ps1'.runs without throwing errors" executed="True" result="Success" success="True" time="0.0055" asserts="0" description="runs without throwing errors">
                <results>
                  <test-case description="runs without throwing errors" name="function 'ConvertTo-SidByteArray.ps1'.runs without throwing errors(&quot;E:\Owner\Documents\Google Drive\Programs\Scripts\PowerShell\Adsi\src\functions\public\ConvertTo-SidByteArray.ps1&quot;)" time="0.0055" asserts="0" success="True" result="Success" executed="True" />
                </results>
              </test-suite>
            </results>
          </test-suite>
          <test-suite type="TestFixture" name="function 'Expand-AdsiGroupMember.ps1'" executed="True" result="Success" success="True" time="0.9743" asserts="0" description="function 'Expand-AdsiGroupMember.ps1'">
            <results>
              <test-suite type="ParameterizedTest" name="function 'Expand-AdsiGroupMember.ps1'.can be tokenized by the PowerShell parser without any errors" executed="True" result="Success" success="True" time="0.0091" asserts="0" description="can be tokenized by the PowerShell parser without any errors">
                <results>
                  <test-case description="can be tokenized by the PowerShell parser without any errors" name="function 'Expand-AdsiGroupMember.ps1'.can be tokenized by the PowerShell parser without any errors(&quot;E:\Owner\Documents\Google Drive\Programs\Scripts\PowerShell\Adsi\src\functions\public\Expand-AdsiGroupMember.ps1&quot;)" time="0.0091" asserts="0" success="True" result="Success" executed="True" />
                </results>
              </test-suite>
              <test-suite type="ParameterizedTest" name="function 'Expand-AdsiGroupMember.ps1'.runs without throwing errors" executed="True" result="Success" success="True" time="0.0102" asserts="0" description="runs without throwing errors">
                <results>
                  <test-case description="runs without throwing errors" name="function 'Expand-AdsiGroupMember.ps1'.runs without throwing errors(&quot;E:\Owner\Documents\Google Drive\Programs\Scripts\PowerShell\Adsi\src\functions\public\Expand-AdsiGroupMember.ps1&quot;)" time="0.0102" asserts="0" success="True" result="Success" executed="True" />
                </results>
              </test-suite>
            </results>
          </test-suite>
          <test-suite type="TestFixture" name="function 'Expand-WinNTGroupMember.ps1'" executed="True" result="Success" success="True" time="0.9917" asserts="0" description="function 'Expand-WinNTGroupMember.ps1'">
            <results>
              <test-suite type="ParameterizedTest" name="function 'Expand-WinNTGroupMember.ps1'.can be tokenized by the PowerShell parser without any errors" executed="True" result="Success" success="True" time="0.0068" asserts="0" description="can be tokenized by the PowerShell parser without any errors">
                <results>
                  <test-case description="can be tokenized by the PowerShell parser without any errors" name="function 'Expand-WinNTGroupMember.ps1'.can be tokenized by the PowerShell parser without any errors(&quot;E:\Owner\Documents\Google Drive\Programs\Scripts\PowerShell\Adsi\src\functions\public\Expand-WinNTGroupMember.ps1&quot;)" time="0.0068" asserts="0" success="True" result="Success" executed="True" />
                </results>
              </test-suite>
              <test-suite type="ParameterizedTest" name="function 'Expand-WinNTGroupMember.ps1'.runs without throwing errors" executed="True" result="Success" success="True" time="0.0051" asserts="0" description="runs without throwing errors">
                <results>
                  <test-case description="runs without throwing errors" name="function 'Expand-WinNTGroupMember.ps1'.runs without throwing errors(&quot;E:\Owner\Documents\Google Drive\Programs\Scripts\PowerShell\Adsi\src\functions\public\Expand-WinNTGroupMember.ps1&quot;)" time="0.0051" asserts="0" success="True" result="Success" executed="True" />
                </results>
              </test-suite>
            </results>
          </test-suite>
          <test-suite type="TestFixture" name="function 'Find-AdsiProvider.ps1'" executed="True" result="Success" success="True" time="1.0137" asserts="0" description="function 'Find-AdsiProvider.ps1'">
            <results>
              <test-suite type="ParameterizedTest" name="function 'Find-AdsiProvider.ps1'.can be tokenized by the PowerShell parser without any errors" executed="True" result="Success" success="True" time="0.0102" asserts="0" description="can be tokenized by the PowerShell parser without any errors">
                <results>
                  <test-case description="can be tokenized by the PowerShell parser without any errors" name="function 'Find-AdsiProvider.ps1'.can be tokenized by the PowerShell parser without any errors(&quot;E:\Owner\Documents\Google Drive\Programs\Scripts\PowerShell\Adsi\src\functions\public\Find-AdsiProvider.ps1&quot;)" time="0.0102" asserts="0" success="True" result="Success" executed="True" />
                </results>
              </test-suite>
              <test-suite type="ParameterizedTest" name="function 'Find-AdsiProvider.ps1'.runs without throwing errors" executed="True" result="Success" success="True" time="0.0052" asserts="0" description="runs without throwing errors">
                <results>
                  <test-case description="runs without throwing errors" name="function 'Find-AdsiProvider.ps1'.runs without throwing errors(&quot;E:\Owner\Documents\Google Drive\Programs\Scripts\PowerShell\Adsi\src\functions\public\Find-AdsiProvider.ps1&quot;)" time="0.0052" asserts="0" success="True" result="Success" executed="True" />
                </results>
              </test-suite>
            </results>
          </test-suite>
          <test-suite type="TestFixture" name="function 'Find-LocalAdsiServerSid.ps1'" executed="True" result="Success" success="True" time="1.0363" asserts="0" description="function 'Find-LocalAdsiServerSid.ps1'">
            <results>
              <test-suite type="ParameterizedTest" name="function 'Find-LocalAdsiServerSid.ps1'.can be tokenized by the PowerShell parser without any errors" executed="True" result="Success" success="True" time="0.0057" asserts="0" description="can be tokenized by the PowerShell parser without any errors">
                <results>
                  <test-case description="can be tokenized by the PowerShell parser without any errors" name="function 'Find-LocalAdsiServerSid.ps1'.can be tokenized by the PowerShell parser without any errors(&quot;E:\Owner\Documents\Google Drive\Programs\Scripts\PowerShell\Adsi\src\functions\public\Find-LocalAdsiServerSid.ps1&quot;)" time="0.0057" asserts="0" success="True" result="Success" executed="True" />
                </results>
              </test-suite>
              <test-suite type="ParameterizedTest" name="function 'Find-LocalAdsiServerSid.ps1'.runs without throwing errors" executed="True" result="Success" success="True" time="0.0115" asserts="0" description="runs without throwing errors">
                <results>
                  <test-case description="runs without throwing errors" name="function 'Find-LocalAdsiServerSid.ps1'.runs without throwing errors(&quot;E:\Owner\Documents\Google Drive\Programs\Scripts\PowerShell\Adsi\src\functions\public\Find-LocalAdsiServerSid.ps1&quot;)" time="0.0115" asserts="0" success="True" result="Success" executed="True" />
                </results>
              </test-suite>
            </results>
          </test-suite>
          <test-suite type="TestFixture" name="function 'Get-AdsiGroup.ps1'" executed="True" result="Success" success="True" time="1.0556" asserts="0" description="function 'Get-AdsiGroup.ps1'">
            <results>
              <test-suite type="ParameterizedTest" name="function 'Get-AdsiGroup.ps1'.can be tokenized by the PowerShell parser without any errors" executed="True" result="Success" success="True" time="0.008" asserts="0" description="can be tokenized by the PowerShell parser without any errors">
                <results>
                  <test-case description="can be tokenized by the PowerShell parser without any errors" name="function 'Get-AdsiGroup.ps1'.can be tokenized by the PowerShell parser without any errors(&quot;E:\Owner\Documents\Google Drive\Programs\Scripts\PowerShell\Adsi\src\functions\public\Get-AdsiGroup.ps1&quot;)" time="0.008" asserts="0" success="True" result="Success" executed="True" />
                </results>
              </test-suite>
              <test-suite type="ParameterizedTest" name="function 'Get-AdsiGroup.ps1'.runs without throwing errors" executed="True" result="Success" success="True" time="0.0063" asserts="0" description="runs without throwing errors">
                <results>
                  <test-case description="runs without throwing errors" name="function 'Get-AdsiGroup.ps1'.runs without throwing errors(&quot;E:\Owner\Documents\Google Drive\Programs\Scripts\PowerShell\Adsi\src\functions\public\Get-AdsiGroup.ps1&quot;)" time="0.0063" asserts="0" success="True" result="Success" executed="True" />
                </results>
              </test-suite>
            </results>
          </test-suite>
          <test-suite type="TestFixture" name="function 'Get-AdsiGroupMember.ps1'" executed="True" result="Success" success="True" time="1.0819" asserts="0" description="function 'Get-AdsiGroupMember.ps1'">
            <results>
              <test-suite type="ParameterizedTest" name="function 'Get-AdsiGroupMember.ps1'.can be tokenized by the PowerShell parser without any errors" executed="True" result="Success" success="True" time="0.014" asserts="0" description="can be tokenized by the PowerShell parser without any errors">
                <results>
                  <test-case description="can be tokenized by the PowerShell parser without any errors" name="function 'Get-AdsiGroupMember.ps1'.can be tokenized by the PowerShell parser without any errors(&quot;E:\Owner\Documents\Google Drive\Programs\Scripts\PowerShell\Adsi\src\functions\public\Get-AdsiGroupMember.ps1&quot;)" time="0.014" asserts="0" success="True" result="Success" executed="True" />
                </results>
              </test-suite>
              <test-suite type="ParameterizedTest" name="function 'Get-AdsiGroupMember.ps1'.runs without throwing errors" executed="True" result="Success" success="True" time="0.0064" asserts="0" description="runs without throwing errors">
                <results>
                  <test-case description="runs without throwing errors" name="function 'Get-AdsiGroupMember.ps1'.runs without throwing errors(&quot;E:\Owner\Documents\Google Drive\Programs\Scripts\PowerShell\Adsi\src\functions\public\Get-AdsiGroupMember.ps1&quot;)" time="0.0064" asserts="0" success="True" result="Success" executed="True" />
                </results>
              </test-suite>
            </results>
          </test-suite>
          <test-suite type="TestFixture" name="function 'Get-AdsiServer.ps1'" executed="True" result="Success" success="True" time="1.1088" asserts="0" description="function 'Get-AdsiServer.ps1'">
            <results>
              <test-suite type="ParameterizedTest" name="function 'Get-AdsiServer.ps1'.can be tokenized by the PowerShell parser without any errors" executed="True" result="Success" success="True" time="0.0096" asserts="0" description="can be tokenized by the PowerShell parser without any errors">
                <results>
                  <test-case description="can be tokenized by the PowerShell parser without any errors" name="function 'Get-AdsiServer.ps1'.can be tokenized by the PowerShell parser without any errors(&quot;E:\Owner\Documents\Google Drive\Programs\Scripts\PowerShell\Adsi\src\functions\public\Get-AdsiServer.ps1&quot;)" time="0.0096" asserts="0" success="True" result="Success" executed="True" />
                </results>
              </test-suite>
              <test-suite type="ParameterizedTest" name="function 'Get-AdsiServer.ps1'.runs without throwing errors" executed="True" result="Success" success="True" time="0.0083" asserts="0" description="runs without throwing errors">
                <results>
                  <test-case description="runs without throwing errors" name="function 'Get-AdsiServer.ps1'.runs without throwing errors(&quot;E:\Owner\Documents\Google Drive\Programs\Scripts\PowerShell\Adsi\src\functions\public\Get-AdsiServer.ps1&quot;)" time="0.0083" asserts="0" success="True" result="Success" executed="True" />
                </results>
              </test-suite>
            </results>
          </test-suite>
          <test-suite type="TestFixture" name="function 'Get-CurrentDomain.ps1'" executed="True" result="Success" success="True" time="1.1312" asserts="0" description="function 'Get-CurrentDomain.ps1'">
            <results>
[...]
                    <failure>
                      <message>Expected a value, but got $null or empty.</message>
                      <stack-trace>at $parameterHelp.Description.Text | Should -Not -BeNullOrEmpty, E:\Owner\Documents\Google Drive\Programs\Scripts\PowerShell\Adsi\tests\Help.tests.ps1:103
at &lt;ScriptBlock&gt;, E:\Owner\Documents\Google Drive\Programs\Scripts\PowerShell\Adsi\tests\Help.tests.ps1:103</stack-trace>
                    </failure>
                  </test-case>
                  <test-case description="has the correct [mandatory] value" name="help for Search-Directory.- Help for parameter 'DomainsByNetbios'.has the correct [mandatory] value" time="0.0032" asserts="0" success="True" result="Success" executed="True" />
                  <test-case description="has the correct parameter type" name="help for Search-Directory.- Help for parameter 'DomainsByNetbios'.has the correct parameter type" time="0.0139" asserts="0" success="True" result="Success" executed="True" />
                </results>
              </test-suite>
              <test-suite type="TestFixture" name="help for Search-Directory.- Help for parameter 'Filter'" executed="True" result="Success" success="True" time="0.2024" asserts="0" description="help for Search-Directory.- Help for parameter 'Filter'">
                <results>
                  <test-case description="has a description" name="help for Search-Directory.- Help for parameter 'Filter'.has a description" time="0.005" asserts="0" success="True" result="Success" executed="True" />
                  <test-case description="has the correct [mandatory] value" name="help for Search-Directory.- Help for parameter 'Filter'.has the correct [mandatory] value" time="0.0036" asserts="0" success="True" result="Success" executed="True" />
                  <test-case description="has the correct parameter type" name="help for Search-Directory.- Help for parameter 'Filter'.has the correct parameter type" time="0.004" asserts="0" success="True" result="Success" executed="True" />
                </results>
              </test-suite>
              <test-suite type="TestFixture" name="help for Search-Directory.- Help for parameter 'LogBuffer'" executed="True" result="Success" success="True" time="0.2259" asserts="0" description="help for Search-Directory.- Help for parameter 'LogBuffer'">
                <results>
                  <test-case description="has a description" name="help for Search-Directory.- Help for parameter 'LogBuffer'.has a description" time="0.005" asserts="0" success="True" result="Success" executed="True" />
                  <test-case description="has the correct [mandatory] value" name="help for Search-Directory.- Help for parameter 'LogBuffer'.has the correct [mandatory] value" time="0.0074" asserts="0" success="True" result="Success" executed="True" />
                  <test-case description="has the correct parameter type" name="help for Search-Directory.- Help for parameter 'LogBuffer'.has the correct parameter type" time="0.0042" asserts="0" success="True" result="Success" executed="True" />
                </results>
              </test-suite>
              <test-suite type="TestFixture" name="help for Search-Directory.- Help for parameter 'PageSize'" executed="True" result="Success" success="True" time="0.249" asserts="0" description="help for Search-Directory.- Help for parameter 'PageSize'">
                <results>
                  <test-case description="has a description" name="help for Search-Directory.- Help for parameter 'PageSize'.has a description" time="0.0058" asserts="0" success="True" result="Success" executed="True" />
                  <test-case description="has the correct [mandatory] value" name="help for Search-Directory.- Help for parameter 'PageSize'.has the correct [mandatory] value" time="0.0032" asserts="0" success="True" result="Success" executed="True" />
                  <test-case description="has the correct parameter type" name="help for Search-Directory.- Help for parameter 'PageSize'.has the correct parameter type" time="0.0048" asserts="0" success="True" result="Success" executed="True" />
                </results>
              </test-suite>
              <test-suite type="TestFixture" name="help for Search-Directory.- Help for parameter 'PropertiesToLoad'" executed="True" result="Success" success="True" time="0.266" asserts="0" description="help for Search-Directory.- Help for parameter 'PropertiesToLoad'">
                <results>
                  <test-case description="has a description" name="help for Search-Directory.- Help for parameter 'PropertiesToLoad'.has a description" time="0.0045" asserts="0" success="True" result="Success" executed="True" />
                  <test-case description="has the correct [mandatory] value" name="help for Search-Directory.- Help for parameter 'PropertiesToLoad'.has the correct [mandatory] value" time="0.0036" asserts="0" success="True" result="Success" executed="True" />
                  <test-case description="has the correct parameter type" name="help for Search-Directory.- Help for parameter 'PropertiesToLoad'.has the correct parameter type" time="0.0035" asserts="0" success="True" result="Success" executed="True" />
                </results>
              </test-suite>
              <test-suite type="TestFixture" name="help for Search-Directory.- Help for parameter 'SearchScope'" executed="True" result="Success" success="True" time="0.2902" asserts="0" description="help for Search-Directory.- Help for parameter 'SearchScope'">
                <results>
                  <test-case description="has a description" name="help for Search-Directory.- Help for parameter 'SearchScope'.has a description" time="0.0059" asserts="0" success="True" result="Success" executed="True" />
                  <test-case description="has the correct [mandatory] value" name="help for Search-Directory.- Help for parameter 'SearchScope'.has the correct [mandatory] value" time="0.0086" asserts="0" success="True" result="Success" executed="True" />
                  <test-case description="has the correct parameter type" name="help for Search-Directory.- Help for parameter 'SearchScope'.has the correct parameter type" time="0.0036" asserts="0" success="True" result="Success" executed="True" />
                </results>
              </test-suite>
              <test-suite type="TestFixture" name="help for Search-Directory.- Help for parameter 'ThisFqdn'" executed="True" result="Success" success="True" time="0.3079" asserts="0" description="help for Search-Directory.- Help for parameter 'ThisFqdn'">
                <results>
                  <test-case description="has a description" name="help for Search-Directory.- Help for parameter 'ThisFqdn'.has a description" time="0.0041" asserts="0" success="True" result="Success" executed="True" />
                  <test-case description="has the correct [mandatory] value" name="help for Search-Directory.- Help for parameter 'ThisFqdn'.has the correct [mandatory] value" time="0.0031" asserts="0" success="True" result="Success" executed="True" />
                  <test-case description="has the correct parameter type" name="help for Search-Directory.- Help for parameter 'ThisFqdn'.has the correct parameter type" time="0.0034" asserts="0" success="True" result="Success" executed="True" />
                </results>
              </test-suite>
              <test-suite type="TestFixture" name="help for Search-Directory.- Help for parameter 'ThisHostName'" executed="True" result="Success" success="True" time="0.3283" asserts="0" description="help for Search-Directory.- Help for parameter 'ThisHostName'">
                <results>
                  <test-case description="has a description" name="help for Search-Directory.- Help for parameter 'ThisHostName'.has a description" time="0.0036" asserts="0" success="True" result="Success" executed="True" />
                  <test-case description="has the correct [mandatory] value" name="help for Search-Directory.- Help for parameter 'ThisHostName'.has the correct [mandatory] value" time="0.0031" asserts="0" success="True" result="Success" executed="True" />
                  <test-case description="has the correct parameter type" name="help for Search-Directory.- Help for parameter 'ThisHostName'.has the correct parameter type" time="0.0043" asserts="0" success="True" result="Success" executed="True" />
                </results>
              </test-suite>
              <test-suite type="TestFixture" name="help for Search-Directory.- Help for parameter 'WhoAmI'" executed="True" result="Success" success="True" time="0.3483" asserts="0" description="help for Search-Directory.- Help for parameter 'WhoAmI'">
                <results>
                  <test-case description="has a description" name="help for Search-Directory.- Help for parameter 'WhoAmI'.has a description" time="0.0036" asserts="0" success="True" result="Success" executed="True" />
                  <test-case description="has the correct [mandatory] value" name="help for Search-Directory.- Help for parameter 'WhoAmI'.has the correct [mandatory] value" time="0.0076" asserts="0" success="True" result="Success" executed="True" />
                  <test-case description="has the correct parameter type" name="help for Search-Directory.- Help for parameter 'WhoAmI'.has the correct parameter type" time="0.0034" asserts="0" success="True" result="Success" executed="True" />
                </results>
              </test-suite>
              <test-case description="is not auto-generated" name="help for Search-Directory.is not auto-generated" time="0.0264" asserts="0" success="True" result="Success" executed="True" />
              <test-case description="has a description" name="help for Search-Directory.has a description" time="0.0025" asserts="0" success="True" result="Success" executed="True" />
              <test-case description="has example code" name="help for Search-Directory.has example code" time="0.0042" asserts="0" success="True" result="Success" executed="True" />
              <test-case description="has example help" name="help for Search-Directory.has example help" time="0.0043" asserts="0" success="True" result="Success" executed="True" />
            </results>
          </test-suite>
        </results>
      </test-suite>
      <test-suite type="TestFixture" name="E:\Owner\Documents\Google Drive\Programs\Scripts\PowerShell\Adsi\tests\Manifest.tests.ps1" executed="True" result="Ignored" success="True" time="0.2603" asserts="0" description="E:\Owner\Documents\Google Drive\Programs\Scripts\PowerShell\Adsi\tests\Manifest.tests.ps1">
        <results>
          <test-suite type="TestFixture" name="module manifest 'Adsi.psd1'" executed="True" result="Success" success="True" time="0.0508" asserts="0" description="module manifest 'Adsi.psd1'">
            <results>
              <test-suite type="TestFixture" name="module manifest 'Adsi.psd1'.- Validation" executed="True" result="Success" success="True" time="0.0403" asserts="0" description="module manifest 'Adsi.psd1'.- Validation">
                <results>
                  <test-case description="is a valid manifest" name="module manifest 'Adsi.psd1'.- Validation.is a valid manifest" time="0.0067" asserts="0" success="True" result="Success" executed="True" />
                  <test-case description="has a valid name in the manifest" name="module manifest 'Adsi.psd1'.- Validation.has a valid name in the manifest" time="0.004" asserts="0" success="True" result="Success" executed="True" />
                  <test-case description="has a valid root module" name="module manifest 'Adsi.psd1'.- Validation.has a valid root module" time="0.003" asserts="0" success="True" result="Success" executed="True" />
                  <test-case description="has a valid version" name="module manifest 'Adsi.psd1'.- Validation.has a valid version" time="0.0045" asserts="0" success="True" result="Success" executed="True" />
                  <test-case description="has a valid description" name="module manifest 'Adsi.psd1'.- Validation.has a valid description" time="0.0052" asserts="0" success="True" result="Success" executed="True" />
                  <test-case description="has a valid author" name="module manifest 'Adsi.psd1'.- Validation.has a valid author" time="0.003" asserts="0" success="True" result="Success" executed="True" />
                  <test-case description="has a valid guid" name="module manifest 'Adsi.psd1'.- Validation.has a valid guid" time="0.0047" asserts="0" success="True" result="Success" executed="True" />
                  <test-case description="has a valid copyright" name="module manifest 'Adsi.psd1'.- Validation.has a valid copyright" time="0.0037" asserts="0" success="True" result="Success" executed="True" />
                </results>
              </test-suite>
            </results>
          </test-suite>
          <test-suite type="TestFixture" name="Git tagging" executed="True" result="Ignored" success="True" time="0.074" asserts="0" description="Git tagging">
            <results>
              <test-suite type="TestFixture" name="Git tagging.- Git tag version ''" executed="True" result="Ignored" success="True" time="0.0167" asserts="0" description="Git tagging.- Git tag version ''">
                <results>
                  <test-case description="is a valid version" name="Git tagging.- Git tag version ''.is a valid version" time="0.0064" asserts="0" success="False" result="Ignored" executed="False" />
                  <test-case description="matches the module manifest version" name="Git tagging.- Git tag version ''.matches the module manifest version" time="0.002" asserts="0" success="False" result="Ignored" executed="False" />
                </results>
              </test-suite>
            </results>
          </test-suite>
        </results>
      </test-suite>
      <test-suite type="TestFixture" name="E:\Owner\Documents\Google Drive\Programs\Scripts\PowerShell\Adsi\tests\Metadata.tests.ps1" executed="True" result="Success" success="True" time="0.4084" asserts="0" description="E:\Owner\Documents\Google Drive\Programs\Scripts\PowerShell\Adsi\tests\Metadata.tests.ps1">
        <results>
          <test-suite type="TestFixture" name="text files" executed="True" result="Success" success="True" time="0.0325" asserts="0" description="text files">
            <results>
              <test-suite type="TestFixture" name="text files.- File Encoding" executed="True" result="Success" success="True" time="0.01" asserts="0" description="text files.- File Encoding">
                <results>
                  <test-case description="do not use Unicode/UTF-16 encoding" name="text files.- File Encoding.do not use Unicode/UTF-16 encoding" time="0.0047" asserts="0" success="True" result="Success" executed="True" />
                </results>
              </test-suite>
              <test-suite type="TestFixture" name="text files.- Indentations" executed="True" result="Success" success="True" time="0.0208" asserts="0" description="text files.- Indentations">
                <results>
                  <test-case description="do not use tabs for indentations" name="text files.- Indentations.do not use tabs for indentations" time="0.0038" asserts="0" success="True" result="Success" executed="True" />
                </results>
              </test-suite>
            </results>
          </test-suite>
        </results>
      </test-suite>
      <test-suite type="TestFixture" name="E:\Owner\Documents\Google Drive\Programs\Scripts\PowerShell\Adsi\tests\Module.tests.ps1" executed="True" result="Success" success="True" time="0.2371" asserts="0" description="E:\Owner\Documents\Google Drive\Programs\Scripts\PowerShell\Adsi\tests\Module.tests.ps1">
        <results>
          <test-suite type="TestFixture" name="PowerShell files in module 'Adsi'" executed="True" result="Success" success="True" time="0.1189" asserts="0" description="PowerShell files in module 'Adsi'">
            <results>
              <test-suite type="ParameterizedTest" name="PowerShell files in module 'Adsi'.'&lt;Script&gt;' can be tokenized by the PowerShell parser without any errors" executed="True" result="Success" success="True" time="0.113" asserts="0" description="'&lt;Script&gt;' can be tokenized by the PowerShell parser without any errors">
                <results>
                  <test-case description="'E:\Owner\Documents\Google Drive\Programs\Scripts\PowerShell\Adsi\dist\4.0.322\Adsi\Adsi.psd1' can be tokenized by the PowerShell parser without any errors" name="PowerShell files in module 'Adsi'.'E:\Owner\Documents\Google Drive\Programs\Scripts\PowerShell\Adsi\dist\4.0.322\Adsi\Adsi.psd1' can be tokenized by the PowerShell parser without any errors" time="0.0069" asserts="0" success="True" result="Success" executed="True" />
                  <test-case description="'E:\Owner\Documents\Google Drive\Programs\Scripts\PowerShell\Adsi\dist\4.0.322\Adsi\Adsi.psm1' can be tokenized by the PowerShell parser without any errors" name="PowerShell files in module 'Adsi'.'E:\Owner\Documents\Google Drive\Programs\Scripts\PowerShell\Adsi\dist\4.0.322\Adsi\Adsi.psm1' can be tokenized by the PowerShell parser without any errors" time="0.1061" asserts="0" success="True" result="Success" executed="True" />
                </results>
              </test-suite>
            </results>
          </test-suite>
          <test-suite type="TestFixture" name="module 'Adsi'" executed="True" result="Success" success="True" time="0.1391" asserts="0" description="module 'Adsi'">
            <results>
              <test-suite type="ParameterizedTest" name="module 'Adsi'.can be imported without any errors" executed="True" result="Success" success="True" time="0.0146" asserts="0" description="can be imported without any errors">
                <results>
                  <test-case description="can be imported without any errors" name="module 'Adsi'.can be imported without any errors(&quot;E:\Owner\Documents\Google Drive\Programs\Scripts\PowerShell\Adsi\dist\4.0.322\Adsi\Adsi.psm1&quot;)" time="0.0146" asserts="0" success="True" result="Success" executed="True" />
                </results>
              </test-suite>
            </results>
          </test-suite>
        </results>
      </test-suite>
      <test-suite type="TestFixture" name="E:\Owner\Documents\Google Drive\Programs\Scripts\PowerShell\Adsi\tests\Project.tests.ps1" executed="True" result="Success" success="True" time="0.1701" asserts="0" description="E:\Owner\Documents\Google Drive\Programs\Scripts\PowerShell\Adsi\tests\Project.tests.ps1">
        <results>
          <test-suite type="TestFixture" name="change log" executed="True" result="Success" success="True" time="0.02" asserts="0" description="change log">
            <results>
              <test-suite type="TestFixture" name="change log.- Version" executed="True" result="Success" success="True" time="0.0146" asserts="0" description="change log.- Version">
                <results>
                  <test-case description="has a valid version" name="change log.- Version.has a valid version" time="0.0053" asserts="0" success="True" result="Success" executed="True" />
                  <test-case description="has the same version as the manifest" name="change log.- Version.has the same version as the manifest" time="0.0032" asserts="0" success="True" result="Success" executed="True" />
                </results>
              </test-suite>
            </results>
          </test-suite>
        </results>
      </test-suite>
    </results>
  </test-suite>
</test-results>