<?xml version="1.0" encoding="utf-8" standalone="no"?>
<test-results xmlns:xsi="http://www.w3.org/2001/XMLSchema-instance" xsi:noNamespaceSchemaLocation="nunit_schema_2.5.xsd" name="Pester" total="1010" errors="0" failures="115" not-run="0" inconclusive="0" ignored="0" skipped="2" invalid="0" date="2024-09-14" time="23:26:09">
  <environment os-version="10.0.19044" nunit-version="2.5.8.0" user-domain="JLA-LoftHTPC" user="Owner" cwd="E:\Owner\Documents\Google Drive\Programs\Scripts\PowerShell\Adsi\tests" machine-name="JLA-LOFTHTPC" clr-version="8.0.4" platform="Microsoft Windows 10 Pro|C:\WINDOWS|\Device\Harddisk0\Partition2" />
  <culture-info current-culture="en-US" current-uiculture="en-US" />
  <test-suite type="TestFixture" name="Pester" executed="True" result="Failure" success="False" time="13.4178" asserts="0" description="Pester">
    <results>
      <test-suite type="TestFixture" name="E:\Owner\Documents\Google Drive\Programs\Scripts\PowerShell\Adsi\tests\Function.tests.ps1" executed="True" result="Success" success="True" time="1.015" asserts="0" description="E:\Owner\Documents\Google Drive\Programs\Scripts\PowerShell\Adsi\tests\Function.tests.ps1">
        <results>
          <test-suite type="TestFixture" name="function 'Add-DomainFqdnToLdapPath.ps1'" executed="True" result="Success" success="True" time="0.0229" asserts="0" description="function 'Add-DomainFqdnToLdapPath.ps1'">
            <results>
              <test-suite type="ParameterizedTest" name="function 'Add-DomainFqdnToLdapPath.ps1'.can be tokenized by the PowerShell parser without any errors" executed="True" result="Success" success="True" time="0.0068" asserts="0" description="can be tokenized by the PowerShell parser without any errors">
                <results>
                  <test-case description="can be tokenized by the PowerShell parser without any errors" name="function 'Add-DomainFqdnToLdapPath.ps1'.can be tokenized by the PowerShell parser without any errors(&quot;E:\Owner\Documents\Google Drive\Programs\Scripts\PowerShell\Adsi\src\functions\public\Add-DomainFqdnToLdapPath.ps1&quot;)" time="0.0068" asserts="0" success="True" result="Success" executed="True" />
                </results>
              </test-suite>
              <test-suite type="ParameterizedTest" name="function 'Add-DomainFqdnToLdapPath.ps1'.runs without throwing errors" executed="True" result="Success" success="True" time="0.0109" asserts="0" description="runs without throwing errors">
                <results>
                  <test-case description="runs without throwing errors" name="function 'Add-DomainFqdnToLdapPath.ps1'.runs without throwing errors(&quot;E:\Owner\Documents\Google Drive\Programs\Scripts\PowerShell\Adsi\src\functions\public\Add-DomainFqdnToLdapPath.ps1&quot;)" time="0.0109" asserts="0" success="True" result="Success" executed="True" />
                </results>
              </test-suite>
            </results>
          </test-suite>
          <test-suite type="TestFixture" name="function 'Add-SidInfo.ps1'" executed="True" result="Success" success="True" time="0.0405" asserts="0" description="function 'Add-SidInfo.ps1'">
            <results>
              <test-suite type="ParameterizedTest" name="function 'Add-SidInfo.ps1'.can be tokenized by the PowerShell parser without any errors" executed="True" result="Success" success="True" time="0.0069" asserts="0" description="can be tokenized by the PowerShell parser without any errors">
                <results>
                  <test-case description="can be tokenized by the PowerShell parser without any errors" name="function 'Add-SidInfo.ps1'.can be tokenized by the PowerShell parser without any errors(&quot;E:\Owner\Documents\Google Drive\Programs\Scripts\PowerShell\Adsi\src\functions\public\Add-SidInfo.ps1&quot;)" time="0.0069" asserts="0" success="True" result="Success" executed="True" />
                </results>
              </test-suite>
              <test-suite type="ParameterizedTest" name="function 'Add-SidInfo.ps1'.runs without throwing errors" executed="True" result="Success" success="True" time="0.0047" asserts="0" description="runs without throwing errors">
                <results>
                  <test-case description="runs without throwing errors" name="function 'Add-SidInfo.ps1'.runs without throwing errors(&quot;E:\Owner\Documents\Google Drive\Programs\Scripts\PowerShell\Adsi\src\functions\public\Add-SidInfo.ps1&quot;)" time="0.0047" asserts="0" success="True" result="Success" executed="True" />
                </results>
              </test-suite>
            </results>
          </test-suite>
          <test-suite type="TestFixture" name="function 'ConvertFrom-DirectoryEntry.ps1'" executed="True" result="Success" success="True" time="0.0621" asserts="0" description="function 'ConvertFrom-DirectoryEntry.ps1'">
            <results>
              <test-suite type="ParameterizedTest" name="function 'ConvertFrom-DirectoryEntry.ps1'.can be tokenized by the PowerShell parser without any errors" executed="True" result="Success" success="True" time="0.0064" asserts="0" description="can be tokenized by the PowerShell parser without any errors">
                <results>
                  <test-case description="can be tokenized by the PowerShell parser without any errors" name="function 'ConvertFrom-DirectoryEntry.ps1'.can be tokenized by the PowerShell parser without any errors(&quot;E:\Owner\Documents\Google Drive\Programs\Scripts\PowerShell\Adsi\src\functions\public\ConvertFrom-DirectoryEntry.ps1&quot;)" time="0.0064" asserts="0" success="True" result="Success" executed="True" />
                </results>
              </test-suite>
              <test-suite type="ParameterizedTest" name="function 'ConvertFrom-DirectoryEntry.ps1'.runs without throwing errors" executed="True" result="Success" success="True" time="0.0094" asserts="0" description="runs without throwing errors">
                <results>
                  <test-case description="runs without throwing errors" name="function 'ConvertFrom-DirectoryEntry.ps1'.runs without throwing errors(&quot;E:\Owner\Documents\Google Drive\Programs\Scripts\PowerShell\Adsi\src\functions\public\ConvertFrom-DirectoryEntry.ps1&quot;)" time="0.0094" asserts="0" success="True" result="Success" executed="True" />
                </results>
              </test-suite>
            </results>
          </test-suite>
          <test-suite type="TestFixture" name="function 'ConvertFrom-IdentityReferenceResolved.ps1'" executed="True" result="Success" success="True" time="0.0867" asserts="0" description="function 'ConvertFrom-IdentityReferenceResolved.ps1'">
            <results>
              <test-suite type="ParameterizedTest" name="function 'ConvertFrom-IdentityReferenceResolved.ps1'.can be tokenized by the PowerShell parser without any errors" executed="True" result="Success" success="True" time="0.0089" asserts="0" description="can be tokenized by the PowerShell parser without any errors">
                <results>
                  <test-case description="can be tokenized by the PowerShell parser without any errors" name="function 'ConvertFrom-IdentityReferenceResolved.ps1'.can be tokenized by the PowerShell parser without any errors(&quot;E:\Owner\Documents\Google Drive\Programs\Scripts\PowerShell\Adsi\src\functions\public\ConvertFrom-IdentityReferenceResolved.ps1&quot;)" time="0.0089" asserts="0" success="True" result="Success" executed="True" />
                </results>
              </test-suite>
              <test-suite type="ParameterizedTest" name="function 'ConvertFrom-IdentityReferenceResolved.ps1'.runs without throwing errors" executed="True" result="Success" success="True" time="0.0108" asserts="0" description="runs without throwing errors">
                <results>
                  <test-case description="runs without throwing errors" name="function 'ConvertFrom-IdentityReferenceResolved.ps1'.runs without throwing errors(&quot;E:\Owner\Documents\Google Drive\Programs\Scripts\PowerShell\Adsi\src\functions\public\ConvertFrom-IdentityReferenceResolved.ps1&quot;)" time="0.0108" asserts="0" success="True" result="Success" executed="True" />
                </results>
              </test-suite>
            </results>
          </test-suite>
          <test-suite type="TestFixture" name="function 'ConvertFrom-PropertyValueCollectionToString.ps1'" executed="True" result="Success" success="True" time="0.1068" asserts="0" description="function 'ConvertFrom-PropertyValueCollectionToString.ps1'">
            <results>
              <test-suite type="ParameterizedTest" name="function 'ConvertFrom-PropertyValueCollectionToString.ps1'.can be tokenized by the PowerShell parser without any errors" executed="True" result="Success" success="True" time="0.0092" asserts="0" description="can be tokenized by the PowerShell parser without any errors">
                <results>
                  <test-case description="can be tokenized by the PowerShell parser without any errors" name="function 'ConvertFrom-PropertyValueCollectionToString.ps1'.can be tokenized by the PowerShell parser without any errors(&quot;E:\Owner\Documents\Google Drive\Programs\Scripts\PowerShell\Adsi\src\functions\public\ConvertFrom-PropertyValueCollectionToString.ps1&quot;)" time="0.0092" asserts="0" success="True" result="Success" executed="True" />
                </results>
              </test-suite>
              <test-suite type="ParameterizedTest" name="function 'ConvertFrom-PropertyValueCollectionToString.ps1'.runs without throwing errors" executed="True" result="Success" success="True" time="0.006" asserts="0" description="runs without throwing errors">
                <results>
                  <test-case description="runs without throwing errors" name="function 'ConvertFrom-PropertyValueCollectionToString.ps1'.runs without throwing errors(&quot;E:\Owner\Documents\Google Drive\Programs\Scripts\PowerShell\Adsi\src\functions\public\ConvertFrom-PropertyValueCollectionToString.ps1&quot;)" time="0.006" asserts="0" success="True" result="Success" executed="True" />
                </results>
              </test-suite>
            </results>
          </test-suite>
          <test-suite type="TestFixture" name="function 'ConvertFrom-ResultPropertyValueCollectionToString.ps1'" executed="True" result="Success" success="True" time="0.13" asserts="0" description="function 'ConvertFrom-ResultPropertyValueCollectionToString.ps1'">
            <results>
              <test-suite type="ParameterizedTest" name="function 'ConvertFrom-ResultPropertyValueCollectionToString.ps1'.can be tokenized by the PowerShell parser without any errors" executed="True" result="Success" success="True" time="0.0116" asserts="0" description="can be tokenized by the PowerShell parser without any errors">
                <results>
                  <test-case description="can be tokenized by the PowerShell parser without any errors" name="function 'ConvertFrom-ResultPropertyValueCollectionToString.ps1'.can be tokenized by the PowerShell parser without any errors(&quot;E:\Owner\Documents\Google Drive\Programs\Scripts\PowerShell\Adsi\src\functions\public\ConvertFrom-ResultPropertyValueCollectionToString.ps1&quot;)" time="0.0116" asserts="0" success="True" result="Success" executed="True" />
                </results>
              </test-suite>
              <test-suite type="ParameterizedTest" name="function 'ConvertFrom-ResultPropertyValueCollectionToString.ps1'.runs without throwing errors" executed="True" result="Success" success="True" time="0.0061" asserts="0" description="runs without throwing errors">
                <results>
                  <test-case description="runs without throwing errors" name="function 'ConvertFrom-ResultPropertyValueCollectionToString.ps1'.runs without throwing errors(&quot;E:\Owner\Documents\Google Drive\Programs\Scripts\PowerShell\Adsi\src\functions\public\ConvertFrom-ResultPropertyValueCollectionToString.ps1&quot;)" time="0.0061" asserts="0" success="True" result="Success" executed="True" />
                </results>
              </test-suite>
            </results>
          </test-suite>
          <test-suite type="TestFixture" name="function 'ConvertFrom-SearchResult.ps1'" executed="True" result="Success" success="True" time="0.1522" asserts="0" description="function 'ConvertFrom-SearchResult.ps1'">
            <results>
              <test-suite type="ParameterizedTest" name="function 'ConvertFrom-SearchResult.ps1'.can be tokenized by the PowerShell parser without any errors" executed="True" result="Success" success="True" time="0.0089" asserts="0" description="can be tokenized by the PowerShell parser without any errors">
                <results>
                  <test-case description="can be tokenized by the PowerShell parser without any errors" name="function 'ConvertFrom-SearchResult.ps1'.can be tokenized by the PowerShell parser without any errors(&quot;E:\Owner\Documents\Google Drive\Programs\Scripts\PowerShell\Adsi\src\functions\public\ConvertFrom-SearchResult.ps1&quot;)" time="0.0089" asserts="0" success="True" result="Success" executed="True" />
                </results>
              </test-suite>
              <test-suite type="ParameterizedTest" name="function 'ConvertFrom-SearchResult.ps1'.runs without throwing errors" executed="True" result="Success" success="True" time="0.0084" asserts="0" description="runs without throwing errors">
                <results>
                  <test-case description="runs without throwing errors" name="function 'ConvertFrom-SearchResult.ps1'.runs without throwing errors(&quot;E:\Owner\Documents\Google Drive\Programs\Scripts\PowerShell\Adsi\src\functions\public\ConvertFrom-SearchResult.ps1&quot;)" time="0.0084" asserts="0" success="True" result="Success" executed="True" />
                </results>
              </test-suite>
            </results>
          </test-suite>
          <test-suite type="TestFixture" name="function 'ConvertFrom-SidString.ps1'" executed="True" result="Success" success="True" time="0.1779" asserts="0" description="function 'ConvertFrom-SidString.ps1'">
            <results>
              <test-suite type="ParameterizedTest" name="function 'ConvertFrom-SidString.ps1'.can be tokenized by the PowerShell parser without any errors" executed="True" result="Success" success="True" time="0.0101" asserts="0" description="can be tokenized by the PowerShell parser without any errors">
                <results>
                  <test-case description="can be tokenized by the PowerShell parser without any errors" name="function 'ConvertFrom-SidString.ps1'.can be tokenized by the PowerShell parser without any errors(&quot;E:\Owner\Documents\Google Drive\Programs\Scripts\PowerShell\Adsi\src\functions\public\ConvertFrom-SidString.ps1&quot;)" time="0.0101" asserts="0" success="True" result="Success" executed="True" />
                </results>
              </test-suite>
              <test-suite type="ParameterizedTest" name="function 'ConvertFrom-SidString.ps1'.runs without throwing errors" executed="True" result="Success" success="True" time="0.0062" asserts="0" description="runs without throwing errors">
                <results>
                  <test-case description="runs without throwing errors" name="function 'ConvertFrom-SidString.ps1'.runs without throwing errors(&quot;E:\Owner\Documents\Google Drive\Programs\Scripts\PowerShell\Adsi\src\functions\public\ConvertFrom-SidString.ps1&quot;)" time="0.0062" asserts="0" success="True" result="Success" executed="True" />
                </results>
              </test-suite>
            </results>
          </test-suite>
          <test-suite type="TestFixture" name="function 'ConvertTo-DecStringRepresentation.ps1'" executed="True" result="Success" success="True" time="0.2019" asserts="0" description="function 'ConvertTo-DecStringRepresentation.ps1'">
            <results>
              <test-suite type="ParameterizedTest" name="function 'ConvertTo-DecStringRepresentation.ps1'.can be tokenized by the PowerShell parser without any errors" executed="True" result="Success" success="True" time="0.0075" asserts="0" description="can be tokenized by the PowerShell parser without any errors">
                <results>
                  <test-case description="can be tokenized by the PowerShell parser without any errors" name="function 'ConvertTo-DecStringRepresentation.ps1'.can be tokenized by the PowerShell parser without any errors(&quot;E:\Owner\Documents\Google Drive\Programs\Scripts\PowerShell\Adsi\src\functions\public\ConvertTo-DecStringRepresentation.ps1&quot;)" time="0.0075" asserts="0" success="True" result="Success" executed="True" />
                </results>
              </test-suite>
              <test-suite type="ParameterizedTest" name="function 'ConvertTo-DecStringRepresentation.ps1'.runs without throwing errors" executed="True" result="Success" success="True" time="0.008" asserts="0" description="runs without throwing errors">
                <results>
                  <test-case description="runs without throwing errors" name="function 'ConvertTo-DecStringRepresentation.ps1'.runs without throwing errors(&quot;E:\Owner\Documents\Google Drive\Programs\Scripts\PowerShell\Adsi\src\functions\public\ConvertTo-DecStringRepresentation.ps1&quot;)" time="0.008" asserts="0" success="True" result="Success" executed="True" />
                </results>
              </test-suite>
            </results>
          </test-suite>
          <test-suite type="TestFixture" name="function 'ConvertTo-DistinguishedName.ps1'" executed="True" result="Success" success="True" time="0.2264" asserts="0" description="function 'ConvertTo-DistinguishedName.ps1'">
            <results>
              <test-suite type="ParameterizedTest" name="function 'ConvertTo-DistinguishedName.ps1'.can be tokenized by the PowerShell parser without any errors" executed="True" result="Success" success="True" time="0.0113" asserts="0" description="can be tokenized by the PowerShell parser without any errors">
                <results>
                  <test-case description="can be tokenized by the PowerShell parser without any errors" name="function 'ConvertTo-DistinguishedName.ps1'.can be tokenized by the PowerShell parser without any errors(&quot;E:\Owner\Documents\Google Drive\Programs\Scripts\PowerShell\Adsi\src\functions\public\ConvertTo-DistinguishedName.ps1&quot;)" time="0.0113" asserts="0" success="True" result="Success" executed="True" />
                </results>
              </test-suite>
              <test-suite type="ParameterizedTest" name="function 'ConvertTo-DistinguishedName.ps1'.runs without throwing errors" executed="True" result="Success" success="True" time="0.0071" asserts="0" description="runs without throwing errors">
                <results>
                  <test-case description="runs without throwing errors" name="function 'ConvertTo-DistinguishedName.ps1'.runs without throwing errors(&quot;E:\Owner\Documents\Google Drive\Programs\Scripts\PowerShell\Adsi\src\functions\public\ConvertTo-DistinguishedName.ps1&quot;)" time="0.0071" asserts="0" success="True" result="Success" executed="True" />
                </results>
              </test-suite>
            </results>
          </test-suite>
          <test-suite type="TestFixture" name="function 'ConvertTo-DomainNetBIOS.ps1'" executed="True" result="Success" success="True" time="0.2522" asserts="0" description="function 'ConvertTo-DomainNetBIOS.ps1'">
            <results>
              <test-suite type="ParameterizedTest" name="function 'ConvertTo-DomainNetBIOS.ps1'.can be tokenized by the PowerShell parser without any errors" executed="True" result="Success" success="True" time="0.0122" asserts="0" description="can be tokenized by the PowerShell parser without any errors">
                <results>
                  <test-case description="can be tokenized by the PowerShell parser without any errors" name="function 'ConvertTo-DomainNetBIOS.ps1'.can be tokenized by the PowerShell parser without any errors(&quot;E:\Owner\Documents\Google Drive\Programs\Scripts\PowerShell\Adsi\src\functions\public\ConvertTo-DomainNetBIOS.ps1&quot;)" time="0.0122" asserts="0" success="True" result="Success" executed="True" />
                </results>
              </test-suite>
              <test-suite type="ParameterizedTest" name="function 'ConvertTo-DomainNetBIOS.ps1'.runs without throwing errors" executed="True" result="Success" success="True" time="0.0082" asserts="0" description="runs without throwing errors">
                <results>
                  <test-case description="runs without throwing errors" name="function 'ConvertTo-DomainNetBIOS.ps1'.runs without throwing errors(&quot;E:\Owner\Documents\Google Drive\Programs\Scripts\PowerShell\Adsi\src\functions\public\ConvertTo-DomainNetBIOS.ps1&quot;)" time="0.0082" asserts="0" success="True" result="Success" executed="True" />
                </results>
              </test-suite>
            </results>
          </test-suite>
          <test-suite type="TestFixture" name="function 'ConvertTo-DomainSidString.ps1'" executed="True" result="Success" success="True" time="0.2799" asserts="0" description="function 'ConvertTo-DomainSidString.ps1'">
            <results>
              <test-suite type="ParameterizedTest" name="function 'ConvertTo-DomainSidString.ps1'.can be tokenized by the PowerShell parser without any errors" executed="True" result="Success" success="True" time="0.0103" asserts="0" description="can be tokenized by the PowerShell parser without any errors">
                <results>
                  <test-case description="can be tokenized by the PowerShell parser without any errors" name="function 'ConvertTo-DomainSidString.ps1'.can be tokenized by the PowerShell parser without any errors(&quot;E:\Owner\Documents\Google Drive\Programs\Scripts\PowerShell\Adsi\src\functions\public\ConvertTo-DomainSidString.ps1&quot;)" time="0.0103" asserts="0" success="True" result="Success" executed="True" />
                </results>
              </test-suite>
              <test-suite type="ParameterizedTest" name="function 'ConvertTo-DomainSidString.ps1'.runs without throwing errors" executed="True" result="Success" success="True" time="0.0073" asserts="0" description="runs without throwing errors">
                <results>
                  <test-case description="runs without throwing errors" name="function 'ConvertTo-DomainSidString.ps1'.runs without throwing errors(&quot;E:\Owner\Documents\Google Drive\Programs\Scripts\PowerShell\Adsi\src\functions\public\ConvertTo-DomainSidString.ps1&quot;)" time="0.0073" asserts="0" success="True" result="Success" executed="True" />
                </results>
              </test-suite>
            </results>
          </test-suite>
          <test-suite type="TestFixture" name="function 'ConvertTo-Fqdn.ps1'" executed="True" result="Success" success="True" time="0.303" asserts="0" description="function 'ConvertTo-Fqdn.ps1'">
            <results>
              <test-suite type="ParameterizedTest" name="function 'ConvertTo-Fqdn.ps1'.can be tokenized by the PowerShell parser without any errors" executed="True" result="Success" success="True" time="0.0088" asserts="0" description="can be tokenized by the PowerShell parser without any errors">
                <results>
                  <test-case description="can be tokenized by the PowerShell parser without any errors" name="function 'ConvertTo-Fqdn.ps1'.can be tokenized by the PowerShell parser without any errors(&quot;E:\Owner\Documents\Google Drive\Programs\Scripts\PowerShell\Adsi\src\functions\public\ConvertTo-Fqdn.ps1&quot;)" time="0.0088" asserts="0" success="True" result="Success" executed="True" />
                </results>
              </test-suite>
              <test-suite type="ParameterizedTest" name="function 'ConvertTo-Fqdn.ps1'.runs without throwing errors" executed="True" result="Success" success="True" time="0.0093" asserts="0" description="runs without throwing errors">
                <results>
                  <test-case description="runs without throwing errors" name="function 'ConvertTo-Fqdn.ps1'.runs without throwing errors(&quot;E:\Owner\Documents\Google Drive\Programs\Scripts\PowerShell\Adsi\src\functions\public\ConvertTo-Fqdn.ps1&quot;)" time="0.0093" asserts="0" success="True" result="Success" executed="True" />
                </results>
              </test-suite>
            </results>
          </test-suite>
          <test-suite type="TestFixture" name="function 'ConvertTo-HexStringRepresentation.ps1'" executed="True" result="Success" success="True" time="0.3279" asserts="0" description="function 'ConvertTo-HexStringRepresentation.ps1'">
            <results>
              <test-suite type="ParameterizedTest" name="function 'ConvertTo-HexStringRepresentation.ps1'.can be tokenized by the PowerShell parser without any errors" executed="True" result="Success" success="True" time="0.0089" asserts="0" description="can be tokenized by the PowerShell parser without any errors">
                <results>
                  <test-case description="can be tokenized by the PowerShell parser without any errors" name="function 'ConvertTo-HexStringRepresentation.ps1'.can be tokenized by the PowerShell parser without any errors(&quot;E:\Owner\Documents\Google Drive\Programs\Scripts\PowerShell\Adsi\src\functions\public\ConvertTo-HexStringRepresentation.ps1&quot;)" time="0.0089" asserts="0" success="True" result="Success" executed="True" />
                </results>
              </test-suite>
              <test-suite type="ParameterizedTest" name="function 'ConvertTo-HexStringRepresentation.ps1'.runs without throwing errors" executed="True" result="Success" success="True" time="0.0104" asserts="0" description="runs without throwing errors">
                <results>
                  <test-case description="runs without throwing errors" name="function 'ConvertTo-HexStringRepresentation.ps1'.runs without throwing errors(&quot;E:\Owner\Documents\Google Drive\Programs\Scripts\PowerShell\Adsi\src\functions\public\ConvertTo-HexStringRepresentation.ps1&quot;)" time="0.0104" asserts="0" success="True" result="Success" executed="True" />
                </results>
              </test-suite>
            </results>
          </test-suite>
          <test-suite type="TestFixture" name="function 'ConvertTo-HexStringRepresentationForLDAPFilterString.ps1'" executed="True" result="Success" success="True" time="0.3485" asserts="0" description="function 'ConvertTo-HexStringRepresentationForLDAPFilterString.ps1'">
            <results>
              <test-suite type="ParameterizedTest" name="function 'ConvertTo-HexStringRepresentationForLDAPFilterString.ps1'.can be tokenized by the PowerShell parser without any errors" executed="True" result="Success" success="True" time="0.0081" asserts="0" description="can be tokenized by the PowerShell parser without any errors">
                <results>
                  <test-case description="can be tokenized by the PowerShell parser without any errors" name="function 'ConvertTo-HexStringRepresentationForLDAPFilterString.ps1'.can be tokenized by the PowerShell parser without any errors(&quot;E:\Owner\Documents\Google Drive\Programs\Scripts\PowerShell\Adsi\src\functions\public\ConvertTo-HexStringRepresentationForLDAPFilterString.ps1&quot;)" time="0.0081" asserts="0" success="True" result="Success" executed="True" />
                </results>
              </test-suite>
              <test-suite type="ParameterizedTest" name="function 'ConvertTo-HexStringRepresentationForLDAPFilterString.ps1'.runs without throwing errors" executed="True" result="Success" success="True" time="0.0077" asserts="0" description="runs without throwing errors">
                <results>
                  <test-case description="runs without throwing errors" name="function 'ConvertTo-HexStringRepresentationForLDAPFilterString.ps1'.runs without throwing errors(&quot;E:\Owner\Documents\Google Drive\Programs\Scripts\PowerShell\Adsi\src\functions\public\ConvertTo-HexStringRepresentationForLDAPFilterString.ps1&quot;)" time="0.0077" asserts="0" success="True" result="Success" executed="True" />
                </results>
              </test-suite>
            </results>
          </test-suite>
          <test-suite type="TestFixture" name="function 'ConvertTo-SidByteArray.ps1'" executed="True" result="Success" success="True" time="0.375" asserts="0" description="function 'ConvertTo-SidByteArray.ps1'">
            <results>
              <test-suite type="ParameterizedTest" name="function 'ConvertTo-SidByteArray.ps1'.can be tokenized by the PowerShell parser without any errors" executed="True" result="Success" success="True" time="0.014" asserts="0" description="can be tokenized by the PowerShell parser without any errors">
                <results>
                  <test-case description="can be tokenized by the PowerShell parser without any errors" name="function 'ConvertTo-SidByteArray.ps1'.can be tokenized by the PowerShell parser without any errors(&quot;E:\Owner\Documents\Google Drive\Programs\Scripts\PowerShell\Adsi\src\functions\public\ConvertTo-SidByteArray.ps1&quot;)" time="0.014" asserts="0" success="True" result="Success" executed="True" />
                </results>
              </test-suite>
              <test-suite type="ParameterizedTest" name="function 'ConvertTo-SidByteArray.ps1'.runs without throwing errors" executed="True" result="Success" success="True" time="0.0069" asserts="0" description="runs without throwing errors">
                <results>
                  <test-case description="runs without throwing errors" name="function 'ConvertTo-SidByteArray.ps1'.runs without throwing errors(&quot;E:\Owner\Documents\Google Drive\Programs\Scripts\PowerShell\Adsi\src\functions\public\ConvertTo-SidByteArray.ps1&quot;)" time="0.0069" asserts="0" success="True" result="Success" executed="True" />
                </results>
              </test-suite>
            </results>
          </test-suite>
          <test-suite type="TestFixture" name="function 'Expand-AdsiGroupMember.ps1'" executed="True" result="Success" success="True" time="0.3949" asserts="0" description="function 'Expand-AdsiGroupMember.ps1'">
            <results>
              <test-suite type="ParameterizedTest" name="function 'Expand-AdsiGroupMember.ps1'.can be tokenized by the PowerShell parser without any errors" executed="True" result="Success" success="True" time="0.0085" asserts="0" description="can be tokenized by the PowerShell parser without any errors">
                <results>
                  <test-case description="can be tokenized by the PowerShell parser without any errors" name="function 'Expand-AdsiGroupMember.ps1'.can be tokenized by the PowerShell parser without any errors(&quot;E:\Owner\Documents\Google Drive\Programs\Scripts\PowerShell\Adsi\src\functions\public\Expand-AdsiGroupMember.ps1&quot;)" time="0.0085" asserts="0" success="True" result="Success" executed="True" />
                </results>
              </test-suite>
              <test-suite type="ParameterizedTest" name="function 'Expand-AdsiGroupMember.ps1'.runs without throwing errors" executed="True" result="Success" success="True" time="0.0055" asserts="0" description="runs without throwing errors">
                <results>
                  <test-case description="runs without throwing errors" name="function 'Expand-AdsiGroupMember.ps1'.runs without throwing errors(&quot;E:\Owner\Documents\Google Drive\Programs\Scripts\PowerShell\Adsi\src\functions\public\Expand-AdsiGroupMember.ps1&quot;)" time="0.0055" asserts="0" success="True" result="Success" executed="True" />
                </results>
              </test-suite>
            </results>
          </test-suite>
          <test-suite type="TestFixture" name="function 'Expand-WinNTGroupMember.ps1'" executed="True" result="Success" success="True" time="0.4192" asserts="0" description="function 'Expand-WinNTGroupMember.ps1'">
            <results>
              <test-suite type="ParameterizedTest" name="function 'Expand-WinNTGroupMember.ps1'.can be tokenized by the PowerShell parser without any errors" executed="True" result="Success" success="True" time="0.0117" asserts="0" description="can be tokenized by the PowerShell parser without any errors">
                <results>
                  <test-case description="can be tokenized by the PowerShell parser without any errors" name="function 'Expand-WinNTGroupMember.ps1'.can be tokenized by the PowerShell parser without any errors(&quot;E:\Owner\Documents\Google Drive\Programs\Scripts\PowerShell\Adsi\src\functions\public\Expand-WinNTGroupMember.ps1&quot;)" time="0.0117" asserts="0" success="True" result="Success" executed="True" />
                </results>
              </test-suite>
              <test-suite type="ParameterizedTest" name="function 'Expand-WinNTGroupMember.ps1'.runs without throwing errors" executed="True" result="Success" success="True" time="0.0079" asserts="0" description="runs without throwing errors">
                <results>
                  <test-case description="runs without throwing errors" name="function 'Expand-WinNTGroupMember.ps1'.runs without throwing errors(&quot;E:\Owner\Documents\Google Drive\Programs\Scripts\PowerShell\Adsi\src\functions\public\Expand-WinNTGroupMember.ps1&quot;)" time="0.0079" asserts="0" success="True" result="Success" executed="True" />
                </results>
              </test-suite>
            </results>
          </test-suite>
          <test-suite type="TestFixture" name="function 'Find-AdsiProvider.ps1'" executed="True" result="Success" success="True" time="0.4461" asserts="0" description="function 'Find-AdsiProvider.ps1'">
            <results>
              <test-suite type="ParameterizedTest" name="function 'Find-AdsiProvider.ps1'.can be tokenized by the PowerShell parser without any errors" executed="True" result="Success" success="True" time="0.0099" asserts="0" description="can be tokenized by the PowerShell parser without any errors">
                <results>
                  <test-case description="can be tokenized by the PowerShell parser without any errors" name="function 'Find-AdsiProvider.ps1'.can be tokenized by the PowerShell parser without any errors(&quot;E:\Owner\Documents\Google Drive\Programs\Scripts\PowerShell\Adsi\src\functions\public\Find-AdsiProvider.ps1&quot;)" time="0.0099" asserts="0" success="True" result="Success" executed="True" />
                </results>
              </test-suite>
              <test-suite type="ParameterizedTest" name="function 'Find-AdsiProvider.ps1'.runs without throwing errors" executed="True" result="Success" success="True" time="0.0073" asserts="0" description="runs without throwing errors">
                <results>
                  <test-case description="runs without throwing errors" name="function 'Find-AdsiProvider.ps1'.runs without throwing errors(&quot;E:\Owner\Documents\Google Drive\Programs\Scripts\PowerShell\Adsi\src\functions\public\Find-AdsiProvider.ps1&quot;)" time="0.0073" asserts="0" success="True" result="Success" executed="True" />
                </results>
              </test-suite>
            </results>
          </test-suite>
          <test-suite type="TestFixture" name="function 'Find-LocalAdsiServerSid.ps1'" executed="True" result="Success" success="True" time="0.469" asserts="0" description="function 'Find-LocalAdsiServerSid.ps1'">
            <results>
              <test-suite type="ParameterizedTest" name="function 'Find-LocalAdsiServerSid.ps1'.can be tokenized by the PowerShell parser without any errors" executed="True" result="Success" success="True" time="0.0088" asserts="0" description="can be tokenized by the PowerShell parser without any errors">
                <results>
                  <test-case description="can be tokenized by the PowerShell parser without any errors" name="function 'Find-LocalAdsiServerSid.ps1'.can be tokenized by the PowerShell parser without any errors(&quot;E:\Owner\Documents\Google Drive\Programs\Scripts\PowerShell\Adsi\src\functions\public\Find-LocalAdsiServerSid.ps1&quot;)" time="0.0088" asserts="0" success="True" result="Success" executed="True" />
                </results>
              </test-suite>
              <test-suite type="ParameterizedTest" name="function 'Find-LocalAdsiServerSid.ps1'.runs without throwing errors" executed="True" result="Success" success="True" time="0.0095" asserts="0" description="runs without throwing errors">
                <results>
                  <test-case description="runs without throwing errors" name="function 'Find-LocalAdsiServerSid.ps1'.runs without throwing errors(&quot;E:\Owner\Documents\Google Drive\Programs\Scripts\PowerShell\Adsi\src\functions\public\Find-LocalAdsiServerSid.ps1&quot;)" time="0.0095" asserts="0" success="True" result="Success" executed="True" />
                </results>
              </test-suite>
            </results>
          </test-suite>
          <test-suite type="TestFixture" name="function 'Get-ADSIGroup.ps1'" executed="True" result="Success" success="True" time="0.4949" asserts="0" description="function 'Get-ADSIGroup.ps1'">
            <results>
              <test-suite type="ParameterizedTest" name="function 'Get-ADSIGroup.ps1'.can be tokenized by the PowerShell parser without any errors" executed="True" result="Success" success="True" time="0.0144" asserts="0" description="can be tokenized by the PowerShell parser without any errors">
                <results>
                  <test-case description="can be tokenized by the PowerShell parser without any errors" name="function 'Get-ADSIGroup.ps1'.can be tokenized by the PowerShell parser without any errors(&quot;E:\Owner\Documents\Google Drive\Programs\Scripts\PowerShell\Adsi\src\functions\public\Get-ADSIGroup.ps1&quot;)" time="0.0144" asserts="0" success="True" result="Success" executed="True" />
                </results>
              </test-suite>
              <test-suite type="ParameterizedTest" name="function 'Get-ADSIGroup.ps1'.runs without throwing errors" executed="True" result="Success" success="True" time="0.0058" asserts="0" description="runs without throwing errors">
                <results>
                  <test-case description="runs without throwing errors" name="function 'Get-ADSIGroup.ps1'.runs without throwing errors(&quot;E:\Owner\Documents\Google Drive\Programs\Scripts\PowerShell\Adsi\src\functions\public\Get-ADSIGroup.ps1&quot;)" time="0.0058" asserts="0" success="True" result="Success" executed="True" />
                </results>
              </test-suite>
            </results>
          </test-suite>
          <test-suite type="TestFixture" name="function 'Get-ADSIGroupMember.ps1'" executed="True" result="Success" success="True" time="0.5208" asserts="0" description="function 'Get-ADSIGroupMember.ps1'">
            <results>
              <test-suite type="ParameterizedTest" name="function 'Get-ADSIGroupMember.ps1'.can be tokenized by the PowerShell parser without any errors" executed="True" result="Success" success="True" time="0.0101" asserts="0" description="can be tokenized by the PowerShell parser without any errors">
                <results>
                  <test-case description="can be tokenized by the PowerShell parser without any errors" name="function 'Get-ADSIGroupMember.ps1'.can be tokenized by the PowerShell parser without any errors(&quot;E:\Owner\Documents\Google Drive\Programs\Scripts\PowerShell\Adsi\src\functions\public\Get-ADSIGroupMember.ps1&quot;)" time="0.0101" asserts="0" success="True" result="Success" executed="True" />
                </results>
              </test-suite>
              <test-suite type="ParameterizedTest" name="function 'Get-ADSIGroupMember.ps1'.runs without throwing errors" executed="True" result="Success" success="True" time="0.0081" asserts="0" description="runs without throwing errors">
                <results>
                  <test-case description="runs without throwing errors" name="function 'Get-ADSIGroupMember.ps1'.runs without throwing errors(&quot;E:\Owner\Documents\Google Drive\Programs\Scripts\PowerShell\Adsi\src\functions\public\Get-ADSIGroupMember.ps1&quot;)" time="0.0081" asserts="0" success="True" result="Success" executed="True" />
                </results>
              </test-suite>
            </results>
          </test-suite>
          <test-suite type="TestFixture" name="function 'Get-AdsiServer.ps1'" executed="True" result="Success" success="True" time="0.5553" asserts="0" description="function 'Get-AdsiServer.ps1'">
            <results>
              <test-suite type="ParameterizedTest" name="function 'Get-AdsiServer.ps1'.can be tokenized by the PowerShell parser without any errors" executed="True" result="Success" success="True" time="0.0187" asserts="0" description="can be tokenized by the PowerShell parser without any errors">
                <results>
                  <test-case description="can be tokenized by the PowerShell parser without any errors" name="function 'Get-AdsiServer.ps1'.can be tokenized by the PowerShell parser without any errors(&quot;E:\Owner\Documents\Google Drive\Programs\Scripts\PowerShell\Adsi\src\functions\public\Get-AdsiServer.ps1&quot;)" time="0.0187" asserts="0" success="True" result="Success" executed="True" />
                </results>
              </test-suite>
              <test-suite type="ParameterizedTest" name="function 'Get-AdsiServer.ps1'.runs without throwing errors" executed="True" result="Success" success="True" time="0.0076" asserts="0" description="runs without throwing errors">
                <results>
                  <test-case description="runs without throwing errors" name="function 'Get-AdsiServer.ps1'.runs without throwing errors(&quot;E:\Owner\Documents\Google Drive\Programs\Scripts\PowerShell\Adsi\src\functions\public\Get-AdsiServer.ps1&quot;)" time="0.0076" asserts="0" success="True" result="Success" executed="True" />
                </results>
              </test-suite>
            </results>
          </test-suite>
          <test-suite type="TestFixture" name="function 'Get-CurrentDomain.ps1'" executed="True" result="Success" success="True" time="0.5784" asserts="0" description="function 'Get-CurrentDomain.ps1'">
            <results>
              <test-suite type="ParameterizedTest" name="function 'Get-CurrentDomain.ps1'.can be tokenized by the PowerShell parser without any errors" executed="True" result="Success" success="True" time="0.0068" asserts="0" description="can be tokenized by the PowerShell parser without any errors">
                <results>
                  <test-case description="can be tokenized by the PowerShell parser without any errors" name="function 'Get-CurrentDomain.ps1'.can be tokenized by the PowerShell parser without any errors(&quot;E:\Owner\Documents\Google Drive\Programs\Scripts\PowerShell\Adsi\src\functions\public\Get-CurrentDomain.ps1&quot;)" time="0.0068" asserts="0" success="True" result="Success" executed="True" />
                </results>
              </test-suite>
              <test-suite type="ParameterizedTest" name="function 'Get-CurrentDomain.ps1'.runs without throwing errors" executed="True" result="Success" success="True" time="0.0086" asserts="0" description="runs without throwing errors">
                <results>
                  <test-case description="runs without throwing errors" name="function 'Get-CurrentDomain.ps1'.runs without throwing errors(&quot;E:\Owner\Documents\Google Drive\Programs\Scripts\PowerShell\Adsi\src\functions\public\Get-CurrentDomain.ps1&quot;)" time="0.0086" asserts="0" success="True" result="Success" executed="True" />
                </results>
              </test-suite>
            </results>
          </test-suite>
          <test-suite type="TestFixture" name="function 'Get-DirectoryEntry.ps1'" executed="True" result="Success" success="True" time="0.6283" asserts="0" description="function 'Get-DirectoryEntry.ps1'">
            <results>
              <test-suite type="ParameterizedTest" name="function 'Get-DirectoryEntry.ps1'.can be tokenized by the PowerShell parser without any errors" executed="True" result="Success" success="True" time="0.017" asserts="0" description="can be tokenized by the PowerShell parser without any errors">
                <results>
                  <test-case description="can be tokenized by the PowerShell parser without any errors" name="function 'Get-DirectoryEntry.ps1'.can be tokenized by the PowerShell parser without any errors(&quot;E:\Owner\Documents\Google Drive\Programs\Scripts\PowerShell\Adsi\src\functions\public\Get-DirectoryEntry.ps1&quot;)" time="0.017" asserts="0" success="True" result="Success" executed="True" />
                </results>
              </test-suite>
              <test-suite type="ParameterizedTest" name="function 'Get-DirectoryEntry.ps1'.runs without throwing errors" executed="True" result="Success" success="True" time="0.0262" asserts="0" description="runs without throwing errors">
                <results>
                  <test-case description="runs without throwing errors" name="function 'Get-DirectoryEntry.ps1'.runs without throwing errors(&quot;E:\Owner\Documents\Google Drive\Programs\Scripts\PowerShell\Adsi\src\functions\public\Get-DirectoryEntry.ps1&quot;)" time="0.0262" asserts="0" success="True" result="Success" executed="True" />
                </results>
              </test-suite>
            </results>
          </test-suite>
          <test-suite type="TestFixture" name="function 'Get-ParentDomainDnsName.ps1'" executed="True" result="Success" success="True" time="0.6459" asserts="0" description="function 'Get-ParentDomainDnsName.ps1'">
            <results>
              <test-suite type="ParameterizedTest" name="function 'Get-ParentDomainDnsName.ps1'.can be tokenized by the PowerShell parser without any errors" executed="True" result="Success" success="True" time="0.0064" asserts="0" description="can be tokenized by the PowerShell parser without any errors">
                <results>
                  <test-case description="can be tokenized by the PowerShell parser without any errors" name="function 'Get-ParentDomainDnsName.ps1'.can be tokenized by the PowerShell parser without any errors(&quot;E:\Owner\Documents\Google Drive\Programs\Scripts\PowerShell\Adsi\src\functions\public\Get-ParentDomainDnsName.ps1&quot;)" time="0.0064" asserts="0" success="True" result="Success" executed="True" />
                </results>
              </test-suite>
              <test-suite type="ParameterizedTest" name="function 'Get-ParentDomainDnsName.ps1'.runs without throwing errors" executed="True" result="Success" success="True" time="0.0055" asserts="0" description="runs without throwing errors">
                <results>
                  <test-case description="runs without throwing errors" name="function 'Get-ParentDomainDnsName.ps1'.runs without throwing errors(&quot;E:\Owner\Documents\Google Drive\Programs\Scripts\PowerShell\Adsi\src\functions\public\Get-ParentDomainDnsName.ps1&quot;)" time="0.0055" asserts="0" success="True" result="Success" executed="True" />
                </results>
              </test-suite>
            </results>
          </test-suite>
          <test-suite type="TestFixture" name="function 'Get-TrustedDomain.ps1'" executed="True" result="Success" success="True" time="0.669" asserts="0" description="function 'Get-TrustedDomain.ps1'">
            <results>
              <test-suite type="ParameterizedTest" name="function 'Get-TrustedDomain.ps1'.can be tokenized by the PowerShell parser without any errors" executed="True" result="Success" success="True" time="0.0058" asserts="0" description="can be tokenized by the PowerShell parser without any errors">
                <results>
                  <test-case description="can be tokenized by the PowerShell parser without any errors" name="function 'Get-TrustedDomain.ps1'.can be tokenized by the PowerShell parser without any errors(&quot;E:\Owner\Documents\Google Drive\Programs\Scripts\PowerShell\Adsi\src\functions\public\Get-TrustedDomain.ps1&quot;)" time="0.0058" asserts="0" success="True" result="Success" executed="True" />
                </results>
              </test-suite>
              <test-suite type="ParameterizedTest" name="function 'Get-TrustedDomain.ps1'.runs without throwing errors" executed="True" result="Success" success="True" time="0.0125" asserts="0" description="runs without throwing errors">
                <results>
                  <test-case description="runs without throwing errors" name="function 'Get-TrustedDomain.ps1'.runs without throwing errors(&quot;E:\Owner\Documents\Google Drive\Programs\Scripts\PowerShell\Adsi\src\functions\public\Get-TrustedDomain.ps1&quot;)" time="0.0125" asserts="0" success="True" result="Success" executed="True" />
                </results>
              </test-suite>
            </results>
          </test-suite>
          <test-suite type="TestFixture" name="function 'Get-WinNTGroupMember.ps1'" executed="True" result="Success" success="True" time="0.6876" asserts="0" description="function 'Get-WinNTGroupMember.ps1'">
            <results>
              <test-suite type="ParameterizedTest" name="function 'Get-WinNTGroupMember.ps1'.can be tokenized by the PowerShell parser without any errors" executed="True" result="Success" success="True" time="0.0083" asserts="0" description="can be tokenized by the PowerShell parser without any errors">
                <results>
                  <test-case description="can be tokenized by the PowerShell parser without any errors" name="function 'Get-WinNTGroupMember.ps1'.can be tokenized by the PowerShell parser without any errors(&quot;E:\Owner\Documents\Google Drive\Programs\Scripts\PowerShell\Adsi\src\functions\public\Get-WinNTGroupMember.ps1&quot;)" time="0.0083" asserts="0" success="True" result="Success" executed="True" />
                </results>
              </test-suite>
              <test-suite type="ParameterizedTest" name="function 'Get-WinNTGroupMember.ps1'.runs without throwing errors" executed="True" result="Success" success="True" time="0.0056" asserts="0" description="runs without throwing errors">
                <results>
                  <test-case description="runs without throwing errors" name="function 'Get-WinNTGroupMember.ps1'.runs without throwing errors(&quot;E:\Owner\Documents\Google Drive\Programs\Scripts\PowerShell\Adsi\src\functions\public\Get-WinNTGroupMember.ps1&quot;)" time="0.0056" asserts="0" success="True" result="Success" executed="True" />
                </results>
              </test-suite>
            </results>
          </test-suite>
          <test-suite type="TestFixture" name="function 'Invoke-ComObject.ps1'" executed="True" result="Success" success="True" time="0.7099" asserts="0" description="function 'Invoke-ComObject.ps1'">
            <results>
              <test-suite type="ParameterizedTest" name="function 'Invoke-ComObject.ps1'.can be tokenized by the PowerShell parser without any errors" executed="True" result="Success" success="True" time="0.0061" asserts="0" description="can be tokenized by the PowerShell parser without any errors">
                <results>
                  <test-case description="can be tokenized by the PowerShell parser without any errors" name="function 'Invoke-ComObject.ps1'.can be tokenized by the PowerShell parser without any errors(&quot;E:\Owner\Documents\Google Drive\Programs\Scripts\PowerShell\Adsi\src\functions\public\Invoke-ComObject.ps1&quot;)" time="0.0061" asserts="0" success="True" result="Success" executed="True" />
                </results>
              </test-suite>
              <test-suite type="ParameterizedTest" name="function 'Invoke-ComObject.ps1'.runs without throwing errors" executed="True" result="Success" success="True" time="0.0058" asserts="0" description="runs without throwing errors">
                <results>
                  <test-case description="runs without throwing errors" name="function 'Invoke-ComObject.ps1'.runs without throwing errors(&quot;E:\Owner\Documents\Google Drive\Programs\Scripts\PowerShell\Adsi\src\functions\public\Invoke-ComObject.ps1&quot;)" time="0.0058" asserts="0" success="True" result="Success" executed="True" />
                </results>
              </test-suite>
            </results>
          </test-suite>
          <test-suite type="TestFixture" name="function 'New-FakeDirectoryEntry.ps1'" executed="True" result="Success" success="True" time="0.7526" asserts="0" description="function 'New-FakeDirectoryEntry.ps1'">
            <results>
              <test-suite type="ParameterizedTest" name="function 'New-FakeDirectoryEntry.ps1'.can be tokenized by the PowerShell parser without any errors" executed="True" result="Success" success="True" time="0.0092" asserts="0" description="can be tokenized by the PowerShell parser without any errors">
                <results>
                  <test-case description="can be tokenized by the PowerShell parser without any errors" name="function 'New-FakeDirectoryEntry.ps1'.can be tokenized by the PowerShell parser without any errors(&quot;E:\Owner\Documents\Google Drive\Programs\Scripts\PowerShell\Adsi\src\functions\public\New-FakeDirectoryEntry.ps1&quot;)" time="0.0092" asserts="0" success="True" result="Success" executed="True" />
                </results>
              </test-suite>
              <test-suite type="ParameterizedTest" name="function 'New-FakeDirectoryEntry.ps1'.runs without throwing errors" executed="True" result="Success" success="True" time="0.0284" asserts="0" description="runs without throwing errors">
                <results>
                  <test-case description="runs without throwing errors" name="function 'New-FakeDirectoryEntry.ps1'.runs without throwing errors(&quot;E:\Owner\Documents\Google Drive\Programs\Scripts\PowerShell\Adsi\src\functions\public\New-FakeDirectoryEntry.ps1&quot;)" time="0.0284" asserts="0" success="True" result="Success" executed="True" />
                </results>
              </test-suite>
            </results>
          </test-suite>
          <test-suite type="TestFixture" name="function 'Resolve-IdentityReference.ps1'" executed="True" result="Success" success="True" time="0.7808" asserts="0" description="function 'Resolve-IdentityReference.ps1'">
            <results>
              <test-suite type="ParameterizedTest" name="function 'Resolve-IdentityReference.ps1'.can be tokenized by the PowerShell parser without any errors" executed="True" result="Success" success="True" time="0.0154" asserts="0" description="can be tokenized by the PowerShell parser without any errors">
                <results>
                  <test-case description="can be tokenized by the PowerShell parser without any errors" name="function 'Resolve-IdentityReference.ps1'.can be tokenized by the PowerShell parser without any errors(&quot;E:\Owner\Documents\Google Drive\Programs\Scripts\PowerShell\Adsi\src\functions\public\Resolve-IdentityReference.ps1&quot;)" time="0.0154" asserts="0" success="True" result="Success" executed="True" />
                </results>
              </test-suite>
              <test-suite type="ParameterizedTest" name="function 'Resolve-IdentityReference.ps1'.runs without throwing errors" executed="True" result="Success" success="True" time="0.0072" asserts="0" description="runs without throwing errors">
                <results>
                  <test-case description="runs without throwing errors" name="function 'Resolve-IdentityReference.ps1'.runs without throwing errors(&quot;E:\Owner\Documents\Google Drive\Programs\Scripts\PowerShell\Adsi\src\functions\public\Resolve-IdentityReference.ps1&quot;)" time="0.0072" asserts="0" success="True" result="Success" executed="True" />
                </results>
              </test-suite>
            </results>
          </test-suite>
          <test-suite type="TestFixture" name="function 'Search-Directory.ps1'" executed="True" result="Success" success="True" time="0.8111" asserts="0" description="function 'Search-Directory.ps1'">
            <results>
              <test-suite type="ParameterizedTest" name="function 'Search-Directory.ps1'.can be tokenized by the PowerShell parser without any errors" executed="True" result="Success" success="True" time="0.0076" asserts="0" description="can be tokenized by the PowerShell parser without any errors">
                <results>
                  <test-case description="can be tokenized by the PowerShell parser without any errors" name="function 'Search-Directory.ps1'.can be tokenized by the PowerShell parser without any errors(&quot;E:\Owner\Documents\Google Drive\Programs\Scripts\PowerShell\Adsi\src\functions\public\Search-Directory.ps1&quot;)" time="0.0076" asserts="0" success="True" result="Success" executed="True" />
                </results>
              </test-suite>
              <test-suite type="ParameterizedTest" name="function 'Search-Directory.ps1'.runs without throwing errors" executed="True" result="Success" success="True" time="0.0071" asserts="0" description="runs without throwing errors">
                <results>
                  <test-case description="runs without throwing errors" name="function 'Search-Directory.ps1'.runs without throwing errors(&quot;E:\Owner\Documents\Google Drive\Programs\Scripts\PowerShell\Adsi\src\functions\public\Search-Directory.ps1&quot;)" time="0.0071" asserts="0" success="True" result="Success" executed="True" />
                </results>
              </test-suite>
            </results>
          </test-suite>
        </results>
      </test-suite>
      <test-suite type="TestFixture" name="E:\Owner\Documents\Google Drive\Programs\Scripts\PowerShell\Adsi\tests\Help.tests.ps1" executed="True" result="Failure" success="False" time="11.4291" asserts="0" description="E:\Owner\Documents\Google Drive\Programs\Scripts\PowerShell\Adsi\tests\Help.tests.ps1">
        <results>
          <test-suite type="TestFixture" name="help for Add-DomainFqdnToLdapPath" executed="True" result="Failure" success="False" time="0.2826" asserts="0" description="help for Add-DomainFqdnToLdapPath">
            <results>
              <test-suite type="TestFixture" name="help for Add-DomainFqdnToLdapPath.- Help for parameter 'CimCache'" executed="True" result="Success" success="True" time="0.0525" asserts="0" description="help for Add-DomainFqdnToLdapPath.- Help for parameter 'CimCache'">
                <results>
                  <test-case description="has a description" name="help for Add-DomainFqdnToLdapPath.- Help for parameter 'CimCache'.has a description" time="0.0063" asserts="0" success="True" result="Success" executed="True" />
                  <test-case description="has the correct [mandatory] value" name="help for Add-DomainFqdnToLdapPath.- Help for parameter 'CimCache'.has the correct [mandatory] value" time="0.0156" asserts="0" success="True" result="Success" executed="True" />
                  <test-case description="has the correct parameter type" name="help for Add-DomainFqdnToLdapPath.- Help for parameter 'CimCache'.has the correct parameter type" time="0.0046" asserts="0" success="True" result="Success" executed="True" />
                </results>
              </test-suite>
              <test-suite type="TestFixture" name="help for Add-DomainFqdnToLdapPath.- Help for parameter 'DebugOutputStream'" executed="True" result="Success" success="True" time="0.0719" asserts="0" description="help for Add-DomainFqdnToLdapPath.- Help for parameter 'DebugOutputStream'">
                <results>
                  <test-case description="has a description" name="help for Add-DomainFqdnToLdapPath.- Help for parameter 'DebugOutputStream'.has a description" time="0.0038" asserts="0" success="True" result="Success" executed="True" />
                  <test-case description="has the correct [mandatory] value" name="help for Add-DomainFqdnToLdapPath.- Help for parameter 'DebugOutputStream'.has the correct [mandatory] value" time="0.0051" asserts="0" success="True" result="Success" executed="True" />
                  <test-case description="has the correct parameter type" name="help for Add-DomainFqdnToLdapPath.- Help for parameter 'DebugOutputStream'.has the correct parameter type" time="0.0048" asserts="0" success="True" result="Success" executed="True" />
                </results>
              </test-suite>
              <test-suite type="TestFixture" name="help for Add-DomainFqdnToLdapPath.- Help for parameter 'DirectoryPath'" executed="True" result="Success" success="True" time="0.1078" asserts="0" description="help for Add-DomainFqdnToLdapPath.- Help for parameter 'DirectoryPath'">
                <results>
                  <test-case description="has a description" name="help for Add-DomainFqdnToLdapPath.- Help for parameter 'DirectoryPath'.has a description" time="0.0062" asserts="0" success="True" result="Success" executed="True" />
                  <test-case description="has the correct [mandatory] value" name="help for Add-DomainFqdnToLdapPath.- Help for parameter 'DirectoryPath'.has the correct [mandatory] value" time="0.0045" asserts="0" success="True" result="Success" executed="True" />
                  <test-case description="has the correct parameter type" name="help for Add-DomainFqdnToLdapPath.- Help for parameter 'DirectoryPath'.has the correct parameter type" time="0.0196" asserts="0" success="True" result="Success" executed="True" />
                </results>
              </test-suite>
              <test-suite type="TestFixture" name="help for Add-DomainFqdnToLdapPath.- Help for parameter 'LogBuffer'" executed="True" result="Success" success="True" time="0.1296" asserts="0" description="help for Add-DomainFqdnToLdapPath.- Help for parameter 'LogBuffer'">
                <results>
                  <test-case description="has a description" name="help for Add-DomainFqdnToLdapPath.- Help for parameter 'LogBuffer'.has a description" time="0.0046" asserts="0" success="True" result="Success" executed="True" />
                  <test-case description="has the correct [mandatory] value" name="help for Add-DomainFqdnToLdapPath.- Help for parameter 'LogBuffer'.has the correct [mandatory] value" time="0.0069" asserts="0" success="True" result="Success" executed="True" />
                  <test-case description="has the correct parameter type" name="help for Add-DomainFqdnToLdapPath.- Help for parameter 'LogBuffer'.has the correct parameter type" time="0.0049" asserts="0" success="True" result="Success" executed="True" />
                </results>
              </test-suite>
              <test-suite type="TestFixture" name="help for Add-DomainFqdnToLdapPath.- Help for parameter 'ProgressAction'" executed="True" result="Failure" success="False" time="0.1708" asserts="0" description="help for Add-DomainFqdnToLdapPath.- Help for parameter 'ProgressAction'">
                <results>
                  <test-case description="has a description" name="help for Add-DomainFqdnToLdapPath.- Help for parameter 'ProgressAction'.has a description" time="0.0161" asserts="0" success="False" result="Failure" executed="True">
                    <failure>
                      <message>Expected a value, but got $null or empty.</message>
                      <stack-trace>at $parameterHelp.Description.Text | Should -Not -BeNullOrEmpty, E:\Owner\Documents\Google Drive\Programs\Scripts\PowerShell\Adsi\tests\Help.tests.ps1:103
at &lt;ScriptBlock&gt;, E:\Owner\Documents\Google Drive\Programs\Scripts\PowerShell\Adsi\tests\Help.tests.ps1:103</stack-trace>
                    </failure>
                  </test-case>
                  <test-case description="has the correct [mandatory] value" name="help for Add-DomainFqdnToLdapPath.- Help for parameter 'ProgressAction'.has the correct [mandatory] value" time="0.0097" asserts="0" success="False" result="Failure" executed="True">
                    <failure>
                      <message>Expected 'False', but got $null.</message>
                      <stack-trace>at $parameterHelp.Required | Should -Be $codeMandatory, E:\Owner\Documents\Google Drive\Programs\Scripts\PowerShell\Adsi\tests\Help.tests.ps1:109
at &lt;ScriptBlock&gt;, E:\Owner\Documents\Google Drive\Programs\Scripts\PowerShell\Adsi\tests\Help.tests.ps1:109</stack-trace>
                    </failure>
                  </test-case>
                  <test-case description="has the correct parameter type" name="help for Add-DomainFqdnToLdapPath.- Help for parameter 'ProgressAction'.has the correct parameter type" time="0.0092" asserts="0" success="False" result="Failure" executed="True">
                    <failure>
                      <message>Expected 'ActionPreference', but got $null.</message>
                      <stack-trace>at $parameterHelpType | Should -Be $parameter.ParameterType.Name, E:\Owner\Documents\Google Drive\Programs\Scripts\PowerShell\Adsi\tests\Help.tests.ps1:114
at &lt;ScriptBlock&gt;, E:\Owner\Documents\Google Drive\Programs\Scripts\PowerShell\Adsi\tests\Help.tests.ps1:114</stack-trace>
                    </failure>
                  </test-case>
                </results>
              </test-suite>
              <test-suite type="TestFixture" name="help for Add-DomainFqdnToLdapPath.- Help for parameter 'ThisFqdn'" executed="True" result="Success" success="True" time="0.1985" asserts="0" description="help for Add-DomainFqdnToLdapPath.- Help for parameter 'ThisFqdn'">
                <results>
                  <test-case description="has a description" name="help for Add-DomainFqdnToLdapPath.- Help for parameter 'ThisFqdn'.has a description" time="0.0064" asserts="0" success="True" result="Success" executed="True" />
                  <test-case description="has the correct [mandatory] value" name="help for Add-DomainFqdnToLdapPath.- Help for parameter 'ThisFqdn'.has the correct [mandatory] value" time="0.0055" asserts="0" success="True" result="Success" executed="True" />
                  <test-case description="has the correct parameter type" name="help for Add-DomainFqdnToLdapPath.- Help for parameter 'ThisFqdn'.has the correct parameter type" time="0.0052" asserts="0" success="True" result="Success" executed="True" />
                </results>
              </test-suite>
              <test-suite type="TestFixture" name="help for Add-DomainFqdnToLdapPath.- Help for parameter 'ThisHostName'" executed="True" result="Success" success="True" time="0.2281" asserts="0" description="help for Add-DomainFqdnToLdapPath.- Help for parameter 'ThisHostName'">
                <results>
                  <test-case description="has a description" name="help for Add-DomainFqdnToLdapPath.- Help for parameter 'ThisHostName'.has a description" time="0.0066" asserts="0" success="True" result="Success" executed="True" />
                  <test-case description="has the correct [mandatory] value" name="help for Add-DomainFqdnToLdapPath.- Help for parameter 'ThisHostName'.has the correct [mandatory] value" time="0.0047" asserts="0" success="True" result="Success" executed="True" />
                  <test-case description="has the correct parameter type" name="help for Add-DomainFqdnToLdapPath.- Help for parameter 'ThisHostName'.has the correct parameter type" time="0.0127" asserts="0" success="True" result="Success" executed="True" />
                </results>
              </test-suite>
              <test-suite type="TestFixture" name="help for Add-DomainFqdnToLdapPath.- Help for parameter 'WhoAmI'" executed="True" result="Success" success="True" time="0.2496" asserts="0" description="help for Add-DomainFqdnToLdapPath.- Help for parameter 'WhoAmI'">
                <results>
                  <test-case description="has a description" name="help for Add-DomainFqdnToLdapPath.- Help for parameter 'WhoAmI'.has a description" time="0.0059" asserts="0" success="True" result="Success" executed="True" />
                  <test-case description="has the correct [mandatory] value" name="help for Add-DomainFqdnToLdapPath.- Help for parameter 'WhoAmI'.has the correct [mandatory] value" time="0.0049" asserts="0" success="True" result="Success" executed="True" />
                  <test-case description="has the correct parameter type" name="help for Add-DomainFqdnToLdapPath.- Help for parameter 'WhoAmI'.has the correct parameter type" time="0.0048" asserts="0" success="True" result="Success" executed="True" />
                </results>
              </test-suite>
              <test-case description="is not auto-generated" name="help for Add-DomainFqdnToLdapPath.is not auto-generated" time="0.0068" asserts="0" success="True" result="Success" executed="True" />
              <test-case description="has a description" name="help for Add-DomainFqdnToLdapPath.has a description" time="0.0038" asserts="0" success="True" result="Success" executed="True" />
              <test-case description="has example code" name="help for Add-DomainFqdnToLdapPath.has example code" time="0.0036" asserts="0" success="True" result="Success" executed="True" />
              <test-case description="has example help" name="help for Add-DomainFqdnToLdapPath.has example help" time="0.0041" asserts="0" success="True" result="Success" executed="True" />
            </results>
          </test-suite>
          <test-suite type="TestFixture" name="help for Add-SidInfo" executed="True" result="Failure" success="False" time="0.5263" asserts="0" description="help for Add-SidInfo">
            <results>
              <test-suite type="TestFixture" name="help for Add-SidInfo.- Help for parameter 'DebugOutputStream'" executed="True" result="Success" success="True" time="0.034" asserts="0" description="help for Add-SidInfo.- Help for parameter 'DebugOutputStream'">
                <results>
                  <test-case description="has a description" name="help for Add-SidInfo.- Help for parameter 'DebugOutputStream'.has a description" time="0.0038" asserts="0" success="True" result="Success" executed="True" />
                  <test-case description="has the correct [mandatory] value" name="help for Add-SidInfo.- Help for parameter 'DebugOutputStream'.has the correct [mandatory] value" time="0.0028" asserts="0" success="True" result="Success" executed="True" />
                  <test-case description="has the correct parameter type" name="help for Add-SidInfo.- Help for parameter 'DebugOutputStream'.has the correct parameter type" time="0.0043" asserts="0" success="True" result="Success" executed="True" />
                </results>
              </test-suite>
              <test-suite type="TestFixture" name="help for Add-SidInfo.- Help for parameter 'DomainsBySid'" executed="True" result="Success" success="True" time="0.0597" asserts="0" description="help for Add-SidInfo.- Help for parameter 'DomainsBySid'">
                <results>
                  <test-case description="has a description" name="help for Add-SidInfo.- Help for parameter 'DomainsBySid'.has a description" time="0.0056" asserts="0" success="True" result="Success" executed="True" />
                  <test-case description="has the correct [mandatory] value" name="help for Add-SidInfo.- Help for parameter 'DomainsBySid'.has the correct [mandatory] value" time="0.0056" asserts="0" success="True" result="Success" executed="True" />
                  <test-case description="has the correct parameter type" name="help for Add-SidInfo.- Help for parameter 'DomainsBySid'.has the correct parameter type" time="0.0052" asserts="0" success="True" result="Success" executed="True" />
                </results>
              </test-suite>
              <test-suite type="TestFixture" name="help for Add-SidInfo.- Help for parameter 'InputObject'" executed="True" result="Success" success="True" time="0.0963" asserts="0" description="help for Add-SidInfo.- Help for parameter 'InputObject'">
                <results>
                  <test-case description="has a description" name="help for Add-SidInfo.- Help for parameter 'InputObject'.has a description" time="0.0065" asserts="0" success="True" result="Success" executed="True" />
                  <test-case description="has the correct [mandatory] value" name="help for Add-SidInfo.- Help for parameter 'InputObject'.has the correct [mandatory] value" time="0.0051" asserts="0" success="True" result="Success" executed="True" />
                  <test-case description="has the correct parameter type" name="help for Add-SidInfo.- Help for parameter 'InputObject'.has the correct parameter type" time="0.019" asserts="0" success="True" result="Success" executed="True" />
                </results>
              </test-suite>
              <test-suite type="TestFixture" name="help for Add-SidInfo.- Help for parameter 'LogBuffer'" executed="True" result="Success" success="True" time="0.1189" asserts="0" description="help for Add-SidInfo.- Help for parameter 'LogBuffer'">
                <results>
                  <test-case description="has a description" name="help for Add-SidInfo.- Help for parameter 'LogBuffer'.has a description" time="0.0065" asserts="0" success="True" result="Success" executed="True" />
                  <test-case description="has the correct [mandatory] value" name="help for Add-SidInfo.- Help for parameter 'LogBuffer'.has the correct [mandatory] value" time="0.0049" asserts="0" success="True" result="Success" executed="True" />
                  <test-case description="has the correct parameter type" name="help for Add-SidInfo.- Help for parameter 'LogBuffer'.has the correct parameter type" time="0.0046" asserts="0" success="True" result="Success" executed="True" />
                </results>
              </test-suite>
              <test-suite type="TestFixture" name="help for Add-SidInfo.- Help for parameter 'ProgressAction'" executed="True" result="Failure" success="False" time="0.1546" asserts="0" description="help for Add-SidInfo.- Help for parameter 'ProgressAction'">
                <results>
                  <test-case description="has a description" name="help for Add-SidInfo.- Help for parameter 'ProgressAction'.has a description" time="0.0139" asserts="0" success="False" result="Failure" executed="True">
                    <failure>
                      <message>Expected a value, but got $null or empty.</message>
                      <stack-trace>at $parameterHelp.Description.Text | Should -Not -BeNullOrEmpty, E:\Owner\Documents\Google Drive\Programs\Scripts\PowerShell\Adsi\tests\Help.tests.ps1:103
at &lt;ScriptBlock&gt;, E:\Owner\Documents\Google Drive\Programs\Scripts\PowerShell\Adsi\tests\Help.tests.ps1:103</stack-trace>
                    </failure>
                  </test-case>
                  <test-case description="has the correct [mandatory] value" name="help for Add-SidInfo.- Help for parameter 'ProgressAction'.has the correct [mandatory] value" time="0.008" asserts="0" success="False" result="Failure" executed="True">
                    <failure>
                      <message>Expected 'False', but got $null.</message>
                      <stack-trace>at $parameterHelp.Required | Should -Be $codeMandatory, E:\Owner\Documents\Google Drive\Programs\Scripts\PowerShell\Adsi\tests\Help.tests.ps1:109
at &lt;ScriptBlock&gt;, E:\Owner\Documents\Google Drive\Programs\Scripts\PowerShell\Adsi\tests\Help.tests.ps1:109</stack-trace>
                    </failure>
                  </test-case>
                  <test-case description="has the correct parameter type" name="help for Add-SidInfo.- Help for parameter 'ProgressAction'.has the correct parameter type" time="0.0085" asserts="0" success="False" result="Failure" executed="True">
                    <failure>
                      <message>Expected 'ActionPreference', but got $null.</message>
                      <stack-trace>at $parameterHelpType | Should -Be $parameter.ParameterType.Name, E:\Owner\Documents\Google Drive\Programs\Scripts\PowerShell\Adsi\tests\Help.tests.ps1:114
at &lt;ScriptBlock&gt;, E:\Owner\Documents\Google Drive\Programs\Scripts\PowerShell\Adsi\tests\Help.tests.ps1:114</stack-trace>
                    </failure>
                  </test-case>
                </results>
              </test-suite>
              <test-suite type="TestFixture" name="help for Add-SidInfo.- Help for parameter 'ThisHostName'" executed="True" result="Success" success="True" time="0.1837" asserts="0" description="help for Add-SidInfo.- Help for parameter 'ThisHostName'">
                <results>
                  <test-case description="has a description" name="help for Add-SidInfo.- Help for parameter 'ThisHostName'.has a description" time="0.014" asserts="0" success="True" result="Success" executed="True" />
                  <test-case description="has the correct [mandatory] value" name="help for Add-SidInfo.- Help for parameter 'ThisHostName'.has the correct [mandatory] value" time="0.0043" asserts="0" success="True" result="Success" executed="True" />
                  <test-case description="has the correct parameter type" name="help for Add-SidInfo.- Help for parameter 'ThisHostName'.has the correct parameter type" time="0.0041" asserts="0" success="True" result="Success" executed="True" />
                </results>
              </test-suite>
              <test-suite type="TestFixture" name="help for Add-SidInfo.- Help for parameter 'WhoAmI'" executed="True" result="Success" success="True" time="0.2082" asserts="0" description="help for Add-SidInfo.- Help for parameter 'WhoAmI'">
                <results>
                  <test-case description="has a description" name="help for Add-SidInfo.- Help for parameter 'WhoAmI'.has a description" time="0.0052" asserts="0" success="True" result="Success" executed="True" />
                  <test-case description="has the correct [mandatory] value" name="help for Add-SidInfo.- Help for parameter 'WhoAmI'.has the correct [mandatory] value" time="0.0043" asserts="0" success="True" result="Success" executed="True" />
                  <test-case description="has the correct parameter type" name="help for Add-SidInfo.- Help for parameter 'WhoAmI'.has the correct parameter type" time="0.0098" asserts="0" success="True" result="Success" executed="True" />
                </results>
              </test-suite>
              <test-case description="is not auto-generated" name="help for Add-SidInfo.is not auto-generated" time="0.0064" asserts="0" success="True" result="Success" executed="True" />
              <test-case description="has a description" name="help for Add-SidInfo.has a description" time="0.0029" asserts="0" success="True" result="Success" executed="True" />
              <test-case description="has example code" name="help for Add-SidInfo.has example code" time="0.0034" asserts="0" success="True" result="Success" executed="True" />
[...]
                    <failure>
                      <message>Expected a value, but got $null or empty.</message>
                      <stack-trace>at $parameterHelp.Description.Text | Should -Not -BeNullOrEmpty, E:\Owner\Documents\Google Drive\Programs\Scripts\PowerShell\Adsi\tests\Help.tests.ps1:103
at &lt;ScriptBlock&gt;, E:\Owner\Documents\Google Drive\Programs\Scripts\PowerShell\Adsi\tests\Help.tests.ps1:103</stack-trace>
                    </failure>
                  </test-case>
                  <test-case description="has the correct [mandatory] value" name="help for Search-Directory.- Help for parameter 'DomainsByNetbios'.has the correct [mandatory] value" time="0.0133" asserts="0" success="True" result="Success" executed="True" />
                  <test-case description="has the correct parameter type" name="help for Search-Directory.- Help for parameter 'DomainsByNetbios'.has the correct parameter type" time="0.0048" asserts="0" success="True" result="Success" executed="True" />
                </results>
              </test-suite>
              <test-suite type="TestFixture" name="help for Search-Directory.- Help for parameter 'Filter'" executed="True" result="Success" success="True" time="0.1844" asserts="0" description="help for Search-Directory.- Help for parameter 'Filter'">
                <results>
                  <test-case description="has a description" name="help for Search-Directory.- Help for parameter 'Filter'.has a description" time="0.0046" asserts="0" success="True" result="Success" executed="True" />
                  <test-case description="has the correct [mandatory] value" name="help for Search-Directory.- Help for parameter 'Filter'.has the correct [mandatory] value" time="0.0029" asserts="0" success="True" result="Success" executed="True" />
                  <test-case description="has the correct parameter type" name="help for Search-Directory.- Help for parameter 'Filter'.has the correct parameter type" time="0.0033" asserts="0" success="True" result="Success" executed="True" />
                </results>
              </test-suite>
              <test-suite type="TestFixture" name="help for Search-Directory.- Help for parameter 'LogBuffer'" executed="True" result="Success" success="True" time="0.203" asserts="0" description="help for Search-Directory.- Help for parameter 'LogBuffer'">
                <results>
                  <test-case description="has a description" name="help for Search-Directory.- Help for parameter 'LogBuffer'.has a description" time="0.0052" asserts="0" success="True" result="Success" executed="True" />
                  <test-case description="has the correct [mandatory] value" name="help for Search-Directory.- Help for parameter 'LogBuffer'.has the correct [mandatory] value" time="0.0042" asserts="0" success="True" result="Success" executed="True" />
                  <test-case description="has the correct parameter type" name="help for Search-Directory.- Help for parameter 'LogBuffer'.has the correct parameter type" time="0.004" asserts="0" success="True" result="Success" executed="True" />
                </results>
              </test-suite>
              <test-suite type="TestFixture" name="help for Search-Directory.- Help for parameter 'PageSize'" executed="True" result="Success" success="True" time="0.2242" asserts="0" description="help for Search-Directory.- Help for parameter 'PageSize'">
                <results>
                  <test-case description="has a description" name="help for Search-Directory.- Help for parameter 'PageSize'.has a description" time="0.0041" asserts="0" success="True" result="Success" executed="True" />
                  <test-case description="has the correct [mandatory] value" name="help for Search-Directory.- Help for parameter 'PageSize'.has the correct [mandatory] value" time="0.0085" asserts="0" success="True" result="Success" executed="True" />
                  <test-case description="has the correct parameter type" name="help for Search-Directory.- Help for parameter 'PageSize'.has the correct parameter type" time="0.0036" asserts="0" success="True" result="Success" executed="True" />
                </results>
              </test-suite>
              <test-suite type="TestFixture" name="help for Search-Directory.- Help for parameter 'PropertiesToLoad'" executed="True" result="Success" success="True" time="0.2408" asserts="0" description="help for Search-Directory.- Help for parameter 'PropertiesToLoad'">
                <results>
                  <test-case description="has a description" name="help for Search-Directory.- Help for parameter 'PropertiesToLoad'.has a description" time="0.0044" asserts="0" success="True" result="Success" executed="True" />
                  <test-case description="has the correct [mandatory] value" name="help for Search-Directory.- Help for parameter 'PropertiesToLoad'.has the correct [mandatory] value" time="0.004" asserts="0" success="True" result="Success" executed="True" />
                  <test-case description="has the correct parameter type" name="help for Search-Directory.- Help for parameter 'PropertiesToLoad'.has the correct parameter type" time="0.003" asserts="0" success="True" result="Success" executed="True" />
                </results>
              </test-suite>
              <test-suite type="TestFixture" name="help for Search-Directory.- Help for parameter 'SearchScope'" executed="True" result="Success" success="True" time="0.2626" asserts="0" description="help for Search-Directory.- Help for parameter 'SearchScope'">
                <results>
                  <test-case description="has a description" name="help for Search-Directory.- Help for parameter 'SearchScope'.has a description" time="0.006" asserts="0" success="True" result="Success" executed="True" />
                  <test-case description="has the correct [mandatory] value" name="help for Search-Directory.- Help for parameter 'SearchScope'.has the correct [mandatory] value" time="0.0032" asserts="0" success="True" result="Success" executed="True" />
                  <test-case description="has the correct parameter type" name="help for Search-Directory.- Help for parameter 'SearchScope'.has the correct parameter type" time="0.0027" asserts="0" success="True" result="Success" executed="True" />
                </results>
              </test-suite>
              <test-suite type="TestFixture" name="help for Search-Directory.- Help for parameter 'ThisFqdn'" executed="True" result="Success" success="True" time="0.2885" asserts="0" description="help for Search-Directory.- Help for parameter 'ThisFqdn'">
                <results>
                  <test-case description="has a description" name="help for Search-Directory.- Help for parameter 'ThisFqdn'.has a description" time="0.0062" asserts="0" success="True" result="Success" executed="True" />
                  <test-case description="has the correct [mandatory] value" name="help for Search-Directory.- Help for parameter 'ThisFqdn'.has the correct [mandatory] value" time="0.0083" asserts="0" success="True" result="Success" executed="True" />
                  <test-case description="has the correct parameter type" name="help for Search-Directory.- Help for parameter 'ThisFqdn'.has the correct parameter type" time="0.0059" asserts="0" success="True" result="Success" executed="True" />
                </results>
              </test-suite>
              <test-suite type="TestFixture" name="help for Search-Directory.- Help for parameter 'ThisHostName'" executed="True" result="Success" success="True" time="0.31" asserts="0" description="help for Search-Directory.- Help for parameter 'ThisHostName'">
                <results>
                  <test-case description="has a description" name="help for Search-Directory.- Help for parameter 'ThisHostName'.has a description" time="0.0061" asserts="0" success="True" result="Success" executed="True" />
                  <test-case description="has the correct [mandatory] value" name="help for Search-Directory.- Help for parameter 'ThisHostName'.has the correct [mandatory] value" time="0.0056" asserts="0" success="True" result="Success" executed="True" />
                  <test-case description="has the correct parameter type" name="help for Search-Directory.- Help for parameter 'ThisHostName'.has the correct parameter type" time="0.0049" asserts="0" success="True" result="Success" executed="True" />
                </results>
              </test-suite>
              <test-suite type="TestFixture" name="help for Search-Directory.- Help for parameter 'WhoAmI'" executed="True" result="Success" success="True" time="0.3377" asserts="0" description="help for Search-Directory.- Help for parameter 'WhoAmI'">
                <results>
                  <test-case description="has a description" name="help for Search-Directory.- Help for parameter 'WhoAmI'.has a description" time="0.0071" asserts="0" success="True" result="Success" executed="True" />
                  <test-case description="has the correct [mandatory] value" name="help for Search-Directory.- Help for parameter 'WhoAmI'.has the correct [mandatory] value" time="0.0054" asserts="0" success="True" result="Success" executed="True" />
                  <test-case description="has the correct parameter type" name="help for Search-Directory.- Help for parameter 'WhoAmI'.has the correct parameter type" time="0.0052" asserts="0" success="True" result="Success" executed="True" />
                </results>
              </test-suite>
              <test-case description="is not auto-generated" name="help for Search-Directory.is not auto-generated" time="0.0054" asserts="0" success="True" result="Success" executed="True" />
              <test-case description="has a description" name="help for Search-Directory.has a description" time="0.0027" asserts="0" success="True" result="Success" executed="True" />
              <test-case description="has example code" name="help for Search-Directory.has example code" time="0.003" asserts="0" success="True" result="Success" executed="True" />
              <test-case description="has example help" name="help for Search-Directory.has example help" time="0.0043" asserts="0" success="True" result="Success" executed="True" />
            </results>
          </test-suite>
        </results>
      </test-suite>
      <test-suite type="TestFixture" name="E:\Owner\Documents\Google Drive\Programs\Scripts\PowerShell\Adsi\tests\Manifest.tests.ps1" executed="True" result="Ignored" success="True" time="0.2208" asserts="0" description="E:\Owner\Documents\Google Drive\Programs\Scripts\PowerShell\Adsi\tests\Manifest.tests.ps1">
        <results>
          <test-suite type="TestFixture" name="module manifest 'Adsi.psd1'" executed="True" result="Success" success="True" time="0.0559" asserts="0" description="module manifest 'Adsi.psd1'">
            <results>
              <test-suite type="TestFixture" name="module manifest 'Adsi.psd1'.- Validation" executed="True" result="Success" success="True" time="0.0511" asserts="0" description="module manifest 'Adsi.psd1'.- Validation">
                <results>
                  <test-case description="is a valid manifest" name="module manifest 'Adsi.psd1'.- Validation.is a valid manifest" time="0.0075" asserts="0" success="True" result="Success" executed="True" />
                  <test-case description="has a valid name in the manifest" name="module manifest 'Adsi.psd1'.- Validation.has a valid name in the manifest" time="0.0054" asserts="0" success="True" result="Success" executed="True" />
                  <test-case description="has a valid root module" name="module manifest 'Adsi.psd1'.- Validation.has a valid root module" time="0.0047" asserts="0" success="True" result="Success" executed="True" />
                  <test-case description="has a valid version" name="module manifest 'Adsi.psd1'.- Validation.has a valid version" time="0.009" asserts="0" success="True" result="Success" executed="True" />
                  <test-case description="has a valid description" name="module manifest 'Adsi.psd1'.- Validation.has a valid description" time="0.0056" asserts="0" success="True" result="Success" executed="True" />
                  <test-case description="has a valid author" name="module manifest 'Adsi.psd1'.- Validation.has a valid author" time="0.0035" asserts="0" success="True" result="Success" executed="True" />
                  <test-case description="has a valid guid" name="module manifest 'Adsi.psd1'.- Validation.has a valid guid" time="0.0054" asserts="0" success="True" result="Success" executed="True" />
                  <test-case description="has a valid copyright" name="module manifest 'Adsi.psd1'.- Validation.has a valid copyright" time="0.0039" asserts="0" success="True" result="Success" executed="True" />
                </results>
              </test-suite>
            </results>
          </test-suite>
          <test-suite type="TestFixture" name="Git tagging" executed="True" result="Ignored" success="True" time="0.0765" asserts="0" description="Git tagging">
            <results>
              <test-suite type="TestFixture" name="Git tagging.- Git tag version ''" executed="True" result="Ignored" success="True" time="0.0156" asserts="0" description="Git tagging.- Git tag version ''">
                <results>
                  <test-case description="is a valid version" name="Git tagging.- Git tag version ''.is a valid version" time="0.0068" asserts="0" success="False" result="Ignored" executed="False" />
                  <test-case description="matches the module manifest version" name="Git tagging.- Git tag version ''.matches the module manifest version" time="0.0027" asserts="0" success="False" result="Ignored" executed="False" />
                </results>
              </test-suite>
            </results>
          </test-suite>
        </results>
      </test-suite>
      <test-suite type="TestFixture" name="E:\Owner\Documents\Google Drive\Programs\Scripts\PowerShell\Adsi\tests\Metadata.tests.ps1" executed="True" result="Success" success="True" time="0.3833" asserts="0" description="E:\Owner\Documents\Google Drive\Programs\Scripts\PowerShell\Adsi\tests\Metadata.tests.ps1">
        <results>
          <test-suite type="TestFixture" name="text files" executed="True" result="Success" success="True" time="0.0338" asserts="0" description="text files">
            <results>
              <test-suite type="TestFixture" name="text files.- File Encoding" executed="True" result="Success" success="True" time="0.0175" asserts="0" description="text files.- File Encoding">
                <results>
                  <test-case description="do not use Unicode/UTF-16 encoding" name="text files.- File Encoding.do not use Unicode/UTF-16 encoding" time="0.0119" asserts="0" success="True" result="Success" executed="True" />
                </results>
              </test-suite>
              <test-suite type="TestFixture" name="text files.- Indentations" executed="True" result="Success" success="True" time="0.0286" asserts="0" description="text files.- Indentations">
                <results>
                  <test-case description="do not use tabs for indentations" name="text files.- Indentations.do not use tabs for indentations" time="0.0064" asserts="0" success="True" result="Success" executed="True" />
                </results>
              </test-suite>
            </results>
          </test-suite>
        </results>
      </test-suite>
      <test-suite type="TestFixture" name="E:\Owner\Documents\Google Drive\Programs\Scripts\PowerShell\Adsi\tests\Module.tests.ps1" executed="True" result="Success" success="True" time="0.1768" asserts="0" description="E:\Owner\Documents\Google Drive\Programs\Scripts\PowerShell\Adsi\tests\Module.tests.ps1">
        <results>
          <test-suite type="TestFixture" name="PowerShell files in module 'Adsi'" executed="True" result="Success" success="True" time="0.0774" asserts="0" description="PowerShell files in module 'Adsi'">
            <results>
              <test-suite type="ParameterizedTest" name="PowerShell files in module 'Adsi'.'&lt;Script&gt;' can be tokenized by the PowerShell parser without any errors" executed="True" result="Success" success="True" time="0.0724" asserts="0" description="'&lt;Script&gt;' can be tokenized by the PowerShell parser without any errors">
                <results>
                  <test-case description="'E:\Owner\Documents\Google Drive\Programs\Scripts\PowerShell\Adsi\dist\4.0.131\Adsi\Adsi.psd1' can be tokenized by the PowerShell parser without any errors" name="PowerShell files in module 'Adsi'.'E:\Owner\Documents\Google Drive\Programs\Scripts\PowerShell\Adsi\dist\4.0.131\Adsi\Adsi.psd1' can be tokenized by the PowerShell parser without any errors" time="0.0089" asserts="0" success="True" result="Success" executed="True" />
                  <test-case description="'E:\Owner\Documents\Google Drive\Programs\Scripts\PowerShell\Adsi\dist\4.0.131\Adsi\Adsi.psm1' can be tokenized by the PowerShell parser without any errors" name="PowerShell files in module 'Adsi'.'E:\Owner\Documents\Google Drive\Programs\Scripts\PowerShell\Adsi\dist\4.0.131\Adsi\Adsi.psm1' can be tokenized by the PowerShell parser without any errors" time="0.0635" asserts="0" success="True" result="Success" executed="True" />
                </results>
              </test-suite>
            </results>
          </test-suite>
          <test-suite type="TestFixture" name="module 'Adsi'" executed="True" result="Success" success="True" time="0.1147" asserts="0" description="module 'Adsi'">
            <results>
              <test-suite type="ParameterizedTest" name="module 'Adsi'.can be imported without any errors" executed="True" result="Success" success="True" time="0.0127" asserts="0" description="can be imported without any errors">
                <results>
                  <test-case description="can be imported without any errors" name="module 'Adsi'.can be imported without any errors(&quot;E:\Owner\Documents\Google Drive\Programs\Scripts\PowerShell\Adsi\dist\4.0.131\Adsi\Adsi.psm1&quot;)" time="0.0127" asserts="0" success="True" result="Success" executed="True" />
                </results>
              </test-suite>
            </results>
          </test-suite>
        </results>
      </test-suite>
      <test-suite type="TestFixture" name="E:\Owner\Documents\Google Drive\Programs\Scripts\PowerShell\Adsi\tests\Project.tests.ps1" executed="True" result="Success" success="True" time="0.1899" asserts="0" description="E:\Owner\Documents\Google Drive\Programs\Scripts\PowerShell\Adsi\tests\Project.tests.ps1">
        <results>
          <test-suite type="TestFixture" name="change log" executed="True" result="Success" success="True" time="0.0328" asserts="0" description="change log">
            <results>
              <test-suite type="TestFixture" name="change log.- Version" executed="True" result="Success" success="True" time="0.0158" asserts="0" description="change log.- Version">
                <results>
                  <test-case description="has a valid version" name="change log.- Version.has a valid version" time="0.0057" asserts="0" success="True" result="Success" executed="True" />
                  <test-case description="has the same version as the manifest" name="change log.- Version.has the same version as the manifest" time="0.0037" asserts="0" success="True" result="Success" executed="True" />
                </results>
              </test-suite>
            </results>
          </test-suite>
        </results>
      </test-suite>
    </results>
  </test-suite>
</test-results>