<?xml version="1.0" encoding="utf-8" standalone="no"?>
<test-results xmlns:xsi="http://www.w3.org/2001/XMLSchema-instance" xsi:noNamespaceSchemaLocation="nunit_schema_2.5.xsd" name="Pester" total="607" errors="0" failures="9" not-run="0" inconclusive="0" ignored="0" skipped="3" invalid="0" date="2025-06-01" time="10:57:26">
  <environment nunit-version="2.5.8.0" user="Owner" machine-name="JLA-LOFTHTPC" clr-version="9.0.1" platform="Microsoft Windows 10 Pro|C:\WINDOWS|\Device\Harddisk0\Partition2" user-domain="JLA-LoftHTPC" os-version="10.0.19044" cwd="F:\Owner\OneDrive\Data\Programs\Scripts\PowerShell\Export-Permission\Entire Project\Adsi" />
  <culture-info current-culture="en-US" current-uiculture="en-US" />
  <test-suite type="TestFixture" name="Pester" executed="True" result="Failure" success="False" time="21.8485" asserts="0" description="Pester">
    <results>
      <test-suite type="TestFixture" name="F:\Owner\OneDrive\Data\Programs\Scripts\PowerShell\Export-Permission\Entire Project\Adsi\tests\Function.tests.ps1" executed="True" result="Success" success="True" time="1.7336" asserts="0" description="F:\Owner\OneDrive\Data\Programs\Scripts\PowerShell\Export-Permission\Entire Project\Adsi\tests\Function.tests.ps1">
        <results>
          <test-suite type="TestFixture" name="function 'ConvertFrom-AppCapabilitySID.ps1'" executed="True" result="Success" success="True" time="0.1468" asserts="0" description="function 'ConvertFrom-AppCapabilitySID.ps1'">
            <results>
              <test-suite type="ParameterizedTest" name="function 'ConvertFrom-AppCapabilitySID.ps1'.can be tokenized by the PowerShell parser without any errors" executed="True" result="Success" success="True" time="0.0894" asserts="0" description="can be tokenized by the PowerShell parser without any errors">
                <results>
                  <test-case description="can be tokenized by the PowerShell parser without any errors" name="function 'ConvertFrom-AppCapabilitySID.ps1'.can be tokenized by the PowerShell parser without any errors(&quot;F:\Owner\OneDrive\Data\Programs\Scripts\PowerShell\Export-Permission\Entire Project\Adsi\src\functions\private\ConvertFrom-AppCapabilitySID.ps1&quot;)" time="0.0894" asserts="0" success="True" result="Success" executed="True" />
                </results>
              </test-suite>
              <test-suite type="ParameterizedTest" name="function 'ConvertFrom-AppCapabilitySID.ps1'.runs without throwing errors" executed="True" result="Success" success="True" time="0.0249" asserts="0" description="runs without throwing errors">
                <results>
                  <test-case description="runs without throwing errors" name="function 'ConvertFrom-AppCapabilitySID.ps1'.runs without throwing errors(&quot;F:\Owner\OneDrive\Data\Programs\Scripts\PowerShell\Export-Permission\Entire Project\Adsi\src\functions\private\ConvertFrom-AppCapabilitySID.ps1&quot;)" time="0.0249" asserts="0" success="True" result="Success" executed="True" />
                </results>
              </test-suite>
            </results>
          </test-suite>
          <test-suite type="TestFixture" name="function 'ConvertFrom-ScShowSidResult.ps1'" executed="True" result="Success" success="True" time="0.1634" asserts="0" description="function 'ConvertFrom-ScShowSidResult.ps1'">
            <results>
              <test-suite type="ParameterizedTest" name="function 'ConvertFrom-ScShowSidResult.ps1'.can be tokenized by the PowerShell parser without any errors" executed="True" result="Success" success="True" time="0.0028" asserts="0" description="can be tokenized by the PowerShell parser without any errors">
                <results>
                  <test-case description="can be tokenized by the PowerShell parser without any errors" name="function 'ConvertFrom-ScShowSidResult.ps1'.can be tokenized by the PowerShell parser without any errors(&quot;F:\Owner\OneDrive\Data\Programs\Scripts\PowerShell\Export-Permission\Entire Project\Adsi\src\functions\private\ConvertFrom-ScShowSidResult.ps1&quot;)" time="0.0028" asserts="0" success="True" result="Success" executed="True" />
                </results>
              </test-suite>
              <test-suite type="ParameterizedTest" name="function 'ConvertFrom-ScShowSidResult.ps1'.runs without throwing errors" executed="True" result="Success" success="True" time="0.0077" asserts="0" description="runs without throwing errors">
                <results>
                  <test-case description="runs without throwing errors" name="function 'ConvertFrom-ScShowSidResult.ps1'.runs without throwing errors(&quot;F:\Owner\OneDrive\Data\Programs\Scripts\PowerShell\Export-Permission\Entire Project\Adsi\src\functions\private\ConvertFrom-ScShowSidResult.ps1&quot;)" time="0.0077" asserts="0" success="True" result="Success" executed="True" />
                </results>
              </test-suite>
            </results>
          </test-suite>
          <test-suite type="TestFixture" name="function 'ConvertTo-AccountCache.ps1'" executed="True" result="Success" success="True" time="0.1846" asserts="0" description="function 'ConvertTo-AccountCache.ps1'">
            <results>
              <test-suite type="ParameterizedTest" name="function 'ConvertTo-AccountCache.ps1'.can be tokenized by the PowerShell parser without any errors" executed="True" result="Success" success="True" time="0.0091" asserts="0" description="can be tokenized by the PowerShell parser without any errors">
                <results>
                  <test-case description="can be tokenized by the PowerShell parser without any errors" name="function 'ConvertTo-AccountCache.ps1'.can be tokenized by the PowerShell parser without any errors(&quot;F:\Owner\OneDrive\Data\Programs\Scripts\PowerShell\Export-Permission\Entire Project\Adsi\src\functions\private\ConvertTo-AccountCache.ps1&quot;)" time="0.0091" asserts="0" success="True" result="Success" executed="True" />
                </results>
              </test-suite>
              <test-suite type="ParameterizedTest" name="function 'ConvertTo-AccountCache.ps1'.runs without throwing errors" executed="True" result="Success" success="True" time="0.0062" asserts="0" description="runs without throwing errors">
                <results>
                  <test-case description="runs without throwing errors" name="function 'ConvertTo-AccountCache.ps1'.runs without throwing errors(&quot;F:\Owner\OneDrive\Data\Programs\Scripts\PowerShell\Export-Permission\Entire Project\Adsi\src\functions\private\ConvertTo-AccountCache.ps1&quot;)" time="0.0062" asserts="0" success="True" result="Success" executed="True" />
                </results>
              </test-suite>
            </results>
          </test-suite>
          <test-suite type="TestFixture" name="function 'ConvertTo-DirectoryEntry.ps1'" executed="True" result="Success" success="True" time="0.2202" asserts="0" description="function 'ConvertTo-DirectoryEntry.ps1'">
            <results>
              <test-suite type="ParameterizedTest" name="function 'ConvertTo-DirectoryEntry.ps1'.can be tokenized by the PowerShell parser without any errors" executed="True" result="Success" success="True" time="0.0038" asserts="0" description="can be tokenized by the PowerShell parser without any errors">
                <results>
                  <test-case description="can be tokenized by the PowerShell parser without any errors" name="function 'ConvertTo-DirectoryEntry.ps1'.can be tokenized by the PowerShell parser without any errors(&quot;F:\Owner\OneDrive\Data\Programs\Scripts\PowerShell\Export-Permission\Entire Project\Adsi\src\functions\private\ConvertTo-DirectoryEntry.ps1&quot;)" time="0.0038" asserts="0" success="True" result="Success" executed="True" />
                </results>
              </test-suite>
              <test-suite type="ParameterizedTest" name="function 'ConvertTo-DirectoryEntry.ps1'.runs without throwing errors" executed="True" result="Success" success="True" time="0.0068" asserts="0" description="runs without throwing errors">
                <results>
                  <test-case description="runs without throwing errors" name="function 'ConvertTo-DirectoryEntry.ps1'.runs without throwing errors(&quot;F:\Owner\OneDrive\Data\Programs\Scripts\PowerShell\Export-Permission\Entire Project\Adsi\src\functions\private\ConvertTo-DirectoryEntry.ps1&quot;)" time="0.0068" asserts="0" success="True" result="Success" executed="True" />
                </results>
              </test-suite>
            </results>
          </test-suite>
          <test-suite type="TestFixture" name="function 'ConvertTo-PermissionPrincipal.ps1'" executed="True" result="Success" success="True" time="0.2438" asserts="0" description="function 'ConvertTo-PermissionPrincipal.ps1'">
            <results>
              <test-suite type="ParameterizedTest" name="function 'ConvertTo-PermissionPrincipal.ps1'.can be tokenized by the PowerShell parser without any errors" executed="True" result="Success" success="True" time="0.0063" asserts="0" description="can be tokenized by the PowerShell parser without any errors">
                <results>
                  <test-case description="can be tokenized by the PowerShell parser without any errors" name="function 'ConvertTo-PermissionPrincipal.ps1'.can be tokenized by the PowerShell parser without any errors(&quot;F:\Owner\OneDrive\Data\Programs\Scripts\PowerShell\Export-Permission\Entire Project\Adsi\src\functions\private\ConvertTo-PermissionPrincipal.ps1&quot;)" time="0.0063" asserts="0" success="True" result="Success" executed="True" />
                </results>
              </test-suite>
              <test-suite type="ParameterizedTest" name="function 'ConvertTo-PermissionPrincipal.ps1'.runs without throwing errors" executed="True" result="Success" success="True" time="0.0104" asserts="0" description="runs without throwing errors">
                <results>
                  <test-case description="runs without throwing errors" name="function 'ConvertTo-PermissionPrincipal.ps1'.runs without throwing errors(&quot;F:\Owner\OneDrive\Data\Programs\Scripts\PowerShell\Export-Permission\Entire Project\Adsi\src\functions\private\ConvertTo-PermissionPrincipal.ps1&quot;)" time="0.0104" asserts="0" success="True" result="Success" executed="True" />
                </results>
              </test-suite>
            </results>
          </test-suite>
          <test-suite type="TestFixture" name="function 'ConvertTo-ServiceSID.ps1'" executed="True" result="Success" success="True" time="0.2717" asserts="0" description="function 'ConvertTo-ServiceSID.ps1'">
            <results>
              <test-suite type="ParameterizedTest" name="function 'ConvertTo-ServiceSID.ps1'.can be tokenized by the PowerShell parser without any errors" executed="True" result="Success" success="True" time="0.0078" asserts="0" description="can be tokenized by the PowerShell parser without any errors">
                <results>
                  <test-case description="can be tokenized by the PowerShell parser without any errors" name="function 'ConvertTo-ServiceSID.ps1'.can be tokenized by the PowerShell parser without any errors(&quot;F:\Owner\OneDrive\Data\Programs\Scripts\PowerShell\Export-Permission\Entire Project\Adsi\src\functions\private\ConvertTo-ServiceSID.ps1&quot;)" time="0.0078" asserts="0" success="True" result="Success" executed="True" />
                </results>
              </test-suite>
              <test-suite type="ParameterizedTest" name="function 'ConvertTo-ServiceSID.ps1'.runs without throwing errors" executed="True" result="Success" success="True" time="0.0098" asserts="0" description="runs without throwing errors">
                <results>
                  <test-case description="runs without throwing errors" name="function 'ConvertTo-ServiceSID.ps1'.runs without throwing errors(&quot;F:\Owner\OneDrive\Data\Programs\Scripts\PowerShell\Export-Permission\Entire Project\Adsi\src\functions\private\ConvertTo-ServiceSID.ps1&quot;)" time="0.0098" asserts="0" success="True" result="Success" executed="True" />
                </results>
              </test-suite>
            </results>
          </test-suite>
          <test-suite type="TestFixture" name="function 'ConvertTo-SidString.ps1'" executed="True" result="Success" success="True" time="0.2912" asserts="0" description="function 'ConvertTo-SidString.ps1'">
            <results>
              <test-suite type="ParameterizedTest" name="function 'ConvertTo-SidString.ps1'.can be tokenized by the PowerShell parser without any errors" executed="True" result="Success" success="True" time="0.0033" asserts="0" description="can be tokenized by the PowerShell parser without any errors">
                <results>
                  <test-case description="can be tokenized by the PowerShell parser without any errors" name="function 'ConvertTo-SidString.ps1'.can be tokenized by the PowerShell parser without any errors(&quot;F:\Owner\OneDrive\Data\Programs\Scripts\PowerShell\Export-Permission\Entire Project\Adsi\src\functions\private\ConvertTo-SidString.ps1&quot;)" time="0.0033" asserts="0" success="True" result="Success" executed="True" />
                </results>
              </test-suite>
              <test-suite type="ParameterizedTest" name="function 'ConvertTo-SidString.ps1'.runs without throwing errors" executed="True" result="Success" success="True" time="0.0075" asserts="0" description="runs without throwing errors">
                <results>
                  <test-case description="runs without throwing errors" name="function 'ConvertTo-SidString.ps1'.runs without throwing errors(&quot;F:\Owner\OneDrive\Data\Programs\Scripts\PowerShell\Export-Permission\Entire Project\Adsi\src\functions\private\ConvertTo-SidString.ps1&quot;)" time="0.0075" asserts="0" success="True" result="Success" executed="True" />
                </results>
              </test-suite>
            </results>
          </test-suite>
          <test-suite type="TestFixture" name="function 'Find-AdsiProvider.ps1'" executed="True" result="Success" success="True" time="0.3157" asserts="0" description="function 'Find-AdsiProvider.ps1'">
            <results>
              <test-suite type="ParameterizedTest" name="function 'Find-AdsiProvider.ps1'.can be tokenized by the PowerShell parser without any errors" executed="True" result="Success" success="True" time="0.0047" asserts="0" description="can be tokenized by the PowerShell parser without any errors">
                <results>
                  <test-case description="can be tokenized by the PowerShell parser without any errors" name="function 'Find-AdsiProvider.ps1'.can be tokenized by the PowerShell parser without any errors(&quot;F:\Owner\OneDrive\Data\Programs\Scripts\PowerShell\Export-Permission\Entire Project\Adsi\src\functions\private\Find-AdsiProvider.ps1&quot;)" time="0.0047" asserts="0" success="True" result="Success" executed="True" />
                </results>
              </test-suite>
              <test-suite type="ParameterizedTest" name="function 'Find-AdsiProvider.ps1'.runs without throwing errors" executed="True" result="Success" success="True" time="0.0083" asserts="0" description="runs without throwing errors">
                <results>
                  <test-case description="runs without throwing errors" name="function 'Find-AdsiProvider.ps1'.runs without throwing errors(&quot;F:\Owner\OneDrive\Data\Programs\Scripts\PowerShell\Export-Permission\Entire Project\Adsi\src\functions\private\Find-AdsiProvider.ps1&quot;)" time="0.0083" asserts="0" success="True" result="Success" executed="True" />
                </results>
              </test-suite>
            </results>
          </test-suite>
          <test-suite type="TestFixture" name="function 'Find-CachedWellKnownSid.ps1'" executed="True" result="Success" success="True" time="0.3346" asserts="0" description="function 'Find-CachedWellKnownSid.ps1'">
            <results>
              <test-suite type="ParameterizedTest" name="function 'Find-CachedWellKnownSid.ps1'.can be tokenized by the PowerShell parser without any errors" executed="True" result="Success" success="True" time="0.0031" asserts="0" description="can be tokenized by the PowerShell parser without any errors">
                <results>
                  <test-case description="can be tokenized by the PowerShell parser without any errors" name="function 'Find-CachedWellKnownSid.ps1'.can be tokenized by the PowerShell parser without any errors(&quot;F:\Owner\OneDrive\Data\Programs\Scripts\PowerShell\Export-Permission\Entire Project\Adsi\src\functions\private\Find-CachedWellKnownSid.ps1&quot;)" time="0.0031" asserts="0" success="True" result="Success" executed="True" />
                </results>
              </test-suite>
              <test-suite type="ParameterizedTest" name="function 'Find-CachedWellKnownSid.ps1'.runs without throwing errors" executed="True" result="Success" success="True" time="0.0084" asserts="0" description="runs without throwing errors">
                <results>
                  <test-case description="runs without throwing errors" name="function 'Find-CachedWellKnownSid.ps1'.runs without throwing errors(&quot;F:\Owner\OneDrive\Data\Programs\Scripts\PowerShell\Export-Permission\Entire Project\Adsi\src\functions\private\Find-CachedWellKnownSid.ps1&quot;)" time="0.0084" asserts="0" success="True" result="Success" executed="True" />
                </results>
              </test-suite>
            </results>
          </test-suite>
          <test-suite type="TestFixture" name="function 'Find-WinNTGroupMember.ps1'" executed="True" result="Success" success="True" time="0.3561" asserts="0" description="function 'Find-WinNTGroupMember.ps1'">
            <results>
              <test-suite type="ParameterizedTest" name="function 'Find-WinNTGroupMember.ps1'.can be tokenized by the PowerShell parser without any errors" executed="True" result="Success" success="True" time="0.0076" asserts="0" description="can be tokenized by the PowerShell parser without any errors">
                <results>
                  <test-case description="can be tokenized by the PowerShell parser without any errors" name="function 'Find-WinNTGroupMember.ps1'.can be tokenized by the PowerShell parser without any errors(&quot;F:\Owner\OneDrive\Data\Programs\Scripts\PowerShell\Export-Permission\Entire Project\Adsi\src\functions\private\Find-WinNTGroupMember.ps1&quot;)" time="0.0076" asserts="0" success="True" result="Success" executed="True" />
                </results>
              </test-suite>
              <test-suite type="ParameterizedTest" name="function 'Find-WinNTGroupMember.ps1'.runs without throwing errors" executed="True" result="Success" success="True" time="0.0069" asserts="0" description="runs without throwing errors">
                <results>
                  <test-case description="runs without throwing errors" name="function 'Find-WinNTGroupMember.ps1'.runs without throwing errors(&quot;F:\Owner\OneDrive\Data\Programs\Scripts\PowerShell\Export-Permission\Entire Project\Adsi\src\functions\private\Find-WinNTGroupMember.ps1&quot;)" time="0.0069" asserts="0" success="True" result="Success" executed="True" />
                </results>
              </test-suite>
            </results>
          </test-suite>
          <test-suite type="TestFixture" name="function 'Get-CachedDirectoryEntry.ps1'" executed="True" result="Success" success="True" time="0.3737" asserts="0" description="function 'Get-CachedDirectoryEntry.ps1'">
            <results>
              <test-suite type="ParameterizedTest" name="function 'Get-CachedDirectoryEntry.ps1'.can be tokenized by the PowerShell parser without any errors" executed="True" result="Success" success="True" time="0.0032" asserts="0" description="can be tokenized by the PowerShell parser without any errors">
                <results>
                  <test-case description="can be tokenized by the PowerShell parser without any errors" name="function 'Get-CachedDirectoryEntry.ps1'.can be tokenized by the PowerShell parser without any errors(&quot;F:\Owner\OneDrive\Data\Programs\Scripts\PowerShell\Export-Permission\Entire Project\Adsi\src\functions\private\Get-CachedDirectoryEntry.ps1&quot;)" time="0.0032" asserts="0" success="True" result="Success" executed="True" />
                </results>
              </test-suite>
              <test-suite type="ParameterizedTest" name="function 'Get-CachedDirectoryEntry.ps1'.runs without throwing errors" executed="True" result="Success" success="True" time="0.0074" asserts="0" description="runs without throwing errors">
                <results>
                  <test-case description="runs without throwing errors" name="function 'Get-CachedDirectoryEntry.ps1'.runs without throwing errors(&quot;F:\Owner\OneDrive\Data\Programs\Scripts\PowerShell\Export-Permission\Entire Project\Adsi\src\functions\private\Get-CachedDirectoryEntry.ps1&quot;)" time="0.0074" asserts="0" success="True" result="Success" executed="True" />
                </results>
              </test-suite>
            </results>
          </test-suite>
          <test-suite type="TestFixture" name="function 'Get-DirectoryEntryParentName.ps1'" executed="True" result="Success" success="True" time="0.3938" asserts="0" description="function 'Get-DirectoryEntryParentName.ps1'">
            <results>
              <test-suite type="ParameterizedTest" name="function 'Get-DirectoryEntryParentName.ps1'.can be tokenized by the PowerShell parser without any errors" executed="True" result="Success" success="True" time="0.0029" asserts="0" description="can be tokenized by the PowerShell parser without any errors">
                <results>
                  <test-case description="can be tokenized by the PowerShell parser without any errors" name="function 'Get-DirectoryEntryParentName.ps1'.can be tokenized by the PowerShell parser without any errors(&quot;F:\Owner\OneDrive\Data\Programs\Scripts\PowerShell\Export-Permission\Entire Project\Adsi\src\functions\private\Get-DirectoryEntryParentName.ps1&quot;)" time="0.0029" asserts="0" success="True" result="Success" executed="True" />
                </results>
              </test-suite>
              <test-suite type="ParameterizedTest" name="function 'Get-DirectoryEntryParentName.ps1'.runs without throwing errors" executed="True" result="Success" success="True" time="0.0105" asserts="0" description="runs without throwing errors">
                <results>
                  <test-case description="runs without throwing errors" name="function 'Get-DirectoryEntryParentName.ps1'.runs without throwing errors(&quot;F:\Owner\OneDrive\Data\Programs\Scripts\PowerShell\Export-Permission\Entire Project\Adsi\src\functions\private\Get-DirectoryEntryParentName.ps1&quot;)" time="0.0105" asserts="0" success="True" result="Success" executed="True" />
                </results>
              </test-suite>
            </results>
          </test-suite>
          <test-suite type="TestFixture" name="function 'Get-SidTypeMap.ps1'" executed="True" result="Success" success="True" time="0.4096" asserts="0" description="function 'Get-SidTypeMap.ps1'">
            <results>
              <test-suite type="ParameterizedTest" name="function 'Get-SidTypeMap.ps1'.can be tokenized by the PowerShell parser without any errors" executed="True" result="Success" success="True" time="0.0027" asserts="0" description="can be tokenized by the PowerShell parser without any errors">
                <results>
                  <test-case description="can be tokenized by the PowerShell parser without any errors" name="function 'Get-SidTypeMap.ps1'.can be tokenized by the PowerShell parser without any errors(&quot;F:\Owner\OneDrive\Data\Programs\Scripts\PowerShell\Export-Permission\Entire Project\Adsi\src\functions\private\Get-SidTypeMap.ps1&quot;)" time="0.0027" asserts="0" success="True" result="Success" executed="True" />
                </results>
              </test-suite>
              <test-suite type="ParameterizedTest" name="function 'Get-SidTypeMap.ps1'.runs without throwing errors" executed="True" result="Success" success="True" time="0.0068" asserts="0" description="runs without throwing errors">
                <results>
                  <test-case description="runs without throwing errors" name="function 'Get-SidTypeMap.ps1'.runs without throwing errors(&quot;F:\Owner\OneDrive\Data\Programs\Scripts\PowerShell\Export-Permission\Entire Project\Adsi\src\functions\private\Get-SidTypeMap.ps1&quot;)" time="0.0068" asserts="0" success="True" result="Success" executed="True" />
                </results>
              </test-suite>
            </results>
          </test-suite>
          <test-suite type="TestFixture" name="function 'Invoke-IADsGroupMembersMethod.ps1'" executed="True" result="Success" success="True" time="0.4238" asserts="0" description="function 'Invoke-IADsGroupMembersMethod.ps1'">
            <results>
              <test-suite type="ParameterizedTest" name="function 'Invoke-IADsGroupMembersMethod.ps1'.can be tokenized by the PowerShell parser without any errors" executed="True" result="Success" success="True" time="0.0026" asserts="0" description="can be tokenized by the PowerShell parser without any errors">
                <results>
                  <test-case description="can be tokenized by the PowerShell parser without any errors" name="function 'Invoke-IADsGroupMembersMethod.ps1'.can be tokenized by the PowerShell parser without any errors(&quot;F:\Owner\OneDrive\Data\Programs\Scripts\PowerShell\Export-Permission\Entire Project\Adsi\src\functions\private\Invoke-IADsGroupMembersMethod.ps1&quot;)" time="0.0026" asserts="0" success="True" result="Success" executed="True" />
                </results>
              </test-suite>
              <test-suite type="ParameterizedTest" name="function 'Invoke-IADsGroupMembersMethod.ps1'.runs without throwing errors" executed="True" result="Success" success="True" time="0.0056" asserts="0" description="runs without throwing errors">
                <results>
                  <test-case description="runs without throwing errors" name="function 'Invoke-IADsGroupMembersMethod.ps1'.runs without throwing errors(&quot;F:\Owner\OneDrive\Data\Programs\Scripts\PowerShell\Export-Permission\Entire Project\Adsi\src\functions\private\Invoke-IADsGroupMembersMethod.ps1&quot;)" time="0.0056" asserts="0" success="True" result="Success" executed="True" />
                </results>
              </test-suite>
            </results>
          </test-suite>
          <test-suite type="TestFixture" name="function 'Invoke-ScShowSid.ps1'" executed="True" result="Success" success="True" time="0.4402" asserts="0" description="function 'Invoke-ScShowSid.ps1'">
            <results>
              <test-suite type="ParameterizedTest" name="function 'Invoke-ScShowSid.ps1'.can be tokenized by the PowerShell parser without any errors" executed="True" result="Success" success="True" time="0.0048" asserts="0" description="can be tokenized by the PowerShell parser without any errors">
                <results>
                  <test-case description="can be tokenized by the PowerShell parser without any errors" name="function 'Invoke-ScShowSid.ps1'.can be tokenized by the PowerShell parser without any errors(&quot;F:\Owner\OneDrive\Data\Programs\Scripts\PowerShell\Export-Permission\Entire Project\Adsi\src\functions\private\Invoke-ScShowSid.ps1&quot;)" time="0.0048" asserts="0" success="True" result="Success" executed="True" />
                </results>
              </test-suite>
              <test-suite type="ParameterizedTest" name="function 'Invoke-ScShowSid.ps1'.runs without throwing errors" executed="True" result="Success" success="True" time="0.0056" asserts="0" description="runs without throwing errors">
                <results>
                  <test-case description="runs without throwing errors" name="function 'Invoke-ScShowSid.ps1'.runs without throwing errors(&quot;F:\Owner\OneDrive\Data\Programs\Scripts\PowerShell\Export-Permission\Entire Project\Adsi\src\functions\private\Invoke-ScShowSid.ps1&quot;)" time="0.0056" asserts="0" success="True" result="Success" executed="True" />
                </results>
              </test-suite>
            </results>
          </test-suite>
          <test-suite type="TestFixture" name="function 'Resolve-IdRefAppPkgAuth.ps1'" executed="True" result="Success" success="True" time="0.455" asserts="0" description="function 'Resolve-IdRefAppPkgAuth.ps1'">
            <results>
              <test-suite type="ParameterizedTest" name="function 'Resolve-IdRefAppPkgAuth.ps1'.can be tokenized by the PowerShell parser without any errors" executed="True" result="Success" success="True" time="0.0028" asserts="0" description="can be tokenized by the PowerShell parser without any errors">
                <results>
                  <test-case description="can be tokenized by the PowerShell parser without any errors" name="function 'Resolve-IdRefAppPkgAuth.ps1'.can be tokenized by the PowerShell parser without any errors(&quot;F:\Owner\OneDrive\Data\Programs\Scripts\PowerShell\Export-Permission\Entire Project\Adsi\src\functions\private\Resolve-IdRefAppPkgAuth.ps1&quot;)" time="0.0028" asserts="0" success="True" result="Success" executed="True" />
                </results>
              </test-suite>
              <test-suite type="ParameterizedTest" name="function 'Resolve-IdRefAppPkgAuth.ps1'.runs without throwing errors" executed="True" result="Success" success="True" time="0.006" asserts="0" description="runs without throwing errors">
                <results>
                  <test-case description="runs without throwing errors" name="function 'Resolve-IdRefAppPkgAuth.ps1'.runs without throwing errors(&quot;F:\Owner\OneDrive\Data\Programs\Scripts\PowerShell\Export-Permission\Entire Project\Adsi\src\functions\private\Resolve-IdRefAppPkgAuth.ps1&quot;)" time="0.006" asserts="0" success="True" result="Success" executed="True" />
                </results>
              </test-suite>
            </results>
          </test-suite>
          <test-suite type="TestFixture" name="function 'Resolve-IdRefBuiltIn.ps1'" executed="True" result="Success" success="True" time="0.4959" asserts="0" description="function 'Resolve-IdRefBuiltIn.ps1'">
            <results>
              <test-suite type="ParameterizedTest" name="function 'Resolve-IdRefBuiltIn.ps1'.can be tokenized by the PowerShell parser without any errors" executed="True" result="Success" success="True" time="0.0156" asserts="0" description="can be tokenized by the PowerShell parser without any errors">
                <results>
                  <test-case description="can be tokenized by the PowerShell parser without any errors" name="function 'Resolve-IdRefBuiltIn.ps1'.can be tokenized by the PowerShell parser without any errors(&quot;F:\Owner\OneDrive\Data\Programs\Scripts\PowerShell\Export-Permission\Entire Project\Adsi\src\functions\private\Resolve-IdRefBuiltIn.ps1&quot;)" time="0.0156" asserts="0" success="True" result="Success" executed="True" />
                </results>
              </test-suite>
              <test-suite type="ParameterizedTest" name="function 'Resolve-IdRefBuiltIn.ps1'.runs without throwing errors" executed="True" result="Success" success="True" time="0.0112" asserts="0" description="runs without throwing errors">
                <results>
                  <test-case description="runs without throwing errors" name="function 'Resolve-IdRefBuiltIn.ps1'.runs without throwing errors(&quot;F:\Owner\OneDrive\Data\Programs\Scripts\PowerShell\Export-Permission\Entire Project\Adsi\src\functions\private\Resolve-IdRefBuiltIn.ps1&quot;)" time="0.0112" asserts="0" success="True" result="Success" executed="True" />
                </results>
              </test-suite>
            </results>
          </test-suite>
          <test-suite type="TestFixture" name="function 'Resolve-IdRefCached.ps1'" executed="True" result="Success" success="True" time="0.516" asserts="0" description="function 'Resolve-IdRefCached.ps1'">
            <results>
              <test-suite type="ParameterizedTest" name="function 'Resolve-IdRefCached.ps1'.can be tokenized by the PowerShell parser without any errors" executed="True" result="Success" success="True" time="0.0047" asserts="0" description="can be tokenized by the PowerShell parser without any errors">
                <results>
                  <test-case description="can be tokenized by the PowerShell parser without any errors" name="function 'Resolve-IdRefCached.ps1'.can be tokenized by the PowerShell parser without any errors(&quot;F:\Owner\OneDrive\Data\Programs\Scripts\PowerShell\Export-Permission\Entire Project\Adsi\src\functions\private\Resolve-IdRefCached.ps1&quot;)" time="0.0047" asserts="0" success="True" result="Success" executed="True" />
                </results>
              </test-suite>
              <test-suite type="ParameterizedTest" name="function 'Resolve-IdRefCached.ps1'.runs without throwing errors" executed="True" result="Success" success="True" time="0.0075" asserts="0" description="runs without throwing errors">
                <results>
                  <test-case description="runs without throwing errors" name="function 'Resolve-IdRefCached.ps1'.runs without throwing errors(&quot;F:\Owner\OneDrive\Data\Programs\Scripts\PowerShell\Export-Permission\Entire Project\Adsi\src\functions\private\Resolve-IdRefCached.ps1&quot;)" time="0.0075" asserts="0" success="True" result="Success" executed="True" />
                </results>
              </test-suite>
            </results>
          </test-suite>
          <test-suite type="TestFixture" name="function 'Resolve-IdRefGetDirEntry.ps1'" executed="True" result="Success" success="True" time="0.5467" asserts="0" description="function 'Resolve-IdRefGetDirEntry.ps1'">
            <results>
              <test-suite type="ParameterizedTest" name="function 'Resolve-IdRefGetDirEntry.ps1'.can be tokenized by the PowerShell parser without any errors" executed="True" result="Success" success="True" time="0.0089" asserts="0" description="can be tokenized by the PowerShell parser without any errors">
                <results>
                  <test-case description="can be tokenized by the PowerShell parser without any errors" name="function 'Resolve-IdRefGetDirEntry.ps1'.can be tokenized by the PowerShell parser without any errors(&quot;F:\Owner\OneDrive\Data\Programs\Scripts\PowerShell\Export-Permission\Entire Project\Adsi\src\functions\private\Resolve-IdRefGetDirEntry.ps1&quot;)" time="0.0089" asserts="0" success="True" result="Success" executed="True" />
                </results>
              </test-suite>
              <test-suite type="ParameterizedTest" name="function 'Resolve-IdRefGetDirEntry.ps1'.runs without throwing errors" executed="True" result="Success" success="True" time="0.0103" asserts="0" description="runs without throwing errors">
                <results>
                  <test-case description="runs without throwing errors" name="function 'Resolve-IdRefGetDirEntry.ps1'.runs without throwing errors(&quot;F:\Owner\OneDrive\Data\Programs\Scripts\PowerShell\Export-Permission\Entire Project\Adsi\src\functions\private\Resolve-IdRefGetDirEntry.ps1&quot;)" time="0.0103" asserts="0" success="True" result="Success" executed="True" />
                </results>
              </test-suite>
            </results>
          </test-suite>
          <test-suite type="TestFixture" name="function 'Resolve-IdRefSearchDir.ps1'" executed="True" result="Success" success="True" time="0.5665" asserts="0" description="function 'Resolve-IdRefSearchDir.ps1'">
            <results>
              <test-suite type="ParameterizedTest" name="function 'Resolve-IdRefSearchDir.ps1'.can be tokenized by the PowerShell parser without any errors" executed="True" result="Success" success="True" time="0.0043" asserts="0" description="can be tokenized by the PowerShell parser without any errors">
                <results>
                  <test-case description="can be tokenized by the PowerShell parser without any errors" name="function 'Resolve-IdRefSearchDir.ps1'.can be tokenized by the PowerShell parser without any errors(&quot;F:\Owner\OneDrive\Data\Programs\Scripts\PowerShell\Export-Permission\Entire Project\Adsi\src\functions\private\Resolve-IdRefSearchDir.ps1&quot;)" time="0.0043" asserts="0" success="True" result="Success" executed="True" />
                </results>
              </test-suite>
              <test-suite type="ParameterizedTest" name="function 'Resolve-IdRefSearchDir.ps1'.runs without throwing errors" executed="True" result="Success" success="True" time="0.0081" asserts="0" description="runs without throwing errors">
                <results>
                  <test-case description="runs without throwing errors" name="function 'Resolve-IdRefSearchDir.ps1'.runs without throwing errors(&quot;F:\Owner\OneDrive\Data\Programs\Scripts\PowerShell\Export-Permission\Entire Project\Adsi\src\functions\private\Resolve-IdRefSearchDir.ps1&quot;)" time="0.0081" asserts="0" success="True" result="Success" executed="True" />
                </results>
              </test-suite>
            </results>
          </test-suite>
          <test-suite type="TestFixture" name="function 'Resolve-IdRefSID.ps1'" executed="True" result="Success" success="True" time="0.5889" asserts="0" description="function 'Resolve-IdRefSID.ps1'">
            <results>
              <test-suite type="ParameterizedTest" name="function 'Resolve-IdRefSID.ps1'.can be tokenized by the PowerShell parser without any errors" executed="True" result="Success" success="True" time="0.0051" asserts="0" description="can be tokenized by the PowerShell parser without any errors">
                <results>
                  <test-case description="can be tokenized by the PowerShell parser without any errors" name="function 'Resolve-IdRefSID.ps1'.can be tokenized by the PowerShell parser without any errors(&quot;F:\Owner\OneDrive\Data\Programs\Scripts\PowerShell\Export-Permission\Entire Project\Adsi\src\functions\private\Resolve-IdRefSID.ps1&quot;)" time="0.0051" asserts="0" success="True" result="Success" executed="True" />
                </results>
              </test-suite>
              <test-suite type="ParameterizedTest" name="function 'Resolve-IdRefSID.ps1'.runs without throwing errors" executed="True" result="Success" success="True" time="0.007" asserts="0" description="runs without throwing errors">
                <results>
                  <test-case description="runs without throwing errors" name="function 'Resolve-IdRefSID.ps1'.runs without throwing errors(&quot;F:\Owner\OneDrive\Data\Programs\Scripts\PowerShell\Export-Permission\Entire Project\Adsi\src\functions\private\Resolve-IdRefSID.ps1&quot;)" time="0.007" asserts="0" success="True" result="Success" executed="True" />
                </results>
              </test-suite>
            </results>
          </test-suite>
          <test-suite type="TestFixture" name="function 'Resolve-IdRefSvc.ps1'" executed="True" result="Success" success="True" time="0.6052" asserts="0" description="function 'Resolve-IdRefSvc.ps1'">
            <results>
              <test-suite type="ParameterizedTest" name="function 'Resolve-IdRefSvc.ps1'.can be tokenized by the PowerShell parser without any errors" executed="True" result="Success" success="True" time="0.0031" asserts="0" description="can be tokenized by the PowerShell parser without any errors">
                <results>
                  <test-case description="can be tokenized by the PowerShell parser without any errors" name="function 'Resolve-IdRefSvc.ps1'.can be tokenized by the PowerShell parser without any errors(&quot;F:\Owner\OneDrive\Data\Programs\Scripts\PowerShell\Export-Permission\Entire Project\Adsi\src\functions\private\Resolve-IdRefSvc.ps1&quot;)" time="0.0031" asserts="0" success="True" result="Success" executed="True" />
                </results>
              </test-suite>
              <test-suite type="ParameterizedTest" name="function 'Resolve-IdRefSvc.ps1'.runs without throwing errors" executed="True" result="Success" success="True" time="0.0066" asserts="0" description="runs without throwing errors">
                <results>
                  <test-case description="runs without throwing errors" name="function 'Resolve-IdRefSvc.ps1'.runs without throwing errors(&quot;F:\Owner\OneDrive\Data\Programs\Scripts\PowerShell\Export-Permission\Entire Project\Adsi\src\functions\private\Resolve-IdRefSvc.ps1&quot;)" time="0.0066" asserts="0" success="True" result="Success" executed="True" />
                </results>
              </test-suite>
            </results>
          </test-suite>
          <test-suite type="TestFixture" name="function 'Resolve-SidAuthority.ps1'" executed="True" result="Success" success="True" time="0.6257" asserts="0" description="function 'Resolve-SidAuthority.ps1'">
            <results>
              <test-suite type="ParameterizedTest" name="function 'Resolve-SidAuthority.ps1'.can be tokenized by the PowerShell parser without any errors" executed="True" result="Success" success="True" time="0.0027" asserts="0" description="can be tokenized by the PowerShell parser without any errors">
                <results>
                  <test-case description="can be tokenized by the PowerShell parser without any errors" name="function 'Resolve-SidAuthority.ps1'.can be tokenized by the PowerShell parser without any errors(&quot;F:\Owner\OneDrive\Data\Programs\Scripts\PowerShell\Export-Permission\Entire Project\Adsi\src\functions\private\Resolve-SidAuthority.ps1&quot;)" time="0.0027" asserts="0" success="True" result="Success" executed="True" />
                </results>
              </test-suite>
              <test-suite type="ParameterizedTest" name="function 'Resolve-SidAuthority.ps1'.runs without throwing errors" executed="True" result="Success" success="True" time="0.0116" asserts="0" description="runs without throwing errors">
                <results>
                  <test-case description="runs without throwing errors" name="function 'Resolve-SidAuthority.ps1'.runs without throwing errors(&quot;F:\Owner\OneDrive\Data\Programs\Scripts\PowerShell\Export-Permission\Entire Project\Adsi\src\functions\private\Resolve-SidAuthority.ps1&quot;)" time="0.0116" asserts="0" success="True" result="Success" executed="True" />
                </results>
              </test-suite>
            </results>
          </test-suite>
          <test-suite type="TestFixture" name="function 'Split-DirectoryPath.ps1'" executed="True" result="Success" success="True" time="0.6398" asserts="0" description="function 'Split-DirectoryPath.ps1'">
            <results>
              <test-suite type="ParameterizedTest" name="function 'Split-DirectoryPath.ps1'.can be tokenized by the PowerShell parser without any errors" executed="True" result="Success" success="True" time="0.0025" asserts="0" description="can be tokenized by the PowerShell parser without any errors">
                <results>
                  <test-case description="can be tokenized by the PowerShell parser without any errors" name="function 'Split-DirectoryPath.ps1'.can be tokenized by the PowerShell parser without any errors(&quot;F:\Owner\OneDrive\Data\Programs\Scripts\PowerShell\Export-Permission\Entire Project\Adsi\src\functions\private\Split-DirectoryPath.ps1&quot;)" time="0.0025" asserts="0" success="True" result="Success" executed="True" />
                </results>
              </test-suite>
              <test-suite type="ParameterizedTest" name="function 'Split-DirectoryPath.ps1'.runs without throwing errors" executed="True" result="Success" success="True" time="0.0056" asserts="0" description="runs without throwing errors">
                <results>
                  <test-case description="runs without throwing errors" name="function 'Split-DirectoryPath.ps1'.runs without throwing errors(&quot;F:\Owner\OneDrive\Data\Programs\Scripts\PowerShell\Export-Permission\Entire Project\Adsi\src\functions\private\Split-DirectoryPath.ps1&quot;)" time="0.0056" asserts="0" success="True" result="Success" executed="True" />
                </results>
              </test-suite>
            </results>
          </test-suite>
          <test-suite type="TestFixture" name="function 'Test-AdsiProvider.ps1'" executed="True" result="Success" success="True" time="0.6565" asserts="0" description="function 'Test-AdsiProvider.ps1'">
            <results>
              <test-suite type="ParameterizedTest" name="function 'Test-AdsiProvider.ps1'.can be tokenized by the PowerShell parser without any errors" executed="True" result="Success" success="True" time="0.0024" asserts="0" description="can be tokenized by the PowerShell parser without any errors">
                <results>
                  <test-case description="can be tokenized by the PowerShell parser without any errors" name="function 'Test-AdsiProvider.ps1'.can be tokenized by the PowerShell parser without any errors(&quot;F:\Owner\OneDrive\Data\Programs\Scripts\PowerShell\Export-Permission\Entire Project\Adsi\src\functions\private\Test-AdsiProvider.ps1&quot;)" time="0.0024" asserts="0" success="True" result="Success" executed="True" />
                </results>
              </test-suite>
              <test-suite type="ParameterizedTest" name="function 'Test-AdsiProvider.ps1'.runs without throwing errors" executed="True" result="Success" success="True" time="0.0059" asserts="0" description="runs without throwing errors">
                <results>
                  <test-case description="runs without throwing errors" name="function 'Test-AdsiProvider.ps1'.runs without throwing errors(&quot;F:\Owner\OneDrive\Data\Programs\Scripts\PowerShell\Export-Permission\Entire Project\Adsi\src\functions\private\Test-AdsiProvider.ps1&quot;)" time="0.0059" asserts="0" success="True" result="Success" executed="True" />
                </results>
              </test-suite>
            </results>
          </test-suite>
          <test-suite type="TestFixture" name="function 'Add-DomainFqdnToLdapPath.ps1'" executed="True" result="Success" success="True" time="0.6714" asserts="0" description="function 'Add-DomainFqdnToLdapPath.ps1'">
            <results>
              <test-suite type="ParameterizedTest" name="function 'Add-DomainFqdnToLdapPath.ps1'.can be tokenized by the PowerShell parser without any errors" executed="True" result="Success" success="True" time="0.0026" asserts="0" description="can be tokenized by the PowerShell parser without any errors">
                <results>
                  <test-case description="can be tokenized by the PowerShell parser without any errors" name="function 'Add-DomainFqdnToLdapPath.ps1'.can be tokenized by the PowerShell parser without any errors(&quot;F:\Owner\OneDrive\Data\Programs\Scripts\PowerShell\Export-Permission\Entire Project\Adsi\src\functions\public\Add-DomainFqdnToLdapPath.ps1&quot;)" time="0.0026" asserts="0" success="True" result="Success" executed="True" />
                </results>
              </test-suite>
              <test-suite type="ParameterizedTest" name="function 'Add-DomainFqdnToLdapPath.ps1'.runs without throwing errors" executed="True" result="Success" success="True" time="0.006" asserts="0" description="runs without throwing errors">
                <results>
                  <test-case description="runs without throwing errors" name="function 'Add-DomainFqdnToLdapPath.ps1'.runs without throwing errors(&quot;F:\Owner\OneDrive\Data\Programs\Scripts\PowerShell\Export-Permission\Entire Project\Adsi\src\functions\public\Add-DomainFqdnToLdapPath.ps1&quot;)" time="0.006" asserts="0" success="True" result="Success" executed="True" />
                </results>
              </test-suite>
            </results>
          </test-suite>
          <test-suite type="TestFixture" name="function 'Add-SidInfo.ps1'" executed="True" result="Success" success="True" time="0.6885" asserts="0" description="function 'Add-SidInfo.ps1'">
            <results>
              <test-suite type="ParameterizedTest" name="function 'Add-SidInfo.ps1'.can be tokenized by the PowerShell parser without any errors" executed="True" result="Success" success="True" time="0.0027" asserts="0" description="can be tokenized by the PowerShell parser without any errors">
                <results>
                  <test-case description="can be tokenized by the PowerShell parser without any errors" name="function 'Add-SidInfo.ps1'.can be tokenized by the PowerShell parser without any errors(&quot;F:\Owner\OneDrive\Data\Programs\Scripts\PowerShell\Export-Permission\Entire Project\Adsi\src\functions\public\Add-SidInfo.ps1&quot;)" time="0.0027" asserts="0" success="True" result="Success" executed="True" />
                </results>
              </test-suite>
              <test-suite type="ParameterizedTest" name="function 'Add-SidInfo.ps1'.runs without throwing errors" executed="True" result="Success" success="True" time="0.0083" asserts="0" description="runs without throwing errors">
                <results>
                  <test-case description="runs without throwing errors" name="function 'Add-SidInfo.ps1'.runs without throwing errors(&quot;F:\Owner\OneDrive\Data\Programs\Scripts\PowerShell\Export-Permission\Entire Project\Adsi\src\functions\public\Add-SidInfo.ps1&quot;)" time="0.0083" asserts="0" success="True" result="Success" executed="True" />
                </results>
              </test-suite>
            </results>
          </test-suite>
          <test-suite type="TestFixture" name="function 'ConvertFrom-DirectoryEntry.ps1'" executed="True" result="Success" success="True" time="0.7021" asserts="0" description="function 'ConvertFrom-DirectoryEntry.ps1'">
            <results>
              <test-suite type="ParameterizedTest" name="function 'ConvertFrom-DirectoryEntry.ps1'.can be tokenized by the PowerShell parser without any errors" executed="True" result="Success" success="True" time="0.0023" asserts="0" description="can be tokenized by the PowerShell parser without any errors">
                <results>
                  <test-case description="can be tokenized by the PowerShell parser without any errors" name="function 'ConvertFrom-DirectoryEntry.ps1'.can be tokenized by the PowerShell parser without any errors(&quot;F:\Owner\OneDrive\Data\Programs\Scripts\PowerShell\Export-Permission\Entire Project\Adsi\src\functions\public\ConvertFrom-DirectoryEntry.ps1&quot;)" time="0.0023" asserts="0" success="True" result="Success" executed="True" />
                </results>
              </test-suite>
              <test-suite type="ParameterizedTest" name="function 'ConvertFrom-DirectoryEntry.ps1'.runs without throwing errors" executed="True" result="Success" success="True" time="0.0056" asserts="0" description="runs without throwing errors">
                <results>
                  <test-case description="runs without throwing errors" name="function 'ConvertFrom-DirectoryEntry.ps1'.runs without throwing errors(&quot;F:\Owner\OneDrive\Data\Programs\Scripts\PowerShell\Export-Permission\Entire Project\Adsi\src\functions\public\ConvertFrom-DirectoryEntry.ps1&quot;)" time="0.0056" asserts="0" success="True" result="Success" executed="True" />
                </results>
              </test-suite>
            </results>
          </test-suite>
          <test-suite type="TestFixture" name="function 'ConvertFrom-PropertyValueCollectionToString.ps1'" executed="True" result="Success" success="True" time="0.7185" asserts="0" description="function 'ConvertFrom-PropertyValueCollectionToString.ps1'">
            <results>
              <test-suite type="ParameterizedTest" name="function 'ConvertFrom-PropertyValueCollectionToString.ps1'.can be tokenized by the PowerShell parser without any errors" executed="True" result="Success" success="True" time="0.0022" asserts="0" description="can be tokenized by the PowerShell parser without any errors">
                <results>
                  <test-case description="can be tokenized by the PowerShell parser without any errors" name="function 'ConvertFrom-PropertyValueCollectionToString.ps1'.can be tokenized by the PowerShell parser without any errors(&quot;F:\Owner\OneDrive\Data\Programs\Scripts\PowerShell\Export-Permission\Entire Project\Adsi\src\functions\public\ConvertFrom-PropertyValueCollectionToString.ps1&quot;)" time="0.0022" asserts="0" success="True" result="Success" executed="True" />
                </results>
              </test-suite>
              <test-suite type="ParameterizedTest" name="function 'ConvertFrom-PropertyValueCollectionToString.ps1'.runs without throwing errors" executed="True" result="Success" success="True" time="0.0084" asserts="0" description="runs without throwing errors">
                <results>
                  <test-case description="runs without throwing errors" name="function 'ConvertFrom-PropertyValueCollectionToString.ps1'.runs without throwing errors(&quot;F:\Owner\OneDrive\Data\Programs\Scripts\PowerShell\Export-Permission\Entire Project\Adsi\src\functions\public\ConvertFrom-PropertyValueCollectionToString.ps1&quot;)" time="0.0084" asserts="0" success="True" result="Success" executed="True" />
                </results>
              </test-suite>
            </results>
          </test-suite>
          <test-suite type="TestFixture" name="function 'ConvertFrom-ResolvedID.ps1'" executed="True" result="Success" success="True" time="0.732" asserts="0" description="function 'ConvertFrom-ResolvedID.ps1'">
            <results>
              <test-suite type="ParameterizedTest" name="function 'ConvertFrom-ResolvedID.ps1'.can be tokenized by the PowerShell parser without any errors" executed="True" result="Success" success="True" time="0.0025" asserts="0" description="can be tokenized by the PowerShell parser without any errors">
                <results>
                  <test-case description="can be tokenized by the PowerShell parser without any errors" name="function 'ConvertFrom-ResolvedID.ps1'.can be tokenized by the PowerShell parser without any errors(&quot;F:\Owner\OneDrive\Data\Programs\Scripts\PowerShell\Export-Permission\Entire Project\Adsi\src\functions\public\ConvertFrom-ResolvedID.ps1&quot;)" time="0.0025" asserts="0" success="True" result="Success" executed="True" />
                </results>
              </test-suite>
              <test-suite type="ParameterizedTest" name="function 'ConvertFrom-ResolvedID.ps1'.runs without throwing errors" executed="True" result="Success" success="True" time="0.0053" asserts="0" description="runs without throwing errors">
                <results>
                  <test-case description="runs without throwing errors" name="function 'ConvertFrom-ResolvedID.ps1'.runs without throwing errors(&quot;F:\Owner\OneDrive\Data\Programs\Scripts\PowerShell\Export-Permission\Entire Project\Adsi\src\functions\public\ConvertFrom-ResolvedID.ps1&quot;)" time="0.0053" asserts="0" success="True" result="Success" executed="True" />
                </results>
              </test-suite>
            </results>
          </test-suite>
          <test-suite type="TestFixture" name="function 'ConvertFrom-ResultPropertyValueCollectionToString.ps1'" executed="True" result="Success" success="True" time="0.7552" asserts="0" description="function 'ConvertFrom-ResultPropertyValueCollectionToString.ps1'">
            <results>
              <test-suite type="ParameterizedTest" name="function 'ConvertFrom-ResultPropertyValueCollectionToString.ps1'.can be tokenized by the PowerShell parser without any errors" executed="True" result="Success" success="True" time="0.0108" asserts="0" description="can be tokenized by the PowerShell parser without any errors">
                <results>
                  <test-case description="can be tokenized by the PowerShell parser without any errors" name="function 'ConvertFrom-ResultPropertyValueCollectionToString.ps1'.can be tokenized by the PowerShell parser without any errors(&quot;F:\Owner\OneDrive\Data\Programs\Scripts\PowerShell\Export-Permission\Entire Project\Adsi\src\functions\public\ConvertFrom-ResultPropertyValueCollectionToString.ps1&quot;)" time="0.0108" asserts="0" success="True" result="Success" executed="True" />
                </results>
              </test-suite>
              <test-suite type="ParameterizedTest" name="function 'ConvertFrom-ResultPropertyValueCollectionToString.ps1'.runs without throwing errors" executed="True" result="Success" success="True" time="0.0062" asserts="0" description="runs without throwing errors">
                <results>
                  <test-case description="runs without throwing errors" name="function 'ConvertFrom-ResultPropertyValueCollectionToString.ps1'.runs without throwing errors(&quot;F:\Owner\OneDrive\Data\Programs\Scripts\PowerShell\Export-Permission\Entire Project\Adsi\src\functions\public\ConvertFrom-ResultPropertyValueCollectionToString.ps1&quot;)" time="0.0062" asserts="0" success="True" result="Success" executed="True" />
                </results>
              </test-suite>
            </results>
          </test-suite>
          <test-suite type="TestFixture" name="function 'ConvertFrom-SearchResult.ps1'" executed="True" result="Success" success="True" time="0.7729" asserts="0" description="function 'ConvertFrom-SearchResult.ps1'">
            <results>
              <test-suite type="ParameterizedTest" name="function 'ConvertFrom-SearchResult.ps1'.can be tokenized by the PowerShell parser without any errors" executed="True" result="Success" success="True" time="0.004" asserts="0" description="can be tokenized by the PowerShell parser without any errors">
                <results>
                  <test-case description="can be tokenized by the PowerShell parser without any errors" name="function 'ConvertFrom-SearchResult.ps1'.can be tokenized by the PowerShell parser without any errors(&quot;F:\Owner\OneDrive\Data\Programs\Scripts\PowerShell\Export-Permission\Entire Project\Adsi\src\functions\public\ConvertFrom-SearchResult.ps1&quot;)" time="0.004" asserts="0" success="True" result="Success" executed="True" />
                </results>
              </test-suite>
              <test-suite type="ParameterizedTest" name="function 'ConvertFrom-SearchResult.ps1'.runs without throwing errors" executed="True" result="Success" success="True" time="0.0072" asserts="0" description="runs without throwing errors">
                <results>
                  <test-case description="runs without throwing errors" name="function 'ConvertFrom-SearchResult.ps1'.runs without throwing errors(&quot;F:\Owner\OneDrive\Data\Programs\Scripts\PowerShell\Export-Permission\Entire Project\Adsi\src\functions\public\ConvertFrom-SearchResult.ps1&quot;)" time="0.0072" asserts="0" success="True" result="Success" executed="True" />
                </results>
              </test-suite>
            </results>
          </test-suite>
          <test-suite type="TestFixture" name="function 'ConvertFrom-SidString.ps1'" executed="True" result="Success" success="True" time="0.7991" asserts="0" description="function 'ConvertFrom-SidString.ps1'">
            <results>
              <test-suite type="ParameterizedTest" name="function 'ConvertFrom-SidString.ps1'.can be tokenized by the PowerShell parser without any errors" executed="True" result="Success" success="True" time="0.0077" asserts="0" description="can be tokenized by the PowerShell parser without any errors">
                <results>
                  <test-case description="can be tokenized by the PowerShell parser without any errors" name="function 'ConvertFrom-SidString.ps1'.can be tokenized by the PowerShell parser without any errors(&quot;F:\Owner\OneDrive\Data\Programs\Scripts\PowerShell\Export-Permission\Entire Project\Adsi\src\functions\public\ConvertFrom-SidString.ps1&quot;)" time="0.0077" asserts="0" success="True" result="Success" executed="True" />
                </results>
              </test-suite>
              <test-suite type="ParameterizedTest" name="function 'ConvertFrom-SidString.ps1'.runs without throwing errors" executed="True" result="Success" success="True" time="0.0086" asserts="0" description="runs without throwing errors">
                <results>
                  <test-case description="runs without throwing errors" name="function 'ConvertFrom-SidString.ps1'.runs without throwing errors(&quot;F:\Owner\OneDrive\Data\Programs\Scripts\PowerShell\Export-Permission\Entire Project\Adsi\src\functions\public\ConvertFrom-SidString.ps1&quot;)" time="0.0086" asserts="0" success="True" result="Success" executed="True" />
                </results>
              </test-suite>
            </results>
          </test-suite>
          <test-suite type="TestFixture" name="function 'ConvertTo-DecStringRepresentation.ps1'" executed="True" result="Success" success="True" time="0.8231" asserts="0" description="function 'ConvertTo-DecStringRepresentation.ps1'">
            <results>
              <test-suite type="ParameterizedTest" name="function 'ConvertTo-DecStringRepresentation.ps1'.can be tokenized by the PowerShell parser without any errors" executed="True" result="Success" success="True" time="0.004" asserts="0" description="can be tokenized by the PowerShell parser without any errors">
                <results>
                  <test-case description="can be tokenized by the PowerShell parser without any errors" name="function 'ConvertTo-DecStringRepresentation.ps1'.can be tokenized by the PowerShell parser without any errors(&quot;F:\Owner\OneDrive\Data\Programs\Scripts\PowerShell\Export-Permission\Entire Project\Adsi\src\functions\public\ConvertTo-DecStringRepresentation.ps1&quot;)" time="0.004" asserts="0" success="True" result="Success" executed="True" />
                </results>
              </test-suite>
              <test-suite type="ParameterizedTest" name="function 'ConvertTo-DecStringRepresentation.ps1'.runs without throwing errors" executed="True" result="Success" success="True" time="0.0093" asserts="0" description="runs without throwing errors">
                <results>
                  <test-case description="runs without throwing errors" name="function 'ConvertTo-DecStringRepresentation.ps1'.runs without throwing errors(&quot;F:\Owner\OneDrive\Data\Programs\Scripts\PowerShell\Export-Permission\Entire Project\Adsi\src\functions\public\ConvertTo-DecStringRepresentation.ps1&quot;)" time="0.0093" asserts="0" success="True" result="Success" executed="True" />
                </results>
              </test-suite>
            </results>
          </test-suite>
          <test-suite type="TestFixture" name="function 'ConvertTo-DistinguishedName.ps1'" executed="True" result="Success" success="True" time="0.845" asserts="0" description="function 'ConvertTo-DistinguishedName.ps1'">
            <results>
              <test-suite type="ParameterizedTest" name="function 'ConvertTo-DistinguishedName.ps1'.can be tokenized by the PowerShell parser without any errors" executed="True" result="Success" success="True" time="0.0079" asserts="0" description="can be tokenized by the PowerShell parser without any errors">
                <results>
                  <test-case description="can be tokenized by the PowerShell parser without any errors" name="function 'ConvertTo-DistinguishedName.ps1'.can be tokenized by the PowerShell parser without any errors(&quot;F:\Owner\OneDrive\Data\Programs\Scripts\PowerShell\Export-Permission\Entire Project\Adsi\src\functions\public\ConvertTo-DistinguishedName.ps1&quot;)" time="0.0079" asserts="0" success="True" result="Success" executed="True" />
                </results>
              </test-suite>
              <test-suite type="ParameterizedTest" name="function 'ConvertTo-DistinguishedName.ps1'.runs without throwing errors" executed="True" result="Success" success="True" time="0.0073" asserts="0" description="runs without throwing errors">
                <results>
                  <test-case description="runs without throwing errors" name="function 'ConvertTo-DistinguishedName.ps1'.runs without throwing errors(&quot;F:\Owner\OneDrive\Data\Programs\Scripts\PowerShell\Export-Permission\Entire Project\Adsi\src\functions\public\ConvertTo-DistinguishedName.ps1&quot;)" time="0.0073" asserts="0" success="True" result="Success" executed="True" />
                </results>
              </test-suite>
            </results>
          </test-suite>
          <test-suite type="TestFixture" name="function 'ConvertTo-DomainNetBIOS.ps1'" executed="True" result="Success" success="True" time="0.8605" asserts="0" description="function 'ConvertTo-DomainNetBIOS.ps1'">
            <results>
              <test-suite type="ParameterizedTest" name="function 'ConvertTo-DomainNetBIOS.ps1'.can be tokenized by the PowerShell parser without any errors" executed="True" result="Success" success="True" time="0.0027" asserts="0" description="can be tokenized by the PowerShell parser without any errors">
                <results>
                  <test-case description="can be tokenized by the PowerShell parser without any errors" name="function 'ConvertTo-DomainNetBIOS.ps1'.can be tokenized by the PowerShell parser without any errors(&quot;F:\Owner\OneDrive\Data\Programs\Scripts\PowerShell\Export-Permission\Entire Project\Adsi\src\functions\public\ConvertTo-DomainNetBIOS.ps1&quot;)" time="0.0027" asserts="0" success="True" result="Success" executed="True" />
                </results>
              </test-suite>
              <test-suite type="ParameterizedTest" name="function 'ConvertTo-DomainNetBIOS.ps1'.runs without throwing errors" executed="True" result="Success" success="True" time="0.0064" asserts="0" description="runs without throwing errors">
                <results>
                  <test-case description="runs without throwing errors" name="function 'ConvertTo-DomainNetBIOS.ps1'.runs without throwing errors(&quot;F:\Owner\OneDrive\Data\Programs\Scripts\PowerShell\Export-Permission\Entire Project\Adsi\src\functions\public\ConvertTo-DomainNetBIOS.ps1&quot;)" time="0.0064" asserts="0" success="True" result="Success" executed="True" />
                </results>
              </test-suite>
            </results>
          </test-suite>
          <test-suite type="TestFixture" name="function 'ConvertTo-DomainSidString.ps1'" executed="True" result="Success" success="True" time="0.8785" asserts="0" description="function 'ConvertTo-DomainSidString.ps1'">
            <results>
              <test-suite type="ParameterizedTest" name="function 'ConvertTo-DomainSidString.ps1'.can be tokenized by the PowerShell parser without any errors" executed="True" result="Success" success="True" time="0.0028" asserts="0" description="can be tokenized by the PowerShell parser without any errors">
                <results>
                  <test-case description="can be tokenized by the PowerShell parser without any errors" name="function 'ConvertTo-DomainSidString.ps1'.can be tokenized by the PowerShell parser without any errors(&quot;F:\Owner\OneDrive\Data\Programs\Scripts\PowerShell\Export-Permission\Entire Project\Adsi\src\functions\public\ConvertTo-DomainSidString.ps1&quot;)" time="0.0028" asserts="0" success="True" result="Success" executed="True" />
                </results>
              </test-suite>
              <test-suite type="ParameterizedTest" name="function 'ConvertTo-DomainSidString.ps1'.runs without throwing errors" executed="True" result="Success" success="True" time="0.009" asserts="0" description="runs without throwing errors">
                <results>
                  <test-case description="runs without throwing errors" name="function 'ConvertTo-DomainSidString.ps1'.runs without throwing errors(&quot;F:\Owner\OneDrive\Data\Programs\Scripts\PowerShell\Export-Permission\Entire Project\Adsi\src\functions\public\ConvertTo-DomainSidString.ps1&quot;)" time="0.009" asserts="0" success="True" result="Success" executed="True" />
                </results>
              </test-suite>
            </results>
          </test-suite>
          <test-suite type="TestFixture" name="function 'ConvertTo-FakeDirectoryEntry.ps1'" executed="True" result="Success" success="True" time="0.8939" asserts="0" description="function 'ConvertTo-FakeDirectoryEntry.ps1'">
            <results>
              <test-suite type="ParameterizedTest" name="function 'ConvertTo-FakeDirectoryEntry.ps1'.can be tokenized by the PowerShell parser without any errors" executed="True" result="Success" success="True" time="0.003" asserts="0" description="can be tokenized by the PowerShell parser without any errors">
                <results>
                  <test-case description="can be tokenized by the PowerShell parser without any errors" name="function 'ConvertTo-FakeDirectoryEntry.ps1'.can be tokenized by the PowerShell parser without any errors(&quot;F:\Owner\OneDrive\Data\Programs\Scripts\PowerShell\Export-Permission\Entire Project\Adsi\src\functions\public\ConvertTo-FakeDirectoryEntry.ps1&quot;)" time="0.003" asserts="0" success="True" result="Success" executed="True" />
                </results>
              </test-suite>
              <test-suite type="ParameterizedTest" name="function 'ConvertTo-FakeDirectoryEntry.ps1'.runs without throwing errors" executed="True" result="Success" success="True" time="0.0062" asserts="0" description="runs without throwing errors">
                <results>
                  <test-case description="runs without throwing errors" name="function 'ConvertTo-FakeDirectoryEntry.ps1'.runs without throwing errors(&quot;F:\Owner\OneDrive\Data\Programs\Scripts\PowerShell\Export-Permission\Entire Project\Adsi\src\functions\public\ConvertTo-FakeDirectoryEntry.ps1&quot;)" time="0.0062" asserts="0" success="True" result="Success" executed="True" />
                </results>
              </test-suite>
            </results>
          </test-suite>
          <test-suite type="TestFixture" name="function 'ConvertTo-Fqdn.ps1'" executed="True" result="Success" success="True" time="0.9085" asserts="0" description="function 'ConvertTo-Fqdn.ps1'">
            <results>
              <test-suite type="ParameterizedTest" name="function 'ConvertTo-Fqdn.ps1'.can be tokenized by the PowerShell parser without any errors" executed="True" result="Success" success="True" time="0.0025" asserts="0" description="can be tokenized by the PowerShell parser without any errors">
                <results>
                  <test-case description="can be tokenized by the PowerShell parser without any errors" name="function 'ConvertTo-Fqdn.ps1'.can be tokenized by the PowerShell parser without any errors(&quot;F:\Owner\OneDrive\Data\Programs\Scripts\PowerShell\Export-Permission\Entire Project\Adsi\src\functions\public\ConvertTo-Fqdn.ps1&quot;)" time="0.0025" asserts="0" success="True" result="Success" executed="True" />
                </results>
              </test-suite>
              <test-suite type="ParameterizedTest" name="function 'ConvertTo-Fqdn.ps1'.runs without throwing errors" executed="True" result="Success" success="True" time="0.0058" asserts="0" description="runs without throwing errors">
                <results>
                  <test-case description="runs without throwing errors" name="function 'ConvertTo-Fqdn.ps1'.runs without throwing errors(&quot;F:\Owner\OneDrive\Data\Programs\Scripts\PowerShell\Export-Permission\Entire Project\Adsi\src\functions\public\ConvertTo-Fqdn.ps1&quot;)" time="0.0058" asserts="0" success="True" result="Success" executed="True" />
                </results>
              </test-suite>
            </results>
          </test-suite>
          <test-suite type="TestFixture" name="function 'ConvertTo-HexStringRepresentation.ps1'" executed="True" result="Success" success="True" time="0.926" asserts="0" description="function 'ConvertTo-HexStringRepresentation.ps1'">
            <results>
              <test-suite type="ParameterizedTest" name="function 'ConvertTo-HexStringRepresentation.ps1'.can be tokenized by the PowerShell parser without any errors" executed="True" result="Success" success="True" time="0.0025" asserts="0" description="can be tokenized by the PowerShell parser without any errors">
                <results>
                  <test-case description="can be tokenized by the PowerShell parser without any errors" name="function 'ConvertTo-HexStringRepresentation.ps1'.can be tokenized by the PowerShell parser without any errors(&quot;F:\Owner\OneDrive\Data\Programs\Scripts\PowerShell\Export-Permission\Entire Project\Adsi\src\functions\public\ConvertTo-HexStringRepresentation.ps1&quot;)" time="0.0025" asserts="0" success="True" result="Success" executed="True" />
                </results>
              </test-suite>
              <test-suite type="ParameterizedTest" name="function 'ConvertTo-HexStringRepresentation.ps1'.runs without throwing errors" executed="True" result="Success" success="True" time="0.0061" asserts="0" description="runs without throwing errors">
                <results>
                  <test-case description="runs without throwing errors" name="function 'ConvertTo-HexStringRepresentation.ps1'.runs without throwing errors(&quot;F:\Owner\OneDrive\Data\Programs\Scripts\PowerShell\Export-Permission\Entire Project\Adsi\src\functions\public\ConvertTo-HexStringRepresentation.ps1&quot;)" time="0.0061" asserts="0" success="True" result="Success" executed="True" />
                </results>
              </test-suite>
            </results>
          </test-suite>
          <test-suite type="TestFixture" name="function 'ConvertTo-HexStringRepresentationForLDAPFilterString.ps1'" executed="True" result="Success" success="True" time="0.9412" asserts="0" description="function 'ConvertTo-HexStringRepresentationForLDAPFilterString.ps1'">
            <results>
              <test-suite type="ParameterizedTest" name="function 'ConvertTo-HexStringRepresentationForLDAPFilterString.ps1'.can be tokenized by the PowerShell parser without any errors" executed="True" result="Success" success="True" time="0.0025" asserts="0" description="can be tokenized by the PowerShell parser without any errors">
                <results>
                  <test-case description="can be tokenized by the PowerShell parser without any errors" name="function 'ConvertTo-HexStringRepresentationForLDAPFilterString.ps1'.can be tokenized by the PowerShell parser without any errors(&quot;F:\Owner\OneDrive\Data\Programs\Scripts\PowerShell\Export-Permission\Entire Project\Adsi\src\functions\public\ConvertTo-HexStringRepresentationForLDAPFilterString.ps1&quot;)" time="0.0025" asserts="0" success="True" result="Success" executed="True" />
                </results>
              </test-suite>
              <test-suite type="ParameterizedTest" name="function 'ConvertTo-HexStringRepresentationForLDAPFilterString.ps1'.runs without throwing errors" executed="True" result="Success" success="True" time="0.0063" asserts="0" description="runs without throwing errors">
                <results>
                  <test-case description="runs without throwing errors" name="function 'ConvertTo-HexStringRepresentationForLDAPFilterString.ps1'.runs without throwing errors(&quot;F:\Owner\OneDrive\Data\Programs\Scripts\PowerShell\Export-Permission\Entire Project\Adsi\src\functions\public\ConvertTo-HexStringRepresentationForLDAPFilterString.ps1&quot;)" time="0.0063" asserts="0" success="True" result="Success" executed="True" />
                </results>
              </test-suite>
            </results>
          </test-suite>
          <test-suite type="TestFixture" name="function 'ConvertTo-SidByteArray.ps1'" executed="True" result="Success" success="True" time="0.959" asserts="0" description="function 'ConvertTo-SidByteArray.ps1'">
            <results>
              <test-suite type="ParameterizedTest" name="function 'ConvertTo-SidByteArray.ps1'.can be tokenized by the PowerShell parser without any errors" executed="True" result="Success" success="True" time="0.0024" asserts="0" description="can be tokenized by the PowerShell parser without any errors">
                <results>
                  <test-case description="can be tokenized by the PowerShell parser without any errors" name="function 'ConvertTo-SidByteArray.ps1'.can be tokenized by the PowerShell parser without any errors(&quot;F:\Owner\OneDrive\Data\Programs\Scripts\PowerShell\Export-Permission\Entire Project\Adsi\src\functions\public\ConvertTo-SidByteArray.ps1&quot;)" time="0.0024" asserts="0" success="True" result="Success" executed="True" />
                </results>
              </test-suite>
              <test-suite type="ParameterizedTest" name="function 'ConvertTo-SidByteArray.ps1'.runs without throwing errors" executed="True" result="Success" success="True" time="0.006" asserts="0" description="runs without throwing errors">
                <results>
                  <test-case description="runs without throwing errors" name="function 'ConvertTo-SidByteArray.ps1'.runs without throwing errors(&quot;F:\Owner\OneDrive\Data\Programs\Scripts\PowerShell\Export-Permission\Entire Project\Adsi\src\functions\public\ConvertTo-SidByteArray.ps1&quot;)" time="0.006" asserts="0" success="True" result="Success" executed="True" />
                </results>
              </test-suite>
            </results>
          </test-suite>
          <test-suite type="TestFixture" name="function 'Expand-AdsiGroupMember.ps1'" executed="True" result="Success" success="True" time="0.978" asserts="0" description="function 'Expand-AdsiGroupMember.ps1'">
            <results>
              <test-suite type="ParameterizedTest" name="function 'Expand-AdsiGroupMember.ps1'.can be tokenized by the PowerShell parser without any errors" executed="True" result="Success" success="True" time="0.0029" asserts="0" description="can be tokenized by the PowerShell parser without any errors">
                <results>
                  <test-case description="can be tokenized by the PowerShell parser without any errors" name="function 'Expand-AdsiGroupMember.ps1'.can be tokenized by the PowerShell parser without any errors(&quot;F:\Owner\OneDrive\Data\Programs\Scripts\PowerShell\Export-Permission\Entire Project\Adsi\src\functions\public\Expand-AdsiGroupMember.ps1&quot;)" time="0.0029" asserts="0" success="True" result="Success" executed="True" />
                </results>
              </test-suite>
              <test-suite type="ParameterizedTest" name="function 'Expand-AdsiGroupMember.ps1'.runs without throwing errors" executed="True" result="Success" success="True" time="0.01" asserts="0" description="runs without throwing errors">
                <results>
[...]
                  <test-case description="is compatible with the current processor architecture" name="module manifest ''.- Platform.is compatible with the current processor architecture" time="0.0163" asserts="0" success="True" result="Success" executed="True" />
                </results>
              </test-suite>
              <test-suite type="TestFixture" name="module manifest ''.- Tags" executed="True" result="Failure" success="False" time="0.2805" asserts="0" description="module manifest ''.- Tags">
                <results>
                  <test-case description="has a valid tags section" name="module manifest ''.- Tags.has a valid tags section" time="0.0109" asserts="0" success="False" result="Failure" executed="True">
                    <failure>
                      <message>Expected the value to have type [string[]] or any of its subtypes, but got 'Adsi' with type [string].</message>
                      <stack-trace>at $sourceManifestData.Tags | Should -BeOfType 'System.String[]', F:\Owner\OneDrive\Data\Programs\Scripts\PowerShell\Export-Permission\Entire Project\Adsi\tests\Manifest.tests.ps1:160
at &lt;ScriptBlock&gt;, F:\Owner\OneDrive\Data\Programs\Scripts\PowerShell\Export-Permission\Entire Project\Adsi\tests\Manifest.tests.ps1:160</stack-trace>
                    </failure>
                  </test-case>
                  <test-case description="has a valid tag for the module name" name="module manifest ''.- Tags.has a valid tag for the module name" time="0.0087" asserts="0" success="True" result="Success" executed="True" />
                </results>
              </test-suite>
              <test-suite type="TestFixture" name="module manifest ''.- Functions" executed="True" result="Failure" success="False" time="0.3004" asserts="0" description="module manifest ''.- Functions">
                <results>
                  <test-case description="has a valid FunctionsToExport section" name="module manifest ''.- Functions.has a valid FunctionsToExport section" time="0.0105" asserts="0" success="False" result="Failure" executed="True">
                    <failure>
                      <message>Expected a value, but got $null or empty.</message>
                      <stack-trace>at $sourceManifestData.FunctionsToExport | Should -Not -BeNullOrEmpty, F:\Owner\OneDrive\Data\Programs\Scripts\PowerShell\Export-Permission\Entire Project\Adsi\tests\Manifest.tests.ps1:170
at &lt;ScriptBlock&gt;, F:\Owner\OneDrive\Data\Programs\Scripts\PowerShell\Export-Permission\Entire Project\Adsi\tests\Manifest.tests.ps1:170</stack-trace>
                    </failure>
                  </test-case>
                  <test-case description="does not export any private functions" name="module manifest ''.- Functions.does not export any private functions" time="0.0034" asserts="0" success="True" result="Success" executed="True" />
                </results>
              </test-suite>
              <test-suite type="TestFixture" name="module manifest ''.- Variables" executed="True" result="Failure" success="False" time="0.3244" asserts="0" description="module manifest ''.- Variables">
                <results>
                  <test-case description="has a valid VariablesToExport setting which exports all public variables, or at least an empty array" name="module manifest ''.- Variables.has a valid VariablesToExport setting which exports all public variables, or at least an empty array" time="0.0142" asserts="0" success="False" result="Failure" executed="True">
                    <failure>
                      <message>Expected a value, but got $null or empty.</message>
                      <stack-trace>at $sourceManifestData.VariablesToExport | Should -Not -BeNullOrEmpty, F:\Owner\OneDrive\Data\Programs\Scripts\PowerShell\Export-Permission\Entire Project\Adsi\tests\Manifest.tests.ps1:187
at &lt;ScriptBlock&gt;, F:\Owner\OneDrive\Data\Programs\Scripts\PowerShell\Export-Permission\Entire Project\Adsi\tests\Manifest.tests.ps1:187</stack-trace>
                    </failure>
                  </test-case>
                  <test-case description="does not export any private variables" name="module manifest ''.- Variables.does not export any private variables" time="0.003" asserts="0" success="True" result="Success" executed="True" />
                </results>
              </test-suite>
              <test-suite type="TestFixture" name="module manifest ''.- Formats, Types, and Scripts" executed="True" result="Failure" success="False" time="0.3536" asserts="0" description="module manifest ''.- Formats, Types, and Scripts">
                <results>
                  <test-case description="has a valid FormatsToProcess setting" name="module manifest ''.- Formats, Types, and Scripts.has a valid FormatsToProcess setting" time="0.0094" asserts="0" success="False" result="Failure" executed="True">
                    <failure>
                      <message>Expected a value, but got $null or empty.</message>
                      <stack-trace>at $sourceManifestData.FormatsToProcess | Should -Not -BeNullOrEmpty, F:\Owner\OneDrive\Data\Programs\Scripts\PowerShell\Export-Permission\Entire Project\Adsi\tests\Manifest.tests.ps1:200
at &lt;ScriptBlock&gt;, F:\Owner\OneDrive\Data\Programs\Scripts\PowerShell\Export-Permission\Entire Project\Adsi\tests\Manifest.tests.ps1:200</stack-trace>
                    </failure>
                  </test-case>
                  <test-case description="has a valid TypesToProcess setting" name="module manifest ''.- Formats, Types, and Scripts.has a valid TypesToProcess setting" time="0.0122" asserts="0" success="False" result="Failure" executed="True">
                    <failure>
                      <message>Expected a value, but got $null or empty.</message>
                      <stack-trace>at $sourceManifestData.TypesToProcess | Should -Not -BeNullOrEmpty, F:\Owner\OneDrive\Data\Programs\Scripts\PowerShell\Export-Permission\Entire Project\Adsi\tests\Manifest.tests.ps1:206
at &lt;ScriptBlock&gt;, F:\Owner\OneDrive\Data\Programs\Scripts\PowerShell\Export-Permission\Entire Project\Adsi\tests\Manifest.tests.ps1:206</stack-trace>
                    </failure>
                  </test-case>
                  <test-case description="has a valid ScriptsToProcess setting" name="module manifest ''.- Formats, Types, and Scripts.has a valid ScriptsToProcess setting" time="0.0008" asserts="0" success="False" result="Ignored" executed="False" />
                </results>
              </test-suite>
              <test-suite type="TestFixture" name="module manifest ''.- Help" executed="True" result="Ignored" success="True" time="0.3624" asserts="0" description="module manifest ''.- Help">
                <results>
                  <test-case description="has a valid help section" name="module manifest ''.- Help.has a valid help section" time="0.0007" asserts="0" success="False" result="Ignored" executed="False" />
                </results>
              </test-suite>
            </results>
          </test-suite>
          <test-suite type="TestFixture" name="Git tagging" executed="True" result="Failure" success="False" time="0.4689" asserts="0" description="Git tagging">
            <results>
              <test-suite type="TestFixture" name="Git tagging.- Git tag version ''" executed="True" result="Failure" success="False" time="0.0204" asserts="0" description="Git tagging.- Git tag version ''">
                <results>
                  <test-case description="is a valid version" name="Git tagging.- Git tag version ''.is a valid version" time="0.0109" asserts="0" success="False" result="Failure" executed="True">
                    <failure>
                      <message>Expected a value, but got $null or empty.</message>
                      <stack-trace>at $gitTagVersion | Should -Not -BeNullOrEmpty, F:\Owner\OneDrive\Data\Programs\Scripts\PowerShell\Export-Permission\Entire Project\Adsi\tests\Manifest.tests.ps1:249
at &lt;ScriptBlock&gt;, F:\Owner\OneDrive\Data\Programs\Scripts\PowerShell\Export-Permission\Entire Project\Adsi\tests\Manifest.tests.ps1:249</stack-trace>
                    </failure>
                  </test-case>
                  <test-case description="be greater than the module manifest version in the source code" name="Git tagging.- Git tag version ''.be greater than the module manifest version in the source code" time="0.0032" asserts="0" success="True" result="Success" executed="True" />
                </results>
              </test-suite>
            </results>
          </test-suite>
        </results>
      </test-suite>
      <test-suite type="TestFixture" name="F:\Owner\OneDrive\Data\Programs\Scripts\PowerShell\Export-Permission\Entire Project\Adsi\tests\Metadata.tests.ps1" executed="True" result="Success" success="True" time="0.1048" asserts="0" description="F:\Owner\OneDrive\Data\Programs\Scripts\PowerShell\Export-Permission\Entire Project\Adsi\tests\Metadata.tests.ps1">
        <results>
          <test-suite type="TestFixture" name="text files" executed="True" result="Success" success="True" time="0.0221" asserts="0" description="text files">
            <results>
              <test-suite type="TestFixture" name="text files.- File Encoding" executed="True" result="Success" success="True" time="0.008" asserts="0" description="text files.- File Encoding">
                <results>
                  <test-case description="do not use Unicode/UTF-16 encoding" name="text files.- File Encoding.do not use Unicode/UTF-16 encoding" time="0.0022" asserts="0" success="True" result="Success" executed="True" />
                </results>
              </test-suite>
              <test-suite type="TestFixture" name="text files.- Indentations" executed="True" result="Success" success="True" time="0.0162" asserts="0" description="text files.- Indentations">
                <results>
                  <test-case description="do not use tabs for indentations" name="text files.- Indentations.do not use tabs for indentations" time="0.0022" asserts="0" success="True" result="Success" executed="True" />
                </results>
              </test-suite>
            </results>
          </test-suite>
        </results>
      </test-suite>
      <test-suite type="TestFixture" name="F:\Owner\OneDrive\Data\Programs\Scripts\PowerShell\Export-Permission\Entire Project\Adsi\tests\Module.tests.ps1" executed="True" result="Success" success="True" time="0.2571" asserts="0" description="F:\Owner\OneDrive\Data\Programs\Scripts\PowerShell\Export-Permission\Entire Project\Adsi\tests\Module.tests.ps1">
        <results>
          <test-suite type="TestFixture" name="PowerShell files in module 'Adsi'" executed="True" result="Success" success="True" time="0.1044" asserts="0" description="PowerShell files in module 'Adsi'">
            <results>
              <test-suite type="ParameterizedTest" name="PowerShell files in module 'Adsi'.'&lt;Script&gt;' can be tokenized by the PowerShell parser without any errors" executed="True" result="Success" success="True" time="0.0981" asserts="0" description="'&lt;Script&gt;' can be tokenized by the PowerShell parser without any errors">
                <results>
                  <test-case description="'F:\Owner\OneDrive\Data\Programs\Scripts\PowerShell\Export-Permission\Entire Project\Adsi\dist\5.0.362\Adsi\Adsi.psd1' can be tokenized by the PowerShell parser without any errors" name="PowerShell files in module 'Adsi'.'F:\Owner\OneDrive\Data\Programs\Scripts\PowerShell\Export-Permission\Entire Project\Adsi\dist\5.0.362\Adsi\Adsi.psd1' can be tokenized by the PowerShell parser without any errors" time="0.014" asserts="0" success="True" result="Success" executed="True" />
                  <test-case description="'F:\Owner\OneDrive\Data\Programs\Scripts\PowerShell\Export-Permission\Entire Project\Adsi\dist\5.0.362\Adsi\Adsi.psm1' can be tokenized by the PowerShell parser without any errors" name="PowerShell files in module 'Adsi'.'F:\Owner\OneDrive\Data\Programs\Scripts\PowerShell\Export-Permission\Entire Project\Adsi\dist\5.0.362\Adsi\Adsi.psm1' can be tokenized by the PowerShell parser without any errors" time="0.0841" asserts="0" success="True" result="Success" executed="True" />
                </results>
              </test-suite>
            </results>
          </test-suite>
          <test-suite type="TestFixture" name="module 'Adsi'" executed="True" result="Success" success="True" time="0.2043" asserts="0" description="module 'Adsi'">
            <results>
              <test-suite type="ParameterizedTest" name="module 'Adsi'.can be imported without any errors" executed="True" result="Success" success="True" time="0.0935" asserts="0" description="can be imported without any errors">
                <results>
                  <test-case description="can be imported without any errors" name="module 'Adsi'.can be imported without any errors(&quot;F:\Owner\OneDrive\Data\Programs\Scripts\PowerShell\Export-Permission\Entire Project\Adsi\dist\5.0.362\Adsi\Adsi.psm1&quot;)" time="0.0935" asserts="0" success="True" result="Success" executed="True" />
                </results>
              </test-suite>
            </results>
          </test-suite>
        </results>
      </test-suite>
      <test-suite type="TestFixture" name="F:\Owner\OneDrive\Data\Programs\Scripts\PowerShell\Export-Permission\Entire Project\Adsi\tests\Project.tests.ps1" executed="True" result="Success" success="True" time="0.1643" asserts="0" description="F:\Owner\OneDrive\Data\Programs\Scripts\PowerShell\Export-Permission\Entire Project\Adsi\tests\Project.tests.ps1">
        <results>
          <test-suite type="TestFixture" name="change log" executed="True" result="Success" success="True" time="0.0234" asserts="0" description="change log">
            <results>
              <test-suite type="TestFixture" name="change log.- Version" executed="True" result="Success" success="True" time="0.0172" asserts="0" description="change log.- Version">
                <results>
                  <test-case description="has a valid version" name="change log.- Version.has a valid version" time="0.0077" asserts="0" success="True" result="Success" executed="True" />
                  <test-case description="has the same version as the manifest" name="change log.- Version.has the same version as the manifest" time="0.0031" asserts="0" success="True" result="Success" executed="True" />
                </results>
              </test-suite>
            </results>
          </test-suite>
        </results>
      </test-suite>
      <test-suite type="TestFixture" name="F:\Owner\OneDrive\Data\Programs\Scripts\PowerShell\Export-Permission\Entire Project\Adsi\tests\functions\public\Invoke-FileWithOutputPrefix.tests.ps1" executed="True" result="Success" success="True" time="14.0678" asserts="0" description="F:\Owner\OneDrive\Data\Programs\Scripts\PowerShell\Export-Permission\Entire Project\Adsi\tests\functions\public\Invoke-FileWithOutputPrefix.tests.ps1">
        <results>
          <test-suite type="TestFixture" name="Invoke-FileWithOutputPrefix" executed="True" result="Success" success="True" time="13.9979" asserts="0" description="Invoke-FileWithOutputPrefix">
            <results>
              <test-suite type="TestFixture" name="Invoke-FileWithOutputPrefix.npm install output collection" executed="True" result="Success" success="True" time="8.1458" asserts="0" description="Invoke-FileWithOutputPrefix.npm install output collection">
                <results>
                  <test-case description="should collect npm install output with expected ending lines" name="Invoke-FileWithOutputPrefix.npm install output collection.should collect npm install output with expected ending lines" time="1.9822" asserts="0" success="True" result="Success" executed="True" />
                  <test-case description="should handle command execution without PassThru parameter" name="Invoke-FileWithOutputPrefix.npm install output collection.should handle command execution without PassThru parameter" time="1.4271" asserts="0" success="True" result="Success" executed="True" />
                  <test-case description="should properly handle exit codes" name="Invoke-FileWithOutputPrefix.npm install output collection.should properly handle exit codes" time="1.1869" asserts="0" success="True" result="Success" executed="True" />
                  <test-case description="should return output when PassThru is specified" name="Invoke-FileWithOutputPrefix.npm install output collection.should return output when PassThru is specified" time="1.2238" asserts="0" success="True" result="Success" executed="True" />
                  <test-case description="should apply output prefixes correctly" name="Invoke-FileWithOutputPrefix.npm install output collection.should apply output prefixes correctly" time="1.1459" asserts="0" success="True" result="Success" executed="True" />
                  <test-case description="should handle environment variables" name="Invoke-FileWithOutputPrefix.npm install output collection.should handle environment variables" time="1.1494" asserts="0" success="True" result="Success" executed="True" />
                </results>
              </test-suite>
              <test-suite type="TestFixture" name="Invoke-FileWithOutputPrefix.parameter validation" executed="True" result="Success" success="True" time="11.6691" asserts="0" description="Invoke-FileWithOutputPrefix.parameter validation">
                <results>
                  <test-case description="should require Command parameter" name="Invoke-FileWithOutputPrefix.parameter validation.should require Command parameter" time="0.0057" asserts="0" success="True" result="Success" executed="True" />
                  <test-case description="should accept ArgumentArray parameter" name="Invoke-FileWithOutputPrefix.parameter validation.should accept ArgumentArray parameter" time="1.1433" asserts="0" success="True" result="Success" executed="True" />
                  <test-case description="should accept ArgumentString parameter" name="Invoke-FileWithOutputPrefix.parameter validation.should accept ArgumentString parameter" time="1.1394" asserts="0" success="True" result="Success" executed="True" />
                  <test-case description="should use current directory as default WorkingDirectory" name="Invoke-FileWithOutputPrefix.parameter validation.should use current directory as default WorkingDirectory" time="1.229" asserts="0" success="True" result="Success" executed="True" />
                </results>
              </test-suite>
              <test-suite type="TestFixture" name="Invoke-FileWithOutputPrefix.output handling edge cases" executed="True" result="Success" success="True" time="13.9923" asserts="0" description="Invoke-FileWithOutputPrefix.output handling edge cases">
                <results>
                  <test-case description="should handle commands with no output" name="Invoke-FileWithOutputPrefix.output handling edge cases.should handle commands with no output" time="1.1627" asserts="0" success="True" result="Success" executed="True" />
                  <test-case description="should handle commands with large output" name="Invoke-FileWithOutputPrefix.output handling edge cases.should handle commands with large output" time="1.1533" asserts="0" success="True" result="Success" executed="True" />
                </results>
              </test-suite>
            </results>
          </test-suite>
        </results>
      </test-suite>
    </results>
  </test-suite>
</test-results>